FEKO      Version  55.353       from 2009-08-10 (FEKO Suite 5.5)
          PREFEKO version 34.46-92 from 2009-08-10                    BINARY
          CADFEKO_BATCH version 5.0.124623 from Aug 11 2009           
          Copyright (c) 1999-2009 EM Software & Systems-S.A. (Pty) Ltd     
          Intel(R) MKL version 10.2 (build 20090616) on Intel(R) Pentium(R) 4 processor with SSE3 (1 thread)
Computer: PC WIN32 MKL -- Supersonic                        
          Professional  (Build 7600), Version 6.1.7600
          Genuine Intel(R) CPU           T2400  @ 1.83GHz; GenuineIntel family 6 model 14 stepping 8 brand id 0
          1 physical CPU with a total of 2 processors found (multi-core CPU with max. 2 cores per physical CPU)
Date:     2011-02-19 21:13:22                     
File:     Yagui3_Gamma_Match_opt_3
Memory:   Limited to    2.000 GByte, reason  160
MD5 Check:02671F482476A30E2284578D590F90C9
MD5 Total:41E1E39E37B871D2B826151DC804A874
Licence:  Nodelocked licence no.                                 

 Number of cores found on this CPU:  2
 (that many parallel processes may be run with your sequential FEKO licence)
 NOTE    35127: You are running a sequential version of FEKO, but it was detected that your CPU has more than one core. For best performance, it would be recommended to run the parallel FEKO kernel (your licence allows this)

          Scaling of the geometry with factor SKAL =  1.00000E-02

          Length of the segments in m:         1.13308933


                                DATA FOR MEMORY USAGE

 Number of metallic triangles:            0                   max. triangles:MAXNDR   =        0
 Number of dielectric triangles:          0
 Number of diel. GO triangles:            0
 Number of diel. windscreen tr.:          0
 Number of FEM surface triangles:         0
 Number of modal port triangles:          0
 Number of metallic segments:            24                   max. segments: MAXNSEG  =       24
 Number dielectr./magnet. cuboids:        0                   max. cuboids:  MAXNQUA  =        0
 Number of tetrahedral elements:          0                   max. tetrah.:  MAXNTETRA=        0
 Number of edges in PO region:            0                   max. edges:    MAXPOKA  =        0
 Number of wedges in PO region:           0                   max. wedges:   MAXPOKL  =        0
 Number of Fock regions:                  0                   max. Fock reg.:MAXFOGE  =        0
 Number of polygonal surfaces:            0                   max. surfaces: MAXPOLYF =        0
                                                              max. corner p.:MAXPOLYP =        0
 Number of UTD cylinders:                 0

 Number of metallic edges (MoM):            0  unknown:        0   max. edges:   MAXNKA    =        0
                                            0  unknown:        0   (magnet.) 
 Number of metallic edges (PO):             0  unknown:        0   (electr.)         0 (magnet.)
 Number of dielectric edges (MoM):          0  unknown:        0   (electr.) 
                                            0                  0   (magnet.) 
 Number of dielectric edges (PO):           0  unknown:        0   (electr.)         0 (magnet.)
 Number of edges FEM/MoM surface:           0  unknown:        0   (electr.) 
                                            0                  0   (magnet.) 
 Number of nodes between segments:         21  unknown:       21   max. nodes:   MAXNKNO   =       46
 Number of connection points:               0  unknown:        0   max. conn.:   MAXNV     =        0
 Number of dielectric cuboids:              0  unknown:        0   max. cuboids: MAXNQUA   =        0
 Number of magnetic cuboids:                0  unknown:        0

 Number of basis funct. for MoM:           21  unknown:       21   max. basisf.  MAXNZEILE =       46
 Number of basis funct. for PO:             0  unknown:        0   max. basisf.  MAXNKAPO  =        0

 read from input file:                             
FR       0    0    0    0    0 4.330E+08 0.000E+00 0.000E+00 0.000E+00 0.000E+00 0.000E+00 0.000E+00 0.000E+00
 read from input file:                             
A1       0    9    0    0    0 1.000E+00 0.000E+00 0.000E+00 0.000E+00 0.000E+00 0.000E+00 0.000E+00 0.000E+00
 read from input file:                             
A1       1    4    0    0    0-1.000E+00 0.000E+00 0.000E+00 0.000E+00 0.000E+00 0.000E+00 0.000E+00 0.000E+00
 read from input file:                             
DA       0    0    0    0    0 0.000E+00 0.000E+00 0.000E+00 0.000E+00 0.000E+00 0.000E+00 0.000E+00 0.000E+00
 read from input file:                             
DA       0    0    0    0    0 0.000E+00 0.000E+00 0.000E+00 0.000E+00 0.000E+00 0.000E+00 0.000E+00 0.000E+00
 read from input file:                             
OF       1    0    0    0    0 0.000E+00 0.000E+00 0.000E+00 0.000E+00 0.000E+00 0.000E+00 0.000E+00 0.000E+00
 read from input file:                             
FF       1  181    1    0    0-1.800E+02 0.000E+00 2.000E+00 0.000E+00 0.000E+00 0.000E+00 0.000E+00 0.000E+00


                              DATA FOR DIELECTRIC MEDIA

internal  relative     relative  conductivity   tan(delta)    tan(delta)    wavelength   mass density    volume     medium
index  permittivity permeability   in S/m       (electric)    (magnetic)       in m       in kg/m^3      in m^3
    0      1.00000      1.00000  0.00000E+00   0.00000E+00   0.00000E+00   6.92361E-01   0.00000E+00    infinite    0


                    EXCITATION BY VOLTAGE SOURCE AT SEGMENT

 Name:                        VoltageSource1
 Number of voltage source:    N =      1
 Frequency in Hz:             FREQ =  4.33000E+08
 Wavelength in m:             LAMBDA =  6.92361E-01
 Open circuit voltage in V:   |U0| =  1.00000E+00
 Phase in deg.:               ARG(U0) =     0.00
 Source at segment w. label:  ULA = Union2.Wire132.Port1
 Absolute number of segment:  UNR =     24
 Location of the excit. in m: X =  0.00000E+00
                              Y =  9.61613E-03
                              Z = -1.92962E-02
 Positive feed direction:     X =  0.00000E+00
                              Y =  1.00000E+00
                              Z =  0.00000E+00



                    EXCITATION BY VOLTAGE SOURCE AT SEGMENT

 Name:                        VoltageSource2
 Number of voltage source:    N =      2
 Frequency in Hz:             FREQ =  4.33000E+08
 Wavelength in m:             LAMBDA =  6.92361E-01
 Open circuit voltage in V:   |U0| =  1.00000E+00
 Phase in deg.:               ARG(U0) =  -180.00
 Source at segment w. label:  ULA = Union2.Wire131.Port2
 Absolute number of segment:  UNR =     16
 Location of the excit. in m: X =  0.00000E+00
                              Y = -9.61613E-03
                              Z =  0.00000E+00
 Positive feed direction:     X =  0.00000E+00
                              Y =  1.00000E+00
                              Z =  0.00000E+00



                         DATA FOR THE GREEN'S FUNCTION

                                   free space


               All segments and triangles are perfectly conducting


                          DATA FOR STORAGE OF THE MATRIX

 Storage using single precision

 Memory requirement for MoM matrix:        32 rows *       21 columns =         672 complex numbers
 For the MoM matrix, a memory of          672 complex numbers is used (i.e.    5.250 kByte)
 Storing the matrix and solving the linear set of equations in main memory (case 1)

     A total memory of   25.651 kByte has been allocated dynamically
     (peak memory usage so far   25.651 kByte)



                    PRE-CONDITIONING OF THE LINEAR SET OF EQUATIONS

               Selected algorithm:     PCFLAG =    1
               CPU time for preconditioning:       0.000 seconds


                    SOLUTION OF THE LINEAR SET OF EQUATIONS WITH LAPAGAU

               Block size for the LU decomp.:    64
               Condition number of the matrix:  1.49152E+02

               Floating point performance for LU decomposition:
                    Not determined since computation time too short

     CPU time for solving the linear set of equations:       0.001 seconds


                         DATA OF THE VOLTAGE SOURCE NO.     1

                    real part  imag. part     magn.         phase
 Current   in A    7.7102E-05 -4.8308E-04  4.8919E-04      -80.93
 Admitt.   in A/V  7.7102E-05 -4.8308E-04  4.8919E-04      -80.93
 Impedance in Ohm  3.2219E+02  2.0186E+03  2.0442E+03       80.93
 Inductance  in H  7.4198E-07

                                   Power in Watt: 3.85510E-05


                         DATA OF THE VOLTAGE SOURCE NO.     2

                    real part  imag. part     magn.         phase
 Current   in A   -5.0996E-04  7.5495E-03  7.5667E-03       93.86
 Admitt.   in A/V  5.0996E-04 -7.5495E-03  7.5667E-03      -86.14
 Impedance in Ohm  8.9069E+00  1.3186E+02  1.3216E+02       86.14
 Inductance  in H  4.8466E-08

                                   Power in Watt: 2.54982E-04



                              SUMMARY OF LOSSES

          Metallic elements:                          0.0000E+00 W
          Dielectric (surface equiv. princ.):         0.0000E+00 W
          Dielectric (volume equiv. princ.):          0.0000E+00 W
          Dielectric (FEM region):                    0.0000E+00 W
          Mismatch at feed:                           0.0000E+00 W
          Non-radiating networks:                     0.0000E+00 W
          Backward power at passive waveguide ports:  0.0000E+00 W
          Backward power at passive modal ports:      0.0000E+00 W
                                                     -------------
                Sum of all losses:                    0.0000E+00 W

          Efficiency of the antenna:                    100.0000 %
          (based on a total active power:             2.9353E-04 W)


 Far-field request with name: FarField2



      VALUES OF THE SCATTERED ELECTRIC FIELD STRENGTH IN THE FAR FIELD in V
                    Factor e^(-j*BETA*R)/R not considered

          The following offset is in effect for the co-ordinates:
          X= 0.00000E+00 m  Y= 0.00000E+00 m  Z= 0.00000E+00 m

       LOCATION          ETHETA             EPHI              directivity in dB             POLARISATION
   THETA    PHI      magn.    phase     magn.    phase     vert.     horiz.    total     axial r. angle   direction
 -180.00    0.00   0.000E+00    0.00  7.554E-02 -134.86  -999.9999   -4.8910   -4.8910   0.0000    90.00   LINEAR
 -178.00    0.00   1.475E-03 -170.75  7.707E-02 -139.86   -39.0772   -4.7173   -4.7157   0.0098   -90.94   LEFT  
 -176.00    0.00   2.949E-03 -170.76  7.839E-02 -144.37   -33.0619   -4.5696   -4.5634   0.0167   -91.93   LEFT  
 -174.00    0.00   4.419E-03 -170.78  7.939E-02 -148.46   -29.5488   -4.4595   -4.4461   0.0211   -92.95   LEFT  
 -172.00    0.00   5.884E-03 -170.80  7.998E-02 -152.21   -27.0623   -4.3953   -4.3718   0.0233   -93.99   LEFT  
 -170.00    0.00   7.341E-03 -170.83  8.010E-02 -155.71   -25.1399   -4.3826   -4.3463   0.0237   -95.06   LEFT  
 -168.00    0.00   8.790E-03 -170.86  7.970E-02 -159.01   -23.5755   -4.4259   -4.3734   0.0224   -96.16   LEFT  
 -166.00    0.00   1.023E-02 -170.90  7.876E-02 -162.19   -22.2594   -4.5285   -4.4559   0.0193   -97.32   LEFT  
 -164.00    0.00   1.165E-02 -170.94  7.728E-02 -165.30   -21.1260   -4.6934   -4.5957   0.0145   -98.54   LEFT  
 -162.00    0.00   1.307E-02 -170.99  7.526E-02 -168.41   -20.1329   -4.9233   -4.7944   0.0076   -99.84   LEFT  
 -160.00    0.00   1.446E-02 -171.05  7.273E-02 -171.58   -19.2512   -5.2212   -5.0528   0.0018  -101.25   RIGHT 
 -158.00    0.00   1.584E-02 -171.11  6.971E-02 -174.90   -18.4605   -5.5897   -5.3711   0.0143  -102.78   RIGHT 
 -156.00    0.00   1.720E-02 -171.18  6.625E-02 -178.46   -17.7455   -6.0315   -5.7482   0.0308  -104.45   RIGHT 
 -154.00    0.00   1.854E-02 -171.25  6.242E-02  177.65   -17.0946   -6.5484   -6.1814   0.0527  -106.29   RIGHT 
 -152.00    0.00   1.985E-02 -171.33  5.831E-02  173.26   -16.4989   -7.1406   -6.6643   0.0816  -108.30   RIGHT 
 -150.00    0.00   2.114E-02 -171.42  5.402E-02  168.22   -15.9514   -7.8044   -7.1853   0.1198  -110.46   RIGHT 
 -148.00    0.00   2.241E-02 -171.51  4.970E-02  162.29   -15.4462   -8.5282   -7.7244   0.1702  -112.72   RIGHT 
 -146.00    0.00   2.365E-02 -171.60  4.554E-02  155.21   -14.9789   -9.2864   -8.2496   0.2364  -114.98   RIGHT 
 -144.00    0.00   2.486E-02 -171.70  4.181E-02  146.70   -14.5453  -10.0292   -8.7146   0.3218  -116.99   RIGHT 
 -142.00    0.00   2.604E-02 -171.81  3.882E-02  136.57   -14.1425  -10.6735   -9.0602   0.4296  -118.28   RIGHT 
 -140.00    0.00   2.719E-02 -171.91  3.694E-02  124.91   -13.7676  -11.1048   -9.2250   0.5592  -117.70   RIGHT 
 -138.00    0.00   2.830E-02 -172.03  3.649E-02  112.31   -13.4183  -11.2113   -9.1658   0.6974  -111.98   RIGHT 
 -136.00    0.00   2.938E-02 -172.15  3.763E-02   99.75   -13.0927  -10.9438   -8.8764   0.7791   -93.78   RIGHT 
 -134.00    0.00   3.043E-02 -172.27  4.030E-02   88.25   -12.7891  -10.3500   -8.3902   0.7208   -74.97   RIGHT 
 -132.00    0.00   3.144E-02 -172.40  4.423E-02   78.37   -12.5059   -9.5406   -7.7647   0.6139   -68.29   RIGHT 
 -130.00    0.00   3.241E-02 -172.53  4.912E-02   70.23   -12.2419   -8.6291   -7.0599   0.5186   -66.54   RIGHT 
 -128.00    0.00   3.334E-02 -172.66  5.469E-02   63.63   -11.9960   -7.6976   -6.3251   0.4419   -66.44   RIGHT 
 -126.00    0.00   3.423E-02 -172.80  6.068E-02   58.30   -11.7671   -6.7947   -5.5947   0.3815   -66.95   RIGHT 
 -124.00    0.00   3.508E-02 -172.94  6.691E-02   53.98   -11.5544   -5.9451   -4.8905   0.3339   -67.68   RIGHT 
 -122.00    0.00   3.588E-02 -173.09  7.325E-02   50.46   -11.3571   -5.1591   -4.2249   0.2960   111.53   RIGHT 
 -120.00    0.00   3.665E-02 -173.24  7.958E-02   47.56   -11.1745   -4.4393   -3.6041   0.2658   110.75   RIGHT 
 -118.00    0.00   3.736E-02 -173.39  8.581E-02   45.16   -11.0061   -3.7846   -3.0305   0.2414   110.02   RIGHT 
 -116.00    0.00   3.804E-02 -173.55  9.187E-02   43.17   -10.8513   -3.1917   -2.5046   0.2217   109.35   RIGHT 
 -114.00    0.00   3.866E-02 -173.70  9.770E-02   41.50   -10.7096   -2.6572   -2.0254   0.2056   108.74   RIGHT 
 -112.00    0.00   3.924E-02 -173.86  1.033E-01   40.12   -10.5806   -2.1772   -1.5913   0.1925   108.19   RIGHT 
 -110.00    0.00   3.977E-02 -174.03  1.085E-01   38.97   -10.4639   -1.7482   -1.2005   0.1818   107.70   RIGHT 
 -108.00    0.00   4.025E-02 -174.19  1.133E-01   38.02   -10.3593   -1.3670   -0.8511   0.1731   107.26   RIGHT 
 -106.00    0.00   4.069E-02 -174.36  1.178E-01   37.25   -10.2663   -1.0306   -0.5414   0.1662   106.87   RIGHT 
 -104.00    0.00   4.107E-02 -174.52  1.219E-01   36.64   -10.1849   -0.7367   -0.2696   0.1606   106.52   RIGHT 
 -102.00    0.00   4.140E-02 -174.69  1.255E-01   36.17   -10.1147   -0.4829   -0.0342   0.1564   106.22   RIGHT 
 -100.00    0.00   4.168E-02 -174.86  1.286E-01   35.84   -10.0556   -0.2673    0.1663   0.1533   105.95   RIGHT 
  -98.00    0.00   4.192E-02 -175.03  1.313E-01   35.63   -10.0075   -0.0884    0.3329   0.1511   105.72   RIGHT 
  -96.00    0.00   4.210E-02 -175.21  1.335E-01   35.55    -9.9701    0.0552    0.4668   0.1499   105.52   RIGHT 
  -94.00    0.00   4.223E-02 -175.38  1.352E-01   35.57    -9.9435    0.1648    0.5690   0.1496   105.35   RIGHT 
  -92.00    0.00   4.230E-02 -175.55  1.364E-01   35.71    -9.9276    0.2412    0.6401   0.1502   105.20   RIGHT 
  -90.00    0.00   4.233E-02 -175.73  1.371E-01   35.97    -9.9223    0.2853    0.6807   0.1515   105.07   RIGHT 
  -88.00    0.00   4.230E-02 -175.90  1.373E-01   36.33    -9.9276    0.2976    0.6915   0.1536   104.97   RIGHT 
  -86.00    0.00   4.223E-02 -176.07  1.370E-01   36.81    -9.9435    0.2787    0.6729   0.1566   104.89   RIGHT 
  -84.00    0.00   4.210E-02 -176.25  1.362E-01   37.42    -9.9701    0.2290    0.6252   0.1604   104.82   RIGHT 
  -82.00    0.00   4.192E-02 -176.42  1.350E-01   38.15   -10.0074    0.1486    0.5486   0.1651   104.76   RIGHT 
  -80.00    0.00   4.168E-02 -176.59  1.332E-01   39.01   -10.0555    0.0379    0.4434   0.1707   104.71   RIGHT 
  -78.00    0.00   4.140E-02 -176.76  1.311E-01   40.02   -10.1146   -0.1029    0.3099   0.1773   104.67   RIGHT 
  -76.00    0.00   4.107E-02 -176.93  1.285E-01   41.18   -10.1848   -0.2738    0.1483   0.1850   104.62   RIGHT 
  -74.00    0.00   4.069E-02 -177.10  1.256E-01   42.51   -10.2662   -0.4743   -0.0411   0.1939   104.57   RIGHT 
  -72.00    0.00   4.025E-02 -177.27  1.223E-01   44.02   -10.3591   -0.7042   -0.2578   0.2041   104.50   RIGHT 
  -70.00    0.00   3.977E-02 -177.43  1.187E-01   45.74   -10.4638   -0.9629   -0.5011   0.2156   104.41   RIGHT 
  -68.00    0.00   3.924E-02 -177.59  1.149E-01   47.68   -10.5804   -1.2493   -0.7702   0.2287   104.28   RIGHT 
  -66.00    0.00   3.866E-02 -177.75  1.108E-01   49.88   -10.7094   -1.5622   -1.0635   0.2434   -75.92   RIGHT 
  -64.00    0.00   3.804E-02 -177.91  1.066E-01   52.35   -10.8511   -1.8995   -1.3791   0.2598   -76.20   RIGHT 
  -62.00    0.00   3.736E-02 -178.06  1.023E-01   55.13   -11.0059   -2.2581   -1.7142   0.2780   -76.60   RIGHT 
  -60.00    0.00   3.665E-02 -178.22  9.796E-02   58.25   -11.1743   -2.6338   -2.0650   0.2978   -77.17   RIGHT 
  -58.00    0.00   3.588E-02 -178.37  9.369E-02   61.74   -11.3569   -3.0209   -2.4264   0.3190   -77.95   RIGHT 
  -56.00    0.00   3.508E-02 -178.51  8.957E-02   65.64   -11.5541   -3.4117   -2.7920   0.3411   -79.02   RIGHT 
  -54.00    0.00   3.423E-02 -178.65  8.569E-02   69.96   -11.7668   -3.7967   -3.1537   0.3631   -80.44   RIGHT 
  -52.00    0.00   3.334E-02 -178.79  8.214E-02   74.72   -11.9957   -4.1640   -3.5017   0.3832   -82.29   RIGHT 
  -50.00    0.00   3.241E-02 -178.93  7.902E-02   79.90   -12.2416   -4.5002   -3.8250   0.3994   -84.59   RIGHT 
  -48.00    0.00   3.144E-02 -179.06  7.642E-02   85.46   -12.5056   -4.7912   -4.1120   0.4088   -87.30   RIGHT 
  -46.00    0.00   3.043E-02 -179.19  7.440E-02   91.35   -12.7888   -5.0236   -4.3518   0.4090   -90.26   RIGHT 
  -44.00    0.00   2.939E-02 -179.31  7.301E-02   97.44   -13.0924   -5.1871   -4.5351   0.3986   -93.22   RIGHT 
  -42.00    0.00   2.830E-02 -179.43  7.227E-02  103.64   -13.4180   -5.2762   -4.6564   0.3781   -95.91   RIGHT 
  -40.00    0.00   2.719E-02 -179.54  7.214E-02  109.79   -13.7673   -5.2914   -4.7146   0.3494   -98.11   RIGHT 
  -38.00    0.00   2.604E-02 -179.65  7.257E-02  115.79   -14.1421   -5.2394   -4.7134   0.3157   -99.74   RIGHT 
  -36.00    0.00   2.486E-02 -179.75  7.348E-02  121.52   -14.5450   -5.1320   -4.6613   0.2798  -100.82   RIGHT 
  -34.00    0.00   2.365E-02 -179.85  7.474E-02  126.92   -14.9785   -4.9838   -4.5694   0.2441  -101.42   RIGHT 
  -32.00    0.00   2.241E-02 -179.95  7.625E-02  131.96   -15.4459   -4.8108   -4.4509   0.2103  -101.63   RIGHT 
  -30.00    0.00   2.114E-02  179.96  7.787E-02  136.62   -15.9510   -4.6282   -4.3192   0.1792  -101.55   RIGHT 
  -28.00    0.00   1.985E-02  179.88  7.948E-02  140.91   -16.4985   -4.4498   -4.1869   0.1513  -101.25   RIGHT 
  -26.00    0.00   1.854E-02  179.80  8.098E-02  144.86   -17.0942   -4.2874   -4.0656   0.1266  -100.80   RIGHT 
  -24.00    0.00   1.720E-02  179.72  8.226E-02  148.50   -17.7451   -4.1512   -3.9654   0.1050  -100.25   RIGHT 
  -22.00    0.00   1.584E-02  179.66  8.323E-02  151.87   -18.4601   -4.0495   -3.8950   0.0863   -99.63   RIGHT 
  -20.00    0.00   1.446E-02  179.59  8.381E-02  155.02   -19.2508   -3.9895   -3.8620   0.0700   -98.96   RIGHT 
  -18.00    0.00   1.307E-02  179.54  8.392E-02  157.98   -20.1324   -3.9776   -3.8736   0.0560   -98.27   RIGHT 
  -16.00    0.00   1.165E-02  179.49  8.351E-02  160.80   -21.1255   -4.0198   -3.9360   0.0440   -97.54   RIGHT 
  -14.00    0.00   1.023E-02  179.44  8.254E-02  163.51   -22.2590   -4.1221   -4.0560   0.0335   -96.80   RIGHT 
  -12.00    0.00   8.790E-03  179.40  8.095E-02  166.16   -23.5751   -4.2910   -4.2401   0.0246   -96.04   RIGHT 
  -10.00    0.00   7.341E-03  179.37  7.872E-02  168.81   -25.1394   -4.5336   -4.4960   0.0170   -95.24   RIGHT 
   -8.00    0.00   5.884E-03  179.34  7.583E-02  171.50   -27.0618   -4.8584   -4.8323   0.0105   -94.40   RIGHT 
   -6.00    0.00   4.419E-03  179.32  7.227E-02  174.31   -29.5483   -5.2755   -5.2593   0.0053   -93.49   RIGHT 
   -4.00    0.00   2.949E-03  179.31  6.806E-02  177.33   -33.0614   -5.7978   -5.7896   0.0015   -92.48   RIGHT 
   -2.00    0.00   1.475E-03  179.30  6.320E-02 -179.32   -39.0767   -6.4410   -6.4386   0.0006   -91.34   LEFT  
    0.00    0.00   0.000E+00    0.00  5.775E-02 -175.44  -999.9999   -7.2246   -7.2246   0.0000   -90.00   LINEAR
    2.00    0.00   1.475E-03   -0.70  5.178E-02 -170.76   -39.0767   -8.1721   -8.1686   0.0049   -88.39   RIGHT 
    4.00    0.00   2.949E-03   -0.69  4.543E-02 -164.78   -33.0614   -9.3075   -9.2892   0.0177   -86.43   RIGHT 
    6.00    0.00   4.419E-03   -0.68  3.896E-02 -156.73   -29.5483  -10.6417  -10.5861   0.0455   -84.07   RIGHT 
    8.00    0.00   5.884E-03   -0.66  3.285E-02 -145.28   -27.0618  -12.1251  -11.9880   0.1015   -81.60   RIGHT 
   10.00    0.00   7.341E-03   -0.63  2.799E-02 -128.66   -25.1394  -13.5146  -13.2257   0.2011    99.57   RIGHT 
   12.00    0.00   8.790E-03   -0.60  2.588E-02 -106.39   -23.5751  -14.1968  -13.7225   0.3238    95.90   RIGHT 
   14.00    0.00   1.023E-02   -0.56  2.783E-02  -82.74   -22.2590  -13.5650  -13.0147   0.3631    86.70   RIGHT 
   16.00    0.00   1.165E-02   -0.51  3.367E-02  -63.70   -21.1255  -11.9090  -11.4177   0.3008    80.24   RIGHT 
   18.00    0.00   1.307E-02   -0.46  4.221E-02  -50.49   -20.1324   -9.9462   -9.5489   0.2277    78.13   RIGHT 
   20.00    0.00   1.446E-02   -0.41  5.243E-02  -41.50   -19.2508   -8.0632   -7.7448   0.1735    77.89   RIGHT 
   22.00    0.00   1.584E-02   -0.34  6.374E-02  -35.16   -18.4601   -6.3672   -6.1069   0.1361    78.25   RIGHT 
   24.00    0.00   1.720E-02   -0.28  7.579E-02  -30.48   -17.7451   -4.8623   -4.6443   0.1099    78.77   RIGHT 
   26.00    0.00   1.854E-02   -0.20  8.840E-02  -26.90   -17.0942   -3.5264   -3.3395   0.0910    79.30   RIGHT 
   28.00    0.00   1.985E-02   -0.12  1.014E-01  -24.05   -16.4985   -2.3344   -2.1710   0.0769    79.79   RIGHT 
   30.00    0.00   2.114E-02   -0.04  1.147E-01  -21.73   -15.9510   -1.2640   -1.1189   0.0662    80.24   RIGHT 
   32.00    0.00   2.241E-02    0.05  1.282E-01  -19.79   -15.4459   -0.2973   -0.1666   0.0578    80.63   RIGHT 
   34.00    0.00   2.365E-02    0.15  1.418E-01  -18.14   -14.9785    0.5803    0.6994   0.0510    80.98   RIGHT 
   36.00    0.00   2.486E-02    0.25  1.555E-01  -16.71   -14.5450    1.3805    1.4901   0.0456    81.29   RIGHT 
   38.00    0.00   2.604E-02    0.35  1.692E-01  -15.47   -14.1421    2.1128    2.2144   0.0411    81.56   RIGHT 
   40.00    0.00   2.719E-02    0.46  1.828E-01  -14.38   -13.7673    2.7848    2.8798   0.0373    81.81   RIGHT 
   42.00    0.00   2.830E-02    0.57  1.963E-01  -13.41   -13.4180    3.4030    3.4924   0.0342    82.03   RIGHT 
   44.00    0.00   2.939E-02    0.69  2.096E-01  -12.54   -13.0924    3.9727    4.0572   0.0315    82.22   RIGHT 
   46.00    0.00   3.043E-02    0.81  2.227E-01  -11.76   -12.7888    4.4983    4.5786   0.0292    82.40   RIGHT 
   48.00    0.00   3.144E-02    0.94  2.355E-01  -11.06   -12.5056    4.9836    5.0603   0.0273    82.55   RIGHT 
   50.00    0.00   3.241E-02    1.07  2.479E-01  -10.42   -12.2416    5.4319    5.5054   0.0256    82.70   RIGHT 
   52.00    0.00   3.334E-02    1.21  2.600E-01   -9.85   -11.9957    5.8459    5.9167   0.0242    82.82   RIGHT 
   54.00    0.00   3.423E-02    1.35  2.717E-01   -9.34   -11.7668    6.2281    6.2965   0.0230    82.94   RIGHT 
   56.00    0.00   3.508E-02    1.49  2.830E-01   -8.87   -11.5541    6.5807    6.6469   0.0220    83.04   RIGHT 
   58.00    0.00   3.588E-02    1.63  2.938E-01   -8.45   -11.3569    6.9054    6.9697   0.0211    83.14   RIGHT 
   60.00    0.00   3.665E-02    1.78  3.041E-01   -8.08   -11.1743    7.2039    7.2665   0.0204    83.23   RIGHT 
   62.00    0.00   3.736E-02    1.94  3.138E-01   -7.74   -11.0059    7.4776    7.5388   0.0197    83.30   RIGHT 
   64.00    0.00   3.804E-02    2.09  3.230E-01   -7.45   -10.8511    7.7279    7.7877   0.0193    83.37   RIGHT 
   66.00    0.00   3.866E-02    2.25  3.315E-01   -7.19   -10.7094    7.9559    8.0145   0.0189    83.44   RIGHT 
   68.00    0.00   3.924E-02    2.41  3.395E-01   -6.96   -10.5804    8.1625    8.2201   0.0186    83.49   RIGHT 
   70.00    0.00   3.977E-02    2.57  3.469E-01   -6.77   -10.4638    8.3487    8.4055   0.0184    83.54   RIGHT 
   72.00    0.00   4.025E-02    2.73  3.536E-01   -6.61   -10.3591    8.5153    8.5712   0.0182    83.59   RIGHT 
   74.00    0.00   4.069E-02    2.90  3.597E-01   -6.48   -10.2662    8.6630    8.7182   0.0182    83.63   RIGHT 
   76.00    0.00   4.107E-02    3.07  3.651E-01   -6.38   -10.1848    8.7923    8.8469   0.0182    83.67   RIGHT 
   78.00    0.00   4.140E-02    3.24  3.698E-01   -6.31   -10.1146    8.9038    8.9579   0.0184    83.70   RIGHT 
   80.00    0.00   4.168E-02    3.41  3.738E-01   -6.28   -10.0555    8.9979    9.0516   0.0185    83.72   RIGHT 
   82.00    0.00   4.192E-02    3.58  3.771E-01   -6.27   -10.0074    9.0751    9.1284   0.0188    83.75   RIGHT 
   84.00    0.00   4.210E-02    3.75  3.798E-01   -6.29    -9.9701    9.1357    9.1887   0.0191    83.77   RIGHT 
   86.00    0.00   4.223E-02    3.93  3.817E-01   -6.34    -9.9435    9.1798    9.2327   0.0195    83.79   RIGHT 
   88.00    0.00   4.230E-02    4.10  3.830E-01   -6.42    -9.9276    9.2078    9.2605   0.0199    83.80   RIGHT 
   90.00    0.00   4.233E-02    4.27  3.835E-01   -6.53    -9.9223    9.2197    9.2723   0.0205    83.81   RIGHT 
   92.00    0.00   4.230E-02    4.45  3.833E-01   -6.67    -9.9276    9.2156    9.2682   0.0210    83.82   RIGHT 
   94.00    0.00   4.223E-02    4.62  3.824E-01   -6.85    -9.9435    9.1956    9.2482   0.0217    83.82   RIGHT 
   96.00    0.00   4.210E-02    4.79  3.808E-01   -7.05    -9.9701    9.1595    9.2123   0.0224    83.82   RIGHT 
   98.00    0.00   4.192E-02    4.97  3.785E-01   -7.29   -10.0075    9.1074    9.1603   0.0232    83.82   RIGHT 
  100.00    0.00   4.168E-02    5.14  3.756E-01   -7.56   -10.0556    9.0390    9.0921   0.0241    83.82   RIGHT 
  102.00    0.00   4.140E-02    5.31  3.719E-01   -7.86   -10.1147    8.9541    9.0076   0.0251    83.81   RIGHT 
  104.00    0.00   4.107E-02    5.48  3.676E-01   -8.21   -10.1849    8.8526    8.9064   0.0261    83.80   RIGHT 
  106.00    0.00   4.069E-02    5.64  3.626E-01   -8.59   -10.2663    8.7340    8.7883   0.0273    83.79   RIGHT 
  108.00    0.00   4.025E-02    5.81  3.570E-01   -9.01   -10.3593    8.5980    8.6529   0.0285    83.77   RIGHT 
  110.00    0.00   3.977E-02    5.97  3.507E-01   -9.47   -10.4639    8.4442    8.4997   0.0298    83.76   RIGHT 
  112.00    0.00   3.924E-02    6.14  3.438E-01   -9.98   -10.5806    8.2720    8.3282   0.0313    83.74   RIGHT 
  114.00    0.00   3.866E-02    6.30  3.364E-01  -10.53   -10.7096    8.0810    8.1380   0.0329    83.71   RIGHT 
  116.00    0.00   3.804E-02    6.45  3.283E-01  -11.14   -10.8513    7.8704    7.9283   0.0346    83.69   RIGHT 
  118.00    0.00   3.736E-02    6.61  3.197E-01  -11.80   -11.0061    7.6396    7.6985   0.0365    83.66   RIGHT 
  120.00    0.00   3.665E-02    6.76  3.106E-01  -12.52   -11.1745    7.3879    7.4479   0.0385    83.63   RIGHT 
  122.00    0.00   3.588E-02    6.91  3.009E-01  -13.30   -11.3571    7.1144    7.1757   0.0407    83.60   RIGHT 
  124.00    0.00   3.508E-02    7.06  2.908E-01  -14.16   -11.5544    6.8182    6.8809   0.0431    83.57   RIGHT 
  126.00    0.00   3.423E-02    7.20  2.803E-01  -15.09   -11.7671    6.4983    6.5626   0.0457    83.54   RIGHT 
  128.00    0.00   3.334E-02    7.34  2.694E-01  -16.11   -11.9960    6.1537    6.2197   0.0486    83.51   RIGHT 
  130.00    0.00   3.241E-02    7.47  2.582E-01  -17.22   -12.2419    5.7833    5.8512   0.0518    83.48   RIGHT 
  132.00    0.00   3.144E-02    7.60  2.466E-01  -18.44   -12.5059    5.3860    5.4560   0.0552    83.45   RIGHT 
  134.00    0.00   3.043E-02    7.73  2.348E-01  -19.78   -12.7891    4.9603    5.0327   0.0591    83.42   RIGHT 
  136.00    0.00   2.938E-02    7.85  2.229E-01  -21.26   -13.0927    4.5053    4.5801   0.0633    83.40   RIGHT 
  138.00    0.00   2.830E-02    7.97  2.107E-01  -22.89   -13.4183    4.0195    4.0971   0.0680    83.39   RIGHT 
  140.00    0.00   2.719E-02    8.09  1.985E-01  -24.70   -13.7676    3.5018    3.5825   0.0732    83.40   RIGHT 
  142.00    0.00   2.604E-02    8.19  1.863E-01  -26.72   -14.1425    2.9513    3.0353   0.0789    83.42   RIGHT 
  144.00    0.00   2.486E-02    8.30  1.742E-01  -28.98   -14.5453    2.3672    2.4547   0.0853    83.47   RIGHT 
  146.00    0.00   2.365E-02    8.40  1.623E-01  -31.51   -14.9789    1.7493    1.8406   0.0923    83.57   RIGHT 
  148.00    0.00   2.241E-02    8.49  1.505E-01  -34.37   -15.4462    1.0982    1.1934   0.1001    83.71   RIGHT 
  150.00    0.00   2.114E-02    8.58  1.392E-01  -37.60   -15.9514    0.4158    0.5149   0.1084    83.92   RIGHT 
  152.00    0.00   1.985E-02    8.67  1.282E-01  -41.28   -16.4989   -0.2942   -0.1914   0.1173    84.23   RIGHT 
  154.00    0.00   1.854E-02    8.75  1.179E-01  -45.47   -17.0946   -1.0251   -0.9190   0.1265    84.66   RIGHT 
  156.00    0.00   1.720E-02    8.82  1.083E-01  -50.24   -17.7455   -1.7665   -1.6582   0.1354    85.24   RIGHT 
  158.00    0.00   1.584E-02    8.89  9.945E-02  -55.67   -18.4605   -2.5028   -2.3940   0.1431    86.00   RIGHT 
  160.00    0.00   1.446E-02    8.95  9.165E-02  -61.81   -19.2512   -3.2126   -3.1058   0.1486    86.96   RIGHT 
  162.00    0.00   1.307E-02    9.01  8.499E-02  -68.66   -20.1329   -3.8682   -3.7668   0.1500    88.08   RIGHT 
  164.00    0.00   1.165E-02    9.06  7.958E-02  -76.16   -21.1260   -4.4386   -4.3464   0.1459    89.29   RIGHT 
  166.00    0.00   1.023E-02    9.10  7.552E-02  -84.17   -22.2594   -4.8938   -4.8149   0.1352    90.45   RIGHT 
  168.00    0.00   8.790E-03    9.14  7.280E-02  -92.45   -23.5755   -5.2128   -5.1500   0.1182    91.41   RIGHT 
  170.00    0.00   7.341E-03    9.17  7.133E-02 -100.72   -25.1399   -5.3897   -5.3439   0.0967    92.03   RIGHT 
  172.00    0.00   5.884E-03    9.20  7.095E-02 -108.71   -27.0623   -5.4359   -5.4062   0.0732    92.24   RIGHT 
  174.00    0.00   4.419E-03    9.22  7.143E-02 -116.20   -29.5488   -5.3772   -5.3606   0.0503    92.06   RIGHT 
  176.00    0.00   2.949E-03    9.24  7.252E-02 -123.07   -33.0619   -5.2460   -5.2388   0.0300    91.57   RIGHT 
  178.00    0.00   1.475E-03    9.25  7.396E-02 -129.28   -39.0772   -5.0746   -5.0728   0.0132    90.86   RIGHT 
  180.00    0.00   0.000E+00    0.00  7.554E-02 -134.86  -999.9999   -4.8910   -4.8910   0.0000    90.00   LINEAR

     Gain is a factor of  1.00000E+00 (    0.00 dB) larger than directivity

       The directivity/gain is based on an active power of  2.93533E-04 W
       and on a power loss of  0.00000E+00 W 

 read from input file:                             
EN       0    0    0    0    0 0.000E+00 0.000E+00 0.000E+00 0.000E+00 0.000E+00 0.000E+00 0.000E+00 0.000E+00


                    SUMMARY OF REQUIRED TIMES IN SECONDS

                                            CPU-time      runtime
 Reading and constructing the geometry         0.003        0.002
 Checking the geometry                         0.000        0.000
 Initialisation of the Greens function         0.000        0.000
 Calcul. of coupling for PO/Fock               0.000        0.000
 Calcul. of matrix elements                    0.015        0.015
 Calcul. of right-hand side vector             0.000        0.000
 Preconditioning system of linear eqns.        0.000        0.000
 Solution of the system of linear eqns.        0.001        0.001
 Determination of surface currents             0.000        0.000
 Calcul. of impedances/powers/losses           0.017        0.018
 Calcul. of averaged SAR values                0.000        0.000
 Calcul. of power ideal receiving ant.         0.000        0.000
 Calcul. of cable coupling                     0.000        0.000
 Calcul. of electric near field                0.000        0.000
 Calcul. of magnetic near field                0.000        0.000
 Calcul. of far field                          0.014        0.013
                            other              0.001        0.001
                                         -----------  -----------
                         total times:          0.051        0.050
               (total times in hours:          0.000        0.000)

 Peak memory usage during the whole solution:   26.390 kByte

Finished: 2011-02-19 21:13:22                     
