FEKO      Version  55.353       from 2009-08-10 (FEKO Suite 5.5)
          PREFEKO version 34.46-92 from 2009-08-10                    BINARY
          CADFEKO version 5.0.124623 from Aug 11 2009                 
          Copyright (c) 1999-2009 EM Software & Systems-S.A. (Pty) Ltd     
          Intel(R) MKL version 10.2 (build 20090616) on Intel(R) Pentium(R) 4 processor with SSE3 (1 thread)
Computer: PC WIN32 MKL -- Supersonic                        
          Professional  (Build 7600), Version 6.1.7600
          Genuine Intel(R) CPU           T2400  @ 1.83GHz; GenuineIntel family 6 model 14 stepping 8 brand id 0
          1 physical CPU with a total of 2 processors found (multi-core CPU with max. 2 cores per physical CPU)
Date:     2011-02-19 21:14:57                     
File:     Yagui3_Gamma_Match
Memory:   Limited to    2.000 GByte, reason  160
MD5 Check:677FDF7E3F63416469FBFAAB4CD8CD15
MD5 Total:3D1E89C4F5BE49E7A1FBD08A64F41719
Licence:  Nodelocked licence no.                                 

 Number of cores found on this CPU:  2
 (that many parallel processes may be run with your sequential FEKO licence)
 NOTE    35127: You are running a sequential version of FEKO, but it was detected that your CPU has more than one core. For best performance, it would be recommended to run the parallel FEKO kernel (your licence allows this)

          Scaling of the geometry with factor SKAL =  1.00000E-02

          Length of the segments in m:         1.1648149


                                DATA FOR MEMORY USAGE

 Number of metallic triangles:            0                   max. triangles:MAXNDR   =        0
 Number of dielectric triangles:          0
 Number of diel. GO triangles:            0
 Number of diel. windscreen tr.:          0
 Number of FEM surface triangles:         0
 Number of modal port triangles:          0
 Number of metallic segments:            25                   max. segments: MAXNSEG  =       25
 Number dielectr./magnet. cuboids:        0                   max. cuboids:  MAXNQUA  =        0
 Number of tetrahedral elements:          0                   max. tetrah.:  MAXNTETRA=        0
 Number of edges in PO region:            0                   max. edges:    MAXPOKA  =        0
 Number of wedges in PO region:           0                   max. wedges:   MAXPOKL  =        0
 Number of Fock regions:                  0                   max. Fock reg.:MAXFOGE  =        0
 Number of polygonal surfaces:            0                   max. surfaces: MAXPOLYF =        0
                                                              max. corner p.:MAXPOLYP =        0
 Number of UTD cylinders:                 0

 Number of metallic edges (MoM):            0  unknown:        0   max. edges:   MAXNKA    =        0
                                            0  unknown:        0   (magnet.) 
 Number of metallic edges (PO):             0  unknown:        0   (electr.)         0 (magnet.)
 Number of dielectric edges (MoM):          0  unknown:        0   (electr.) 
                                            0                  0   (magnet.) 
 Number of dielectric edges (PO):           0  unknown:        0   (electr.)         0 (magnet.)
 Number of edges FEM/MoM surface:           0  unknown:        0   (electr.) 
                                            0                  0   (magnet.) 
 Number of nodes between segments:         22  unknown:       22   max. nodes:   MAXNKNO   =       48
 Number of connection points:               0  unknown:        0   max. conn.:   MAXNV     =        0
 Number of dielectric cuboids:              0  unknown:        0   max. cuboids: MAXNQUA   =        0
 Number of magnetic cuboids:                0  unknown:        0

 Number of basis funct. for MoM:           22  unknown:       22   max. basisf.  MAXNZEILE =       48
 Number of basis funct. for PO:             0  unknown:        0   max. basisf.  MAXNKAPO  =        0

 read from input file:                             
FR       0    0    0    0    0 4.330E+08 0.000E+00 0.000E+00 0.000E+00 0.000E+00 0.000E+00 0.000E+00 0.000E+00
 read from input file:                             
A1       0    9    0    0    0 1.000E+00 0.000E+00 0.000E+00 0.000E+00 0.000E+00 0.000E+00 0.000E+00 0.000E+00
 read from input file:                             
A1       1    4    0    0    0-1.000E+00 0.000E+00 0.000E+00 0.000E+00 0.000E+00 0.000E+00 0.000E+00 0.000E+00
 read from input file:                             
DA       0    0    0    0    0 0.000E+00 0.000E+00 0.000E+00 0.000E+00 0.000E+00 0.000E+00 0.000E+00 0.000E+00
 read from input file:                             
DA       0    0    0    0    0 0.000E+00 0.000E+00 0.000E+00 0.000E+00 0.000E+00 0.000E+00 0.000E+00 0.000E+00
 read from input file:                             
OF       1    0    0    0    0 0.000E+00 0.000E+00 0.000E+00 0.000E+00 0.000E+00 0.000E+00 0.000E+00 0.000E+00
 read from input file:                             
FF       1  181    1    0    0-1.800E+02 0.000E+00 2.000E+00 0.000E+00 0.000E+00 0.000E+00 0.000E+00 0.000E+00


                              DATA FOR DIELECTRIC MEDIA

internal  relative     relative  conductivity   tan(delta)    tan(delta)    wavelength   mass density    volume     medium
index  permittivity permeability   in S/m       (electric)    (magnetic)       in m       in kg/m^3      in m^3
    0      1.00000      1.00000  0.00000E+00   0.00000E+00   0.00000E+00   6.92361E-01   0.00000E+00    infinite    0


                    EXCITATION BY VOLTAGE SOURCE AT SEGMENT

 Name:                        VoltageSource1
 Number of voltage source:    N =      1
 Frequency in Hz:             FREQ =  4.33000E+08
 Wavelength in m:             LAMBDA =  6.92361E-01
 Open circuit voltage in V:   |U0| =  1.00000E+00
 Phase in deg.:               ARG(U0) =     0.00
 Source at segment w. label:  ULA = Union2.Wire132.Port1
 Absolute number of segment:  UNR =     25
 Location of the excit. in m: X =  0.00000E+00
                              Y =  9.61613E-03
                              Z = -2.21000E-02
 Positive feed direction:     X =  0.00000E+00
                              Y =  1.00000E+00
                              Z =  0.00000E+00



                    EXCITATION BY VOLTAGE SOURCE AT SEGMENT

 Name:                        VoltageSource2
 Number of voltage source:    N =      2
 Frequency in Hz:             FREQ =  4.33000E+08
 Wavelength in m:             LAMBDA =  6.92361E-01
 Open circuit voltage in V:   |U0| =  1.00000E+00
 Phase in deg.:               ARG(U0) =  -180.00
 Source at segment w. label:  ULA = Union2.Wire131.Port2
 Absolute number of segment:  UNR =     16
 Location of the excit. in m: X =  0.00000E+00
                              Y = -9.61613E-03
                              Z =  0.00000E+00
 Positive feed direction:     X =  0.00000E+00
                              Y =  1.00000E+00
                              Z =  0.00000E+00



                         DATA FOR THE GREEN'S FUNCTION

                                   free space


     Segment        17 is too thick (radius/length= 4.15293E-01)
 WARNING   117: The ratio of the segment radius to length is too large

               All segments and triangles are perfectly conducting


                          DATA FOR STORAGE OF THE MATRIX

 Storage using single precision

 Memory requirement for MoM matrix:        32 rows *       22 columns =         704 complex numbers
 For the MoM matrix, a memory of          704 complex numbers is used (i.e.    5.500 kByte)
 Storing the matrix and solving the linear set of equations in main memory (case 1)

     A total memory of   26.281 kByte has been allocated dynamically
     (peak memory usage so far   26.281 kByte)



                    PRE-CONDITIONING OF THE LINEAR SET OF EQUATIONS

               Selected algorithm:     PCFLAG =    1
               CPU time for preconditioning:       0.000 seconds


                    SOLUTION OF THE LINEAR SET OF EQUATIONS WITH LAPAGAU

               Block size for the LU decomp.:    64
               Condition number of the matrix:  1.51609E+02

               Floating point performance for LU decomposition:
                    Not determined since computation time too short

     CPU time for solving the linear set of equations:       0.000 seconds


                         DATA OF THE VOLTAGE SOURCE NO.     1

                    real part  imag. part     magn.         phase
 Current   in A    1.8462E-05 -4.9401E-04  4.9435E-04      -87.86
 Admitt.   in A/V  1.8462E-05 -4.9401E-04  4.9435E-04      -87.86
 Impedance in Ohm  7.5543E+01  2.0214E+03  2.0228E+03       87.86
 Inductance  in H  7.4301E-07

                                   Power in Watt: 9.23081E-06


                         DATA OF THE VOLTAGE SOURCE NO.     2

                    real part  imag. part     magn.         phase
 Current   in A   -9.6864E-05  1.7447E-03  1.7473E-03       93.18
 Admitt.   in A/V  9.6864E-05 -1.7447E-03  1.7473E-03      -86.82
 Impedance in Ohm  3.1725E+01  5.7142E+02  5.7230E+02       86.82
 Inductance  in H  2.1003E-07

                                   Power in Watt: 4.84320E-05



                              SUMMARY OF LOSSES

          Metallic elements:                          0.0000E+00 W
          Dielectric (surface equiv. princ.):         0.0000E+00 W
          Dielectric (volume equiv. princ.):          0.0000E+00 W
          Dielectric (FEM region):                    0.0000E+00 W
          Mismatch at feed:                           0.0000E+00 W
          Non-radiating networks:                     0.0000E+00 W
          Backward power at passive waveguide ports:  0.0000E+00 W
          Backward power at passive modal ports:      0.0000E+00 W
                                                     -------------
                Sum of all losses:                    0.0000E+00 W

          Efficiency of the antenna:                    100.0000 %
          (based on a total active power:             5.7663E-05 W)


 Far-field request with name: FarField2



      VALUES OF THE SCATTERED ELECTRIC FIELD STRENGTH IN THE FAR FIELD in V
                    Factor e^(-j*BETA*R)/R not considered

          The following offset is in effect for the co-ordinates:
          X= 0.00000E+00 m  Y= 0.00000E+00 m  Z= 0.00000E+00 m

       LOCATION          ETHETA             EPHI              directivity in dB             POLARISATION
   THETA    PHI      magn.    phase     magn.    phase     vert.     horiz.    total     axial r. angle   direction
 -180.00    0.00   0.000E+00    0.00  5.608E-02 -100.91  -999.9999   -0.4117   -0.4117   0.0000    90.00   LINEAR
 -178.00    0.00   1.763E-03 -173.27  5.546E-02 -102.66   -30.4610   -0.5071   -0.5027   0.0300    89.39   LEFT  
 -176.00    0.00   3.524E-03 -173.28  5.477E-02 -104.26   -24.4457   -0.6171   -0.5992   0.0601    88.68   LEFT  
 -174.00    0.00   5.281E-03 -173.30  5.397E-02 -105.69   -20.9326   -0.7440   -0.7026   0.0903    87.85   LEFT  
 -172.00    0.00   7.032E-03 -173.32  5.307E-02 -106.97   -18.4460   -0.8897   -0.8141   0.1210    86.91   LEFT  
 -170.00    0.00   8.774E-03 -173.35  5.207E-02 -108.08   -16.5236   -1.0563   -0.9346   0.1523    85.87   LEFT  
 -168.00    0.00   1.051E-02 -173.39  5.094E-02 -109.03   -14.9592   -1.2456   -1.0647   0.1844    84.72   LEFT  
 -166.00    0.00   1.222E-02 -173.44  4.971E-02 -109.81   -13.6431   -1.4594   -1.2044   0.2176    83.46   LEFT  
 -164.00    0.00   1.393E-02 -173.49  4.835E-02 -110.41   -12.5096   -1.6995   -1.3533   0.2523    82.06   LEFT  
 -162.00    0.00   1.562E-02 -173.55  4.688E-02 -110.85   -11.5164   -1.9676   -1.5106   0.2886    80.52   LEFT  
 -160.00    0.00   1.728E-02 -173.61  4.530E-02 -111.09   -10.6347   -2.2653   -1.6751   0.3271    78.80   LEFT  
 -158.00    0.00   1.893E-02 -173.68  4.362E-02 -111.14    -9.8439   -2.5944   -1.8448   0.3680    76.87   LEFT  
 -156.00    0.00   2.056E-02 -173.76  4.184E-02 -110.98    -9.1288   -2.9564   -2.0172   0.4116    74.68   LEFT  
 -154.00    0.00   2.216E-02 -173.85  3.997E-02 -110.59    -8.4778   -3.3530   -2.1894   0.4581    72.12   LEFT  
 -152.00    0.00   2.373E-02 -173.94  3.803E-02 -109.95    -7.8820   -3.7858   -2.3576   0.5076    69.06   LEFT  
 -150.00    0.00   2.527E-02 -174.03  3.602E-02 -109.04    -7.3344   -4.2560   -2.5177   0.5595    65.28   LEFT  
 -148.00    0.00   2.679E-02 -174.14  3.397E-02 -107.80    -6.8291   -4.7648   -2.6652   0.6122    60.43   LEFT  
 -146.00    0.00   2.827E-02 -174.25  3.190E-02 -106.21    -6.3616   -5.3127   -2.7953   0.6622    53.97   LEFT  
 -144.00    0.00   2.971E-02 -174.36  2.981E-02 -104.20    -5.9280   -5.8992   -2.9033   0.7023  -134.72   LEFT  
 -142.00    0.00   3.113E-02 -174.48  2.775E-02 -101.70    -5.5251   -6.5224   -2.9849   0.7213  -145.62   LEFT  
 -140.00    0.00   3.250E-02 -174.61  2.573E-02  -98.64    -5.1501   -7.1778   -3.0364   0.7105  -157.08   LEFT  
 -138.00    0.00   3.383E-02 -174.74  2.380E-02  -94.92    -4.8007   -7.8572   -3.0551   0.6728  -166.90   LEFT  
 -136.00    0.00   3.513E-02 -174.87  2.198E-02  -90.42    -4.4750   -8.5463   -3.0398   0.6192  -174.37   LEFT  
 -134.00    0.00   3.638E-02 -175.01  2.033E-02  -85.06    -4.1712   -9.2234   -2.9904   0.5590  -179.96   LEFT  
 -132.00    0.00   3.758E-02 -175.16  1.890E-02  -78.76    -3.8879   -9.8566   -2.9084   0.4978   175.73   LEFT  
 -130.00    0.00   3.874E-02 -175.31  1.775E-02  -71.52    -3.6238  -10.4046   -2.7965   0.4384   172.27   LEFT  
 -128.00    0.00   3.986E-02 -175.47  1.692E-02  -63.45    -3.3777  -10.8210   -2.6583   0.3821   169.39   LEFT  
 -126.00    0.00   4.092E-02 -175.63  1.645E-02  -54.81    -3.1487  -11.0646   -2.4982   0.3295   166.92   LEFT  
 -124.00    0.00   4.194E-02 -175.79  1.636E-02  -46.00    -2.9359  -11.1133   -2.3208   0.2806   164.75   LEFT  
 -122.00    0.00   4.290E-02 -175.96  1.662E-02  -37.41    -2.7385  -10.9728   -2.1309   0.2354   162.82   LEFT  
 -120.00    0.00   4.381E-02 -176.13  1.721E-02  -29.39    -2.5559  -10.6740   -1.9329   0.1936   161.08   LEFT  
 -118.00    0.00   4.467E-02 -176.30  1.804E-02  -22.14    -2.3873  -10.2615   -1.7310   0.1550   159.51   LEFT  
 -116.00    0.00   4.547E-02 -176.48  1.907E-02  -15.73    -2.2324   -9.7804   -1.5288   0.1193   158.07   LEFT  
 -114.00    0.00   4.622E-02 -176.66  2.023E-02  -10.12    -2.0906   -9.2681   -1.3296   0.0861   156.76   LEFT  
 -112.00    0.00   4.691E-02 -176.84  2.147E-02   -5.21    -1.9616   -8.7523   -1.1359   0.0552   155.56   LEFT  
 -110.00    0.00   4.755E-02 -177.03  2.274E-02   -0.91    -1.8448   -8.2511   -0.9502   0.0263   154.47   LEFT  
 -108.00    0.00   4.812E-02 -177.22  2.402E-02    2.90    -1.7401   -7.7760   -0.7740   0.0009   153.48   RIGHT 
 -106.00    0.00   4.864E-02 -177.41  2.528E-02    6.31    -1.6471   -7.3332   -0.6090   0.0266   152.57   RIGHT 
 -104.00    0.00   4.910E-02 -177.60  2.649E-02    9.40    -1.5656   -6.9259   -0.4562   0.0511   151.75   RIGHT 
 -102.00    0.00   4.950E-02 -177.80  2.764E-02   12.24    -1.4954   -6.5552   -0.3163   0.0746   151.02   RIGHT 
 -100.00    0.00   4.984E-02 -177.99  2.873E-02   14.88    -1.4362   -6.2208   -0.1902   0.0973   150.36   RIGHT 
  -98.00    0.00   5.012E-02 -178.19  2.974E-02   17.37    -1.3880   -5.9218   -0.0781   0.1194   149.77   RIGHT 
  -96.00    0.00   5.033E-02 -178.39  3.066E-02   19.74    -1.3507   -5.6568    0.0197   0.1410   149.26   RIGHT 
  -94.00    0.00   5.049E-02 -178.59  3.149E-02   22.05    -1.3241   -5.4242    0.1030   0.1624   148.81   RIGHT 
  -92.00    0.00   5.058E-02 -178.79  3.223E-02   24.30    -1.3081   -5.2223    0.1719   0.1837   148.43   RIGHT 
  -90.00    0.00   5.061E-02 -178.99  3.288E-02   26.52    -1.3028   -5.0492    0.2263   0.2050   148.12   RIGHT 
  -88.00    0.00   5.058E-02 -179.19  3.344E-02   28.74    -1.3081   -4.9030    0.2665   0.2265   147.87   RIGHT 
  -86.00    0.00   5.049E-02 -179.39  3.391E-02   30.97    -1.3241   -4.7820    0.2927   0.2483   147.67   RIGHT 
  -84.00    0.00   5.033E-02 -179.58  3.429E-02   33.23    -1.3507   -4.6842    0.3051   0.2706   147.54   RIGHT 
  -82.00    0.00   5.012E-02 -179.78  3.459E-02   35.53    -1.3880   -4.6077    0.3042   0.2936   147.46   RIGHT 
  -80.00    0.00   4.984E-02 -179.98  3.482E-02   37.89    -1.4362   -4.5506    0.2903   0.3172   147.45   RIGHT 
  -78.00    0.00   4.950E-02  179.82  3.498E-02   40.32    -1.4953   -4.5107    0.2639   0.3418   147.49   RIGHT 
  -76.00    0.00   4.910E-02  179.63  3.508E-02   42.82    -1.5656   -4.4859    0.2255   0.3674   147.58   RIGHT 
  -74.00    0.00   4.864E-02  179.44  3.513E-02   45.40    -1.6471   -4.4740    0.1758   0.3942   147.74   RIGHT 
  -72.00    0.00   4.812E-02  179.25  3.513E-02   48.07    -1.7401   -4.4727    0.1154   0.4224   147.95   RIGHT 
  -70.00    0.00   4.755E-02  179.06  3.511E-02   50.83    -1.8448   -4.4794    0.0450   0.4521   148.23   RIGHT 
  -68.00    0.00   4.691E-02  178.87  3.506E-02   53.69    -1.9615   -4.4915   -0.0345   0.4836   148.57   RIGHT 
  -66.00    0.00   4.622E-02  178.69  3.500E-02   56.65    -2.0906   -4.5067   -0.1224   0.5170   148.99   RIGHT 
  -64.00    0.00   4.547E-02  178.51  3.494E-02   59.69    -2.2324   -4.5221   -0.2177   0.5525   149.48   RIGHT 
  -62.00    0.00   4.467E-02  178.33  3.488E-02   62.82    -2.3873   -4.5353   -0.3195   0.5904   150.06   RIGHT 
  -60.00    0.00   4.381E-02  178.15  3.485E-02   66.02    -2.5558   -4.5439   -0.4268   0.6309   150.75   RIGHT 
  -58.00    0.00   4.290E-02  177.98  3.484E-02   69.27    -2.7385   -4.5458   -0.5385   0.6742   151.58   RIGHT 
  -56.00    0.00   4.194E-02  177.82  3.487E-02   72.58    -2.9358   -4.5392   -0.6536   0.7206   152.62   RIGHT 
  -54.00    0.00   4.092E-02  177.65  3.493E-02   75.90    -3.1486   -4.5228   -0.7713   0.7704   153.98   RIGHT 
  -52.00    0.00   3.986E-02  177.49  3.504E-02   79.23    -3.3776   -4.4958   -0.8905   0.8237   155.97   RIGHT 
  -50.00    0.00   3.874E-02  177.34  3.519E-02   82.55    -3.6237   -4.4579   -1.0105   0.8803   159.52   RIGHT 
  -48.00    0.00   3.758E-02  177.19  3.539E-02   85.82    -3.8878   -4.4098   -1.1307   0.9374   169.17   RIGHT 
  -46.00    0.00   3.638E-02  177.04  3.563E-02   89.03    -4.1711   -4.3522   -1.2504   0.9603  -150.51   RIGHT 
  -44.00    0.00   3.513E-02  176.90  3.589E-02   92.15    -4.4749   -4.2869   -1.3696   0.9100  -128.35   RIGHT 
  -42.00    0.00   3.383E-02  176.76  3.619E-02   95.18    -4.8006   -4.2160   -1.4882   0.8504  -122.64   RIGHT 
  -40.00    0.00   3.250E-02  176.63  3.650E-02   98.08    -5.1500   -4.1418   -1.6064   0.7925  -119.81   RIGHT 
  -38.00    0.00   3.113E-02  176.51  3.681E-02  100.85    -5.5250   -4.0673   -1.7249   0.7375  -117.88   RIGHT 
  -36.00    0.00   2.972E-02  176.39  3.712E-02  103.47    -5.9279   -3.9953   -1.8447   0.6855  -116.31   RIGHT 
  -34.00    0.00   2.827E-02  176.27  3.740E-02  105.93    -6.3615   -3.9289   -1.9668   0.6364  -114.93   RIGHT 
  -32.00    0.00   2.679E-02  176.16  3.765E-02  108.24    -6.8290   -3.8713   -2.0928   0.5902  -113.63   RIGHT 
  -30.00    0.00   2.527E-02  176.06  3.785E-02  110.37    -7.3343   -3.8256   -2.2245   0.5466  -112.38   RIGHT 
  -28.00    0.00   2.373E-02  175.96  3.799E-02  112.33    -7.8819   -3.7948   -2.3640   0.5055  -111.15   RIGHT 
  -26.00    0.00   2.216E-02  175.87  3.804E-02  114.11    -8.4777   -3.7818   -2.5134   0.4665  -109.91   RIGHT 
  -24.00    0.00   2.056E-02  175.79  3.801E-02  115.70    -9.1286   -3.7896   -2.6753   0.4296  -108.66   RIGHT 
  -22.00    0.00   1.893E-02  175.71  3.787E-02  117.11    -9.8438   -3.8209   -2.8522   0.3945  -107.39   RIGHT 
  -20.00    0.00   1.728E-02  175.64  3.762E-02  118.32   -10.6346   -3.8784   -3.0468   0.3609  -106.08   RIGHT 
  -18.00    0.00   1.562E-02  175.57  3.725E-02  119.33   -11.5163   -3.9650   -3.2619   0.3284  -104.74   RIGHT 
  -16.00    0.00   1.393E-02  175.52  3.675E-02  120.13   -12.5094   -4.0831   -3.5001   0.2968  -103.35   RIGHT 
  -14.00    0.00   1.222E-02  175.46  3.611E-02  120.71   -13.6430   -4.2356   -3.7643   0.2656  -101.91   RIGHT 
  -12.00    0.00   1.051E-02  175.42  3.533E-02  121.04   -14.9591   -4.4250   -4.0570   0.2343  -100.40   RIGHT 
  -10.00    0.00   8.774E-03  175.38  3.441E-02  121.10   -16.5235   -4.6539   -4.3803   0.2023   -98.83   RIGHT 
   -8.00    0.00   7.032E-03  175.35  3.335E-02  120.88   -18.4459   -4.9248   -4.7360   0.1690   -97.19   RIGHT 
   -6.00    0.00   5.281E-03  175.33  3.216E-02  120.31   -20.9325   -5.2402   -5.1246   0.1333   -95.48   RIGHT 
   -4.00    0.00   3.524E-03  175.31  3.085E-02  119.36   -24.4455   -5.6018   -5.5455   0.0943   -93.69   RIGHT 
   -2.00    0.00   1.763E-03  175.30  2.943E-02  117.97   -30.4609   -6.0106   -5.9950   0.0504   -91.86   RIGHT 
    0.00    0.00   0.000E+00    0.00  2.793E-02  116.03  -999.9999   -6.4659   -6.4659   0.0000   -90.00   LINEAR
    2.00    0.00   1.763E-03   -4.70  2.637E-02  113.46   -30.4609   -6.9643   -6.9450   0.0589   -88.19   LEFT  
    4.00    0.00   3.524E-03   -4.69  2.480E-02  110.12   -24.4455   -7.4975   -7.4107   0.1285   -86.53   LEFT  
    6.00    0.00   5.281E-03   -4.67  2.328E-02  105.87   -20.9325   -8.0493   -7.8312   0.2111   -85.24   LEFT  
    8.00    0.00   7.032E-03   -4.65  2.187E-02  100.54   -18.4459   -8.5917   -8.1643   0.3079   -84.68   LEFT  
   10.00    0.00   8.774E-03   -4.62  2.067E-02   94.04   -16.5235   -9.0813   -8.3617   0.4176   -85.57   LEFT  
   12.00    0.00   1.051E-02   -4.58  1.979E-02   86.34   -14.9591   -9.4581   -8.3800   0.5307   -89.32   LEFT  
   14.00    0.00   1.222E-02   -4.54  1.935E-02   77.64   -13.6430   -9.6542   -8.1956   0.6184   -97.99   LEFT  
   16.00    0.00   1.393E-02   -4.48  1.944E-02   68.35   -12.5094   -9.6137   -7.8142   0.6344  -110.49   LEFT  
   18.00    0.00   1.562E-02   -4.43  2.011E-02   59.08   -11.5163   -9.3171   -7.2686   0.5787    59.92   LEFT  
   20.00    0.00   1.728E-02   -4.36  2.137E-02   50.40   -10.6346   -8.7918   -6.6059   0.4987    55.16   LEFT  
   22.00    0.00   1.893E-02   -4.29  2.315E-02   42.69    -9.8438   -8.0977   -5.8732   0.4222    53.26   LEFT  
   24.00    0.00   2.056E-02   -4.21  2.537E-02   36.10    -9.1286   -7.3021   -5.1097   0.3567    52.76   LEFT  
   26.00    0.00   2.216E-02   -4.13  2.794E-02   30.58    -8.4777   -6.4618   -4.3435   0.3026    52.95   LEFT  
   28.00    0.00   2.373E-02   -4.04  3.080E-02   26.02    -7.8819   -5.6171   -3.5932   0.2583    53.47   LEFT  
   30.00    0.00   2.527E-02   -3.94  3.386E-02   22.24    -7.3343   -4.7932   -2.8701   0.2219    54.15   LEFT  
   32.00    0.00   2.679E-02   -3.84  3.708E-02   19.11    -6.8290   -4.0041   -2.1805   0.1919    54.89   LEFT  
   34.00    0.00   2.827E-02   -3.73  4.041E-02   16.51    -6.3615   -3.2571   -1.5274   0.1670    55.63   LEFT  
   36.00    0.00   2.972E-02   -3.61  4.382E-02   14.32    -5.9279   -2.5549   -0.9116   0.1461    56.35   LEFT  
   38.00    0.00   3.113E-02   -3.49  4.726E-02   12.46    -5.5250   -1.8976   -0.3328   0.1283    57.04   LEFT  
   40.00    0.00   3.250E-02   -3.37  5.072E-02   10.87    -5.1500   -1.2842    0.2099   0.1131    57.69   LEFT  
   42.00    0.00   3.383E-02   -3.24  5.417E-02    9.49    -4.8006   -0.7126    0.7179   0.1000    58.29   LEFT  
   44.00    0.00   3.513E-02   -3.10  5.759E-02    8.29    -4.4749   -0.1808    1.1929   0.0885    58.85   LEFT  
   46.00    0.00   3.638E-02   -2.96  6.096E-02    7.22    -4.1711    0.3137    1.6364   0.0783    59.37   LEFT  
   48.00    0.00   3.758E-02   -2.81  6.427E-02    6.27    -3.8878    0.7729    2.0502   0.0691    59.84   LEFT  
   50.00    0.00   3.874E-02   -2.66  6.750E-02    5.41    -3.6237    1.1990    2.4356   0.0609    60.27   LEFT  
   52.00    0.00   3.986E-02   -2.51  7.064E-02    4.63    -3.3776    1.5941    2.7942   0.0533    60.67   LEFT  
   54.00    0.00   4.092E-02   -2.35  7.368E-02    3.90    -3.1486    1.9600    3.1274   0.0463    61.03   LEFT  
   56.00    0.00   4.194E-02   -2.18  7.661E-02    3.22    -2.9358    2.2983    3.4365   0.0397    61.36   LEFT  
   58.00    0.00   4.290E-02   -2.02  7.942E-02    2.57    -2.7385    2.6106    3.7226   0.0335    61.66   LEFT  
   60.00    0.00   4.381E-02   -1.85  8.209E-02    1.96    -2.5558    2.8984    3.9868   0.0276    61.94   LEFT  
   62.00    0.00   4.467E-02   -1.67  8.463E-02    1.36    -2.3873    3.1629    4.2302   0.0218    62.19   LEFT  
   64.00    0.00   4.547E-02   -1.49  8.702E-02    0.78    -2.2324    3.4053    4.4537   0.0163    62.42   LEFT  
   66.00    0.00   4.622E-02   -1.31  8.927E-02    0.20    -2.0906    3.6266    4.6581   0.0108    62.63   LEFT  
   68.00    0.00   4.691E-02   -1.13  9.136E-02   -0.37    -1.9615    3.8279    4.8443   0.0054    62.82   LEFT  
   70.00    0.00   4.755E-02   -0.94  9.330E-02   -0.94    -1.8448    4.0101    5.0128   0.0000    63.00   LINEAR
   72.00    0.00   4.812E-02   -0.75  9.508E-02   -1.52    -1.7401    4.1739    5.1645   0.0054    63.15   RIGHT 
   74.00    0.00   4.864E-02   -0.56  9.669E-02   -2.10    -1.6471    4.3201    5.2999   0.0108    63.30   RIGHT 
   76.00    0.00   4.910E-02   -0.37  9.814E-02   -2.70    -1.5656    4.4493    5.4195   0.0163    63.43   RIGHT 
   78.00    0.00   4.950E-02   -0.18  9.942E-02   -3.31    -1.4953    4.5621    5.5239   0.0218    63.55   RIGHT 
   80.00    0.00   4.984E-02    0.02  1.005E-01   -3.94    -1.4362    4.6592    5.6134   0.0275    63.66   RIGHT 
   82.00    0.00   5.012E-02    0.22  1.015E-01   -4.59    -1.3880    4.7409    5.6886   0.0333    63.77   RIGHT 
   84.00    0.00   5.033E-02    0.42  1.023E-01   -5.26    -1.3507    4.8078    5.7497   0.0392    63.87   RIGHT 
   86.00    0.00   5.049E-02    0.61  1.029E-01   -5.96    -1.3241    4.8602    5.7971   0.0453    63.96   RIGHT 
   88.00    0.00   5.058E-02    0.81  1.033E-01   -6.68    -1.3081    4.8985    5.8310   0.0516    64.04   RIGHT 
   90.00    0.00   5.061E-02    1.01  1.036E-01   -7.43    -1.3028    4.9229    5.8518   0.0581    64.12   RIGHT 
   92.00    0.00   5.058E-02    1.21  1.038E-01   -8.22    -1.3081    4.9339    5.8596   0.0648    64.20   RIGHT 
   94.00    0.00   5.049E-02    1.41  1.037E-01   -9.04    -1.3241    4.9316    5.8547   0.0718    64.28   RIGHT 
   96.00    0.00   5.033E-02    1.61  1.036E-01   -9.90    -1.3507    4.9163    5.8372   0.0790    64.36   RIGHT 
   98.00    0.00   5.012E-02    1.81  1.032E-01  -10.80    -1.3880    4.8881    5.8073   0.0864    64.44   RIGHT 
  100.00    0.00   4.984E-02    2.01  1.027E-01  -11.75    -1.4362    4.8474    5.7651   0.0942    64.53   RIGHT 
  102.00    0.00   4.950E-02    2.20  1.021E-01  -12.74    -1.4954    4.7941    5.7108   0.1023    64.62   RIGHT 
  104.00    0.00   4.910E-02    2.40  1.013E-01  -13.78    -1.5656    4.7287    5.6444   0.1107    64.72   RIGHT 
  106.00    0.00   4.864E-02    2.59  1.004E-01  -14.87    -1.6471    4.6511    5.5661   0.1194    64.82   RIGHT 
  108.00    0.00   4.812E-02    2.78  9.942E-02  -16.02    -1.7401    4.5616    5.4759   0.1285    64.94   RIGHT 
  110.00    0.00   4.755E-02    2.97  9.826E-02  -17.23    -1.8448    4.4604    5.3740   0.1380    65.07   RIGHT 
  112.00    0.00   4.691E-02    3.16  9.700E-02  -18.51    -1.9616    4.3477    5.2606   0.1479    65.22   RIGHT 
  114.00    0.00   4.622E-02    3.34  9.562E-02  -19.85    -2.0906    4.2239    5.1358   0.1582    65.39   RIGHT 
  116.00    0.00   4.547E-02    3.52  9.415E-02  -21.27    -2.2324    4.0892    4.9997   0.1689    65.58   RIGHT 
  118.00    0.00   4.467E-02    3.70  9.259E-02  -22.76    -2.3873    3.9439    4.8526   0.1800    65.81   RIGHT 
  120.00    0.00   4.381E-02    3.87  9.095E-02  -24.34    -2.5559    3.7887    4.6949   0.1916    66.07   RIGHT 
  122.00    0.00   4.290E-02    4.04  8.924E-02  -26.00    -2.7385    3.6239    4.5267   0.2036    66.37   RIGHT 
  124.00    0.00   4.194E-02    4.21  8.748E-02  -27.75    -2.9359    3.4502    4.3487   0.2160    66.72   RIGHT 
  126.00    0.00   4.092E-02    4.37  8.566E-02  -29.60    -3.1487    3.2685    4.1612   0.2287    67.13   RIGHT 
  128.00    0.00   3.986E-02    4.53  8.382E-02  -31.55    -3.3777    3.0797    3.9649   0.2418    67.60   RIGHT 
  130.00    0.00   3.874E-02    4.69  8.196E-02  -33.61    -3.6238    2.8847    3.7605   0.2550    68.15   RIGHT 
  132.00    0.00   3.758E-02    4.84  8.010E-02  -35.77    -3.8879    2.6848    3.5490   0.2683    68.79   RIGHT 
  134.00    0.00   3.638E-02    4.99  7.824E-02  -38.04    -4.1712    2.4815    3.3313   0.2815    69.53   RIGHT 
  136.00    0.00   3.513E-02    5.13  7.642E-02  -40.42    -4.4750    2.2761    3.1086   0.2944    70.39   RIGHT 
  138.00    0.00   3.383E-02    5.26  7.463E-02  -42.92    -4.8007    2.0706    2.8824   0.3066    71.37   RIGHT 
  140.00    0.00   3.250E-02    5.39  7.290E-02  -45.52    -5.1501    1.8666    2.6540   0.3179    72.47   RIGHT 
  142.00    0.00   3.113E-02    5.52  7.123E-02  -48.24    -5.5251    1.6662    2.4251   0.3277    73.72   RIGHT 
  144.00    0.00   2.971E-02    5.64  6.965E-02  -51.05    -5.9280    1.4712    2.1974   0.3356    75.10   RIGHT 
  146.00    0.00   2.827E-02    5.75  6.816E-02  -53.95    -6.3616    1.2837    1.9729   0.3411    76.60   RIGHT 
  148.00    0.00   2.679E-02    5.86  6.678E-02  -56.94    -6.8291    1.1055    1.7534   0.3436    78.20   RIGHT 
  150.00    0.00   2.527E-02    5.97  6.551E-02  -59.98    -7.3344    0.9381    1.5407   0.3427    79.86   RIGHT 
  152.00    0.00   2.373E-02    6.06  6.435E-02  -63.08    -7.8820    0.7830    1.3367   0.3380    81.55   RIGHT 
  154.00    0.00   2.216E-02    6.15  6.330E-02  -66.21    -8.4778    0.6410    1.1428   0.3294    83.21   RIGHT 
  156.00    0.00   2.056E-02    6.24  6.237E-02  -69.35    -9.1288    0.5127    0.9605   0.3168    84.79   RIGHT 
  158.00    0.00   1.893E-02    6.32  6.156E-02  -72.47    -9.8439    0.3980    0.7905   0.3005    86.24   RIGHT 
  160.00    0.00   1.728E-02    6.39  6.084E-02  -75.56   -10.6347    0.2965    0.6335   0.2808    87.53   RIGHT 
  162.00    0.00   1.562E-02    6.45  6.022E-02  -78.60   -11.5164    0.2069    0.4896   0.2582    88.63   RIGHT 
  164.00    0.00   1.393E-02    6.51  5.967E-02  -81.57   -12.5096    0.1278    0.3582   0.2333    89.53   RIGHT 
  166.00    0.00   1.222E-02    6.56  5.919E-02  -84.44   -13.6431    0.0573    0.2387   0.2065    90.22   RIGHT 
  168.00    0.00   1.051E-02    6.61  5.875E-02  -87.20   -14.9592   -0.0071    0.1295   0.1784    90.70   RIGHT 
  170.00    0.00   8.774E-03    6.65  5.834E-02  -89.84   -16.5236   -0.0679    0.0293   0.1494    91.00   RIGHT 
  172.00    0.00   7.032E-03    6.68  5.794E-02  -92.35   -18.4460   -0.1276   -0.0641   0.1198    91.11   RIGHT 
  174.00    0.00   5.281E-03    6.70  5.753E-02  -94.71   -20.9326   -0.1892   -0.1527   0.0900    91.05   RIGHT 
  176.00    0.00   3.524E-03    6.72  5.710E-02  -96.93   -24.4457   -0.2553   -0.2388   0.0600    90.84   RIGHT 
  178.00    0.00   1.763E-03    6.73  5.662E-02  -99.00   -30.4610   -0.3286   -0.3244   0.0300    90.48   RIGHT 
  180.00    0.00   0.000E+00    0.00  5.608E-02 -100.91  -999.9999   -0.4117   -0.4117   0.0000    90.00   LINEAR

     Gain is a factor of  1.00000E+00 (    0.00 dB) larger than directivity

       The directivity/gain is based on an active power of  5.76628E-05 W
       and on a power loss of  0.00000E+00 W 

 read from input file:                             
EN       0    0    0    0    0 0.000E+00 0.000E+00 0.000E+00 0.000E+00 0.000E+00 0.000E+00 0.000E+00 0.000E+00


                    SUMMARY OF REQUIRED TIMES IN SECONDS

                                            CPU-time      runtime
 Reading and constructing the geometry         0.003        0.003
 Checking the geometry                         0.000        0.000
 Initialisation of the Greens function         0.000        0.000
 Calcul. of coupling for PO/Fock               0.000        0.000
 Calcul. of matrix elements                    0.016        0.016
 Calcul. of right-hand side vector             0.000        0.000
 Preconditioning system of linear eqns.        0.000        0.000
 Solution of the system of linear eqns.        0.000        0.000
 Determination of surface currents             0.000        0.000
 Calcul. of impedances/powers/losses           0.018        0.017
 Calcul. of averaged SAR values                0.000        0.000
 Calcul. of power ideal receiving ant.         0.000        0.000
 Calcul. of cable coupling                     0.000        0.000
 Calcul. of electric near field                0.000        0.000
 Calcul. of magnetic near field                0.000        0.000
 Calcul. of far field                          0.078        0.078
                            other              0.025        0.025
                                         -----------  -----------
                         total times:          0.140        0.139
               (total times in hours:          0.000        0.000)

 Peak memory usage during the whole solution:   27.055 kByte

Finished: 2011-02-19 21:14:57                     
