=========================  L O G - FILE - OPTFEKO  =========================

Version: 15.28 of 2009-08-10
Date: 2011-02-19 21:13:12
File: Yagui3_Gamma_Match

OPTIMISATION WITH FEKO

=============== Optimisation variables ===============

No.  Name                                  Beg.value          Minimum          Maximum
  1 s                                1.824800000e+00  3.000000000e-01  3.000000000e+00
  2 lt                               1.500000000e+01  6.923610000e-01  1.644360000e+01



=============== Optimisation goals ===============

No.  Name                            Expression
  1 search1.goals.impedancegoal1    re(inputimp(impedance(voltagesource1)))-50
  2 search1.goals.impedancegoal2    re(inputimp(impedance(voltagesource2)))-50


=============== Optimisation method: SIMPLEX NELDER-MEAD ===============

Maximum number of iterations:                      1000
Base of the simplex:                    1.500000000e-01
Reduction factor of the base:           5.000000000e-01
Termination at minimal base:            5.000000000e-03
Termination at standard deviation:      1.000000000e-04
Standard reflection coefficient (R):    1.000000000e+00
Contraction coefficient (-C, +C):       5.000000000e-01
Expansion coefficient (E):              2.000000000e+00


=============== SIMPLEX NELDER-MEAD: Intermediate results ===============

 No.  s                lt               search1.goals.i  search1.goals.i  global goal      Operation   Global best aim
   1  1.824800000e+00  1.500000000e+01  9.319163167e+01 -3.770436486e+01  6.319163167e+01       -----  6.319163167e+01
   2  2.215999960e+00  1.561150810e+01  2.512805480e+01 -1.789440936e+01  0.000000000e+00       -----  0.000000000e+00
   3  1.929621713e+00  1.271782072e+01  2.721880830e+02 -4.109313712e+01  2.421880830e+02       -----


=============== SIMPLEX NELDER-MEAD: Finished ===============

Optimisation finished (Goal reached:   0.000000000e+00)

Optimum found for these parameters:
  s                              =   2.215999960e+00
  lt                             =   1.561150810e+01

Optimum aim function value (at no. 2):   0.000000000e+00
No. of the last analysis: 3
