=========================  L O G - FILE - OPTFEKO  =========================

Version: 15.28 of 2009-08-10
Date: 2011-02-26 19:40:18
File: Yagui3_Boom_T-Match

OPTIMISATION WITH FEKO

=============== Optimisation variables ===============

No.  Name                                  Beg.value          Minimum          Maximum
  1 st                               1.650000000e+00  8.000000000e-01  3.000000000e+00
  2 lt                               2.766000000e+01  2.000000000e+00  3.200000000e+01



=============== Optimisation goals ===============

No.  Name                            Expression
  1 search1.goals.impedancegoal1    min(ex_vswr:50(impedance(voltagesource1)))


=============== Optimisation method: SIMPLEX NELDER-MEAD ===============

Maximum number of iterations:                      1000
Base of the simplex:                    1.500000000e-01
Reduction factor of the base:           5.000000000e-01
Termination at minimal base:            5.000000000e-03
Termination at standard deviation:      1.000000000e-06
Standard reflection coefficient (R):    1.000000000e+00
Contraction coefficient (-C, +C):       5.000000000e-01
Expansion coefficient (E):              2.000000000e+00


=============== SIMPLEX NELDER-MEAD: Intermediate results ===============

 No.  st               lt               search1.goals.i  global goal      Operation   Global best aim
   1  1.650000000e+00  2.766000000e+01  1.454290104e+00  1.542901039e-01       -----  1.542901039e-01
   2  1.968755523e+00  2.882468570e+01  1.541986413e+00  2.419864130e-01       -----
   3  1.735410285e+00  2.331333378e+01  4.966633535e+00  3.666633535e+00       -----
  --  1.883345238e+00  3.317135192e+01  Parameter set does not adhere to boundary constraints. No goal function values were computed.
   4  1.772394023e+00  2.577783832e+01  2.629829660e+00  1.329829660e+00  -C success
   5  1.846361500e+00  3.070684739e+01  3.224703065e+00  1.924703065e+00           R
   6  1.790885892e+00  2.701009058e+01  1.714969879e+00  4.149698792e-01  -C success
   7  1.827869630e+00  2.947459512e+01  1.900619090e+00  6.006190896e-01           R
   8  1.800131827e+00  2.762621672e+01  1.439558476e+00  1.395584762e-01  -C success  1.395584762e-01
   9  1.481376304e+00  2.646153101e+01  2.119621910e+00  8.196219103e-01           R
  10  1.846910718e+00  2.823389703e+01  1.353954285e+00  5.395428470e-02  -C success  5.395428470e-02
  11  1.997042545e+00  2.820011375e+01  1.350140761e+00  5.014076096e-02           R  5.014076096e-02
  12  2.170563817e+00  2.847017062e+01  1.434452866e+00  1.344528659e-01   E failure
  13  2.043821436e+00  2.880779406e+01  1.556393163e+00  2.563931634e-01           R
  14  1.861054229e+00  2.792161105e+01  1.360509623e+00  6.050962336e-02  -C success
  15  1.982899034e+00  2.851239973e+01  1.412175400e+00  1.121753997e-01           R
  16  1.891515430e+00  2.806930822e+01  1.352347623e+00  5.234762325e-02  -C success
  17  2.041647257e+00  2.803552494e+01  1.343318552e+00  4.331855210e-02           R  4.331855210e-02
  18  2.139015527e+00  2.793633889e+01  1.337071034e+00  3.707103395e-02   E success  3.707103395e-02
  19  2.183620239e+00  2.777175008e+01  1.344050030e+00  4.405003010e-02           R
  20  2.136975815e+00  2.787884100e+01  1.338682524e+00  3.868252419e-02  +C success
  21  2.234344085e+00  2.777965496e+01  1.338558256e+00  3.855825557e-02           R
  22  2.236383796e+00  2.783715285e+01  1.334846768e+00  3.484676765e-02           R  3.484676765e-02
  23  2.286087786e+00  2.781630877e+01  1.333230906e+00  3.323090583e-02   E success  3.323090583e-02
  24  2.383456056e+00  2.771712273e+01  1.332650575e+00  3.265057497e-02           R  3.265057497e-02
  25  2.505676321e+00  2.760751464e+01  1.332658017e+00  3.265801688e-02   E failure
  26  2.433160046e+00  2.769627865e+01  1.331061935e+00  3.106193545e-02           R  3.106193545e-02
  27  2.531548171e+00  2.762584155e+01  1.329768715e+00  2.976871490e-02   E success  2.976871490e-02