FEKO      Version  55.353       from 2009-08-10 (FEKO Suite 5.5)
          PREFEKO version 34.46-92 from 2009-08-10                    BINARY
          CADFEKO_BATCH version 5.0.124623 from Aug 11 2009           
          Copyright (c) 1999-2009 EM Software & Systems-S.A. (Pty) Ltd     
          Intel(R) MKL version 10.2 (build 20090616) on Intel(R) Pentium(R) 4 processor with SSE3 (1 thread)
Computer: PC WIN32 MKL -- Supersonic                        
          Professional  (Build 7600), Version 6.1.7600
          Genuine Intel(R) CPU           T2400  @ 1.83GHz; GenuineIntel family 6 model 14 stepping 8 brand id 0
          1 physical CPU with a total of 2 processors found (multi-core CPU with max. 2 cores per physical CPU)
Date:     2011-02-19 21:13:14                     
File:     Yagui3_Gamma_Match_opt_1
Memory:   Limited to    2.000 GByte, reason  160
MD5 Check:2A150A67D1F28AFFA5ECAB1622C1EDE6
MD5 Total:1645316708ED94DECFE0884FB1F14B83
Licence:  Nodelocked licence no.                                 

 Number of cores found on this CPU:  2
 (that many parallel processes may be run with your sequential FEKO licence)
 NOTE    35127: You are running a sequential version of FEKO, but it was detected that your CPU has more than one core. For best performance, it would be recommended to run the parallel FEKO kernel (your licence allows this)

          Scaling of the geometry with factor SKAL =  1.00000E-02

          Length of the segments in m:         1.1548629


                                DATA FOR MEMORY USAGE

 Number of metallic triangles:            0                   max. triangles:MAXNDR   =        0
 Number of dielectric triangles:          0
 Number of diel. GO triangles:            0
 Number of diel. windscreen tr.:          0
 Number of FEM surface triangles:         0
 Number of modal port triangles:          0
 Number of metallic segments:            25                   max. segments: MAXNSEG  =       25
 Number dielectr./magnet. cuboids:        0                   max. cuboids:  MAXNQUA  =        0
 Number of tetrahedral elements:          0                   max. tetrah.:  MAXNTETRA=        0
 Number of edges in PO region:            0                   max. edges:    MAXPOKA  =        0
 Number of wedges in PO region:           0                   max. wedges:   MAXPOKL  =        0
 Number of Fock regions:                  0                   max. Fock reg.:MAXFOGE  =        0
 Number of polygonal surfaces:            0                   max. surfaces: MAXPOLYF =        0
                                                              max. corner p.:MAXPOLYP =        0
 Number of UTD cylinders:                 0

 Number of metallic edges (MoM):            0  unknown:        0   max. edges:   MAXNKA    =        0
                                            0  unknown:        0   (magnet.) 
 Number of metallic edges (PO):             0  unknown:        0   (electr.)         0 (magnet.)
 Number of dielectric edges (MoM):          0  unknown:        0   (electr.) 
                                            0                  0   (magnet.) 
 Number of dielectric edges (PO):           0  unknown:        0   (electr.)         0 (magnet.)
 Number of edges FEM/MoM surface:           0  unknown:        0   (electr.) 
                                            0                  0   (magnet.) 
 Number of nodes between segments:         22  unknown:       22   max. nodes:   MAXNKNO   =       48
 Number of connection points:               0  unknown:        0   max. conn.:   MAXNV     =        0
 Number of dielectric cuboids:              0  unknown:        0   max. cuboids: MAXNQUA   =        0
 Number of magnetic cuboids:                0  unknown:        0

 Number of basis funct. for MoM:           22  unknown:       22   max. basisf.  MAXNZEILE =       48
 Number of basis funct. for PO:             0  unknown:        0   max. basisf.  MAXNKAPO  =        0

 read from input file:                             
FR       0    0    0    0    0 4.330E+08 0.000E+00 0.000E+00 0.000E+00 0.000E+00 0.000E+00 0.000E+00 0.000E+00
 read from input file:                             
A1       0    9    0    0    0 1.000E+00 0.000E+00 0.000E+00 0.000E+00 0.000E+00 0.000E+00 0.000E+00 0.000E+00
 read from input file:                             
A1       1    4    0    0    0-1.000E+00 0.000E+00 0.000E+00 0.000E+00 0.000E+00 0.000E+00 0.000E+00 0.000E+00
 read from input file:                             
DA       0    0    0    0    0 0.000E+00 0.000E+00 0.000E+00 0.000E+00 0.000E+00 0.000E+00 0.000E+00 0.000E+00
 read from input file:                             
DA       0    0    0    0    0 0.000E+00 0.000E+00 0.000E+00 0.000E+00 0.000E+00 0.000E+00 0.000E+00 0.000E+00
 read from input file:                             
OF       1    0    0    0    0 0.000E+00 0.000E+00 0.000E+00 0.000E+00 0.000E+00 0.000E+00 0.000E+00 0.000E+00
 read from input file:                             
FF       1  181    1    0    0-1.800E+02 0.000E+00 2.000E+00 0.000E+00 0.000E+00 0.000E+00 0.000E+00 0.000E+00


                              DATA FOR DIELECTRIC MEDIA

internal  relative     relative  conductivity   tan(delta)    tan(delta)    wavelength   mass density    volume     medium
index  permittivity permeability   in S/m       (electric)    (magnetic)       in m       in kg/m^3      in m^3
    0      1.00000      1.00000  0.00000E+00   0.00000E+00   0.00000E+00   6.92361E-01   0.00000E+00    infinite    0


                    EXCITATION BY VOLTAGE SOURCE AT SEGMENT

 Name:                        VoltageSource1
 Number of voltage source:    N =      1
 Frequency in Hz:             FREQ =  4.33000E+08
 Wavelength in m:             LAMBDA =  6.92361E-01
 Open circuit voltage in V:   |U0| =  1.00000E+00
 Phase in deg.:               ARG(U0) =     0.00
 Source at segment w. label:  ULA = Union2.Wire132.Port1
 Absolute number of segment:  UNR =     25
 Location of the excit. in m: X =  0.00000E+00
                              Y =  9.61613E-03
                              Z = -1.82480E-02
 Positive feed direction:     X =  0.00000E+00
                              Y =  1.00000E+00
                              Z =  0.00000E+00



                    EXCITATION BY VOLTAGE SOURCE AT SEGMENT

 Name:                        VoltageSource2
 Number of voltage source:    N =      2
 Frequency in Hz:             FREQ =  4.33000E+08
 Wavelength in m:             LAMBDA =  6.92361E-01
 Open circuit voltage in V:   |U0| =  1.00000E+00
 Phase in deg.:               ARG(U0) =  -180.00
 Source at segment w. label:  ULA = Union2.Wire131.Port2
 Absolute number of segment:  UNR =     16
 Location of the excit. in m: X =  0.00000E+00
                              Y = -9.61613E-03
                              Z =  0.00000E+00
 Positive feed direction:     X =  0.00000E+00
                              Y =  1.00000E+00
                              Z =  0.00000E+00



                         DATA FOR THE GREEN'S FUNCTION

                                   free space


               All segments and triangles are perfectly conducting


                          DATA FOR STORAGE OF THE MATRIX

 Storage using single precision

 Memory requirement for MoM matrix:        32 rows *       22 columns =         704 complex numbers
 For the MoM matrix, a memory of          704 complex numbers is used (i.e.    5.500 kByte)
 Storing the matrix and solving the linear set of equations in main memory (case 1)

     A total memory of   26.228 kByte has been allocated dynamically
     (peak memory usage so far   26.228 kByte)



                    PRE-CONDITIONING OF THE LINEAR SET OF EQUATIONS

               Selected algorithm:     PCFLAG =    1
               CPU time for preconditioning:       0.000 seconds


                    SOLUTION OF THE LINEAR SET OF EQUATIONS WITH LAPAGAU

               Block size for the LU decomp.:    64
               Condition number of the matrix:  1.67419E+02

               Floating point performance for LU decomposition:
                    Not determined since computation time too short

     CPU time for solving the linear set of equations:       0.000 seconds


                         DATA OF THE VOLTAGE SOURCE NO.     1

                    real part  imag. part     magn.         phase
 Current   in A    3.9056E-05 -5.2079E-04  5.2226E-04      -85.71
 Admitt.   in A/V  3.9056E-05 -5.2079E-04  5.2226E-04      -85.71
 Impedance in Ohm  1.4319E+02  1.9094E+03  1.9148E+03       85.71
 Inductance  in H  7.0183E-07

                                   Power in Watt: 1.95279E-05


                         DATA OF THE VOLTAGE SOURCE NO.     2

                    real part  imag. part     magn.         phase
 Current   in A   -1.4552E-04  3.4371E-03  3.4402E-03       92.42
 Admitt.   in A/V  1.4552E-04 -3.4371E-03  3.4402E-03      -87.58
 Impedance in Ohm  1.2296E+01  2.9042E+02  2.9068E+02       87.58
 Inductance  in H  1.0675E-07

                                   Power in Watt: 7.27584E-05



                              SUMMARY OF LOSSES

          Metallic elements:                          0.0000E+00 W
          Dielectric (surface equiv. princ.):         0.0000E+00 W
          Dielectric (volume equiv. princ.):          0.0000E+00 W
          Dielectric (FEM region):                    0.0000E+00 W
          Mismatch at feed:                           0.0000E+00 W
          Non-radiating networks:                     0.0000E+00 W
          Backward power at passive waveguide ports:  0.0000E+00 W
          Backward power at passive modal ports:      0.0000E+00 W
                                                     -------------
                Sum of all losses:                    0.0000E+00 W

          Efficiency of the antenna:                    100.0000 %
          (based on a total active power:             9.2286E-05 W)


 Far-field request with name: FarField2



      VALUES OF THE SCATTERED ELECTRIC FIELD STRENGTH IN THE FAR FIELD in V
                    Factor e^(-j*BETA*R)/R not considered

          The following offset is in effect for the co-ordinates:
          X= 0.00000E+00 m  Y= 0.00000E+00 m  Z= 0.00000E+00 m

       LOCATION          ETHETA             EPHI              directivity in dB             POLARISATION
   THETA    PHI      magn.    phase     magn.    phase     vert.     horiz.    total     axial r. angle   direction
 -180.00    0.00   0.000E+00    0.00  5.575E-02 -115.26  -999.9999   -2.5056   -2.5056   0.0000    90.00   LINEAR
 -178.00    0.00   1.545E-03 -173.27  5.529E-02 -118.65   -33.6540   -2.5765   -2.5731   0.0228    89.07   LEFT  
 -176.00    0.00   3.087E-03 -173.28  5.474E-02 -121.77   -27.6386   -2.6632   -2.6494   0.0441    87.99   LEFT  
 -174.00    0.00   4.626E-03 -173.29  5.406E-02 -124.63   -24.1256   -2.7727   -2.7410   0.0640    86.75   LEFT  
 -172.00    0.00   6.159E-03 -173.31  5.320E-02 -127.27   -21.6391   -2.9110   -2.8532   0.0828    85.37   LEFT  
 -170.00    0.00   7.685E-03 -173.34  5.215E-02 -129.68   -19.7167   -3.0841   -2.9908   0.1006    83.85   LEFT  
 -168.00    0.00   9.202E-03 -173.37  5.089E-02 -131.89   -18.1524   -3.2973   -3.1576   0.1176    82.18   LEFT  
 -166.00    0.00   1.071E-02 -173.41  4.939E-02 -133.92   -16.8363   -3.5564   -3.3570   0.1340   -99.67   LEFT  
 -164.00    0.00   1.220E-02 -173.45  4.766E-02 -135.77   -15.7029   -3.8670   -3.5913   0.1502  -101.72   LEFT  
 -162.00    0.00   1.368E-02 -173.50  4.568E-02 -137.46   -14.7098   -4.2353   -3.8625   0.1661  -104.00   LEFT  
 -160.00    0.00   1.514E-02 -173.55  4.346E-02 -139.00   -13.8282   -4.6687   -4.1713   0.1820  -106.57   LEFT  
 -158.00    0.00   1.658E-02 -173.61  4.099E-02 -140.41   -13.0375   -5.1756   -4.5175   0.1978  -109.49   LEFT  
 -156.00    0.00   1.800E-02 -173.68  3.830E-02 -141.69   -12.3225   -5.7668   -4.8995   0.2132  -112.84   LEFT  
 -154.00    0.00   1.940E-02 -173.74  3.538E-02 -142.85   -11.6716   -6.4557   -5.3133   0.2277  -116.70   LEFT  
 -152.00    0.00   2.078E-02 -173.82  3.225E-02 -143.89   -11.0760   -7.2606   -5.7518   0.2403  -121.19   LEFT  
 -150.00    0.00   2.213E-02 -173.90  2.892E-02 -144.82   -10.5285   -8.2061   -6.2035   0.2491  -126.40   LEFT  
 -148.00    0.00   2.346E-02 -173.98  2.542E-02 -145.62   -10.0234   -9.3278   -6.6514   0.2518  -132.40   LEFT  
 -146.00    0.00   2.476E-02 -174.07  2.175E-02 -146.29    -9.5560  -10.6796   -7.0713   0.2450  -139.17   LEFT  
 -144.00    0.00   2.602E-02 -174.17  1.795E-02 -146.79    -9.1226  -12.3484   -7.4323   0.2259  -146.58   LEFT  
 -142.00    0.00   2.726E-02 -174.27  1.403E-02 -147.05    -8.7198  -14.4883   -7.6991   0.1930  -154.38   LEFT  
 -140.00    0.00   2.846E-02 -174.37  1.002E-02 -146.87    -8.3449  -17.4161   -7.8378   0.1478  -162.26   LEFT  
 -138.00    0.00   2.963E-02 -174.48  5.932E-03 -145.44    -7.9957  -21.9660   -7.8250   0.0943  -169.98   LEFT  
 -136.00    0.00   3.076E-02 -174.59  1.837E-03 -134.82    -7.6701  -32.1467   -7.6547   0.0381  -177.37   LEFT  
 -134.00    0.00   3.185E-02 -174.71  2.461E-03   16.73    -7.3665  -29.6060   -7.3407   0.0152   175.67   RIGHT 
 -132.00    0.00   3.291E-02 -174.83  6.609E-03   23.83    -7.0834  -21.0278   -6.9117   0.0620   169.19   RIGHT 
 -130.00    0.00   3.393E-02 -174.95  1.077E-02   25.19    -6.8194  -16.7887   -6.4027   0.1003   163.24   RIGHT 
 -128.00    0.00   3.490E-02 -175.08  1.489E-02   25.64    -6.5735  -13.9715   -5.8471   0.1299   157.85   RIGHT 
 -126.00    0.00   3.583E-02 -175.21  1.896E-02   25.81    -6.3447  -11.8735   -5.2727   0.1517   153.04   RIGHT 
 -124.00    0.00   3.672E-02 -175.35  2.295E-02   25.89    -6.1320  -10.2143   -4.6999   0.1673   148.80   RIGHT 
 -122.00    0.00   3.756E-02 -175.49  2.684E-02   25.93    -5.9348   -8.8531   -4.1430   0.1782   145.10   RIGHT 
 -120.00    0.00   3.836E-02 -175.63  3.062E-02   25.97    -5.7523   -7.7094   -3.6112   0.1857   141.87   RIGHT 
 -118.00    0.00   3.911E-02 -175.77  3.427E-02   26.03    -5.5839   -6.7326   -3.1101   0.1908   139.06   RIGHT 
 -116.00    0.00   3.981E-02 -175.92  3.776E-02   26.12    -5.4291   -5.8888   -2.6426   0.1945   136.63   RIGHT 
 -114.00    0.00   4.047E-02 -176.07  4.109E-02   26.25    -5.2874   -5.1544   -2.2101   0.1972   134.53   RIGHT 
 -112.00    0.00   4.107E-02 -176.22  4.425E-02   26.41    -5.1585   -4.5121   -1.8130   0.1995   132.69   RIGHT 
 -110.00    0.00   4.163E-02 -176.37  4.721E-02   26.63    -5.0418   -3.9490   -1.4508   0.2017   131.10   RIGHT 
 -108.00    0.00   4.213E-02 -176.53  4.997E-02   26.88    -4.9372   -3.4550   -1.1229   0.2040   129.71   RIGHT 
 -106.00    0.00   4.259E-02 -176.69  5.253E-02   27.20    -4.8443   -3.0224   -0.8282   0.2065   128.49   RIGHT 
 -104.00    0.00   4.299E-02 -176.85  5.486E-02   27.56    -4.7629   -2.6449   -0.5657   0.2094   127.43   RIGHT 
 -102.00    0.00   4.334E-02 -177.01  5.697E-02   27.98    -4.6927   -2.3175   -0.3344   0.2128   126.51   RIGHT 
 -100.00    0.00   4.363E-02 -177.17  5.884E-02   28.46    -4.6336   -2.0362   -0.1332   0.2167   125.70   RIGHT 
  -98.00    0.00   4.388E-02 -177.33  6.048E-02   29.01    -4.5855   -1.7973    0.0389   0.2212   124.99   RIGHT 
  -96.00    0.00   4.406E-02 -177.49  6.188E-02   29.63    -4.5482   -1.5982    0.1829   0.2264   124.37   RIGHT 
  -94.00    0.00   4.420E-02 -177.66  6.305E-02   30.31    -4.5216   -1.4365    0.2996   0.2324   123.84   RIGHT 
  -92.00    0.00   4.428E-02 -177.82  6.397E-02   31.08    -4.5056   -1.3100    0.3900   0.2391   123.37   RIGHT 
  -90.00    0.00   4.431E-02 -177.99  6.466E-02   31.93    -4.5003   -1.2171    0.4548   0.2467   122.97   RIGHT 
  -88.00    0.00   4.428E-02 -178.15  6.512E-02   32.86    -4.5056   -1.1561    0.4946   0.2552   122.62   RIGHT 
  -86.00    0.00   4.420E-02 -178.32  6.534E-02   33.90    -4.5216   -1.1258    0.5104   0.2647   122.32   RIGHT 
  -84.00    0.00   4.406E-02 -178.48  6.535E-02   35.03    -4.5481   -1.1250    0.5026   0.2753   122.06   RIGHT 
  -82.00    0.00   4.388E-02 -178.64  6.514E-02   36.28    -4.5855   -1.1523    0.4722   0.2871   121.84   RIGHT 
  -80.00    0.00   4.363E-02 -178.81  6.474E-02   37.65    -4.6336   -1.2068    0.4197   0.3002   121.64   RIGHT 
  -78.00    0.00   4.334E-02 -178.97  6.414E-02   39.15    -4.6927   -1.2872    0.3459   0.3147   121.46   RIGHT 
  -76.00    0.00   4.299E-02 -179.13  6.337E-02   40.79    -4.7628   -1.3923    0.2518   0.3308   121.29   RIGHT 
  -74.00    0.00   4.259E-02 -179.29  6.244E-02   42.59    -4.8442   -1.5207    0.1383   0.3485   121.12   RIGHT 
  -72.00    0.00   4.213E-02 -179.45  6.137E-02   44.55    -4.9371   -1.6708    0.0065   0.3680   120.92   RIGHT 
  -70.00    0.00   4.163E-02 -179.60  6.018E-02   46.70    -5.0417   -1.8406   -0.1424   0.3896   120.69   RIGHT 
  -68.00    0.00   4.107E-02 -179.76  5.890E-02   49.04    -5.1584   -2.0279   -0.3067   0.4133   120.40   RIGHT 
  -66.00    0.00   4.047E-02 -179.91  5.754E-02   51.59    -5.2873   -2.2299   -0.4846   0.4393   120.00   RIGHT 
  -64.00    0.00   3.981E-02  179.94  5.615E-02   54.37    -5.4290   -2.4433   -0.6741   0.4677   119.47   RIGHT 
  -62.00    0.00   3.911E-02  179.80  5.474E-02   57.37    -5.5838   -2.6641   -0.8728   0.4985   118.71   RIGHT 
  -60.00    0.00   3.836E-02  179.65  5.335E-02   60.62    -5.7522   -2.8878   -1.0777   0.5315   -62.34   RIGHT 
  -58.00    0.00   3.756E-02  179.51  5.200E-02   64.12    -5.9347   -3.1090   -1.2857   0.5663   -63.84   RIGHT 
  -56.00    0.00   3.672E-02  179.37  5.074E-02   67.86    -6.1319   -3.3220   -1.4933   0.6019   -65.95   RIGHT 
  -54.00    0.00   3.583E-02  179.24  4.960E-02   71.83    -6.3445   -3.5207   -1.6968   0.6364   -68.94   RIGHT 
  -52.00    0.00   3.490E-02  179.11  4.859E-02   76.00    -6.5734   -3.6989   -1.8922   0.6664   -73.04   RIGHT 
  -50.00    0.00   3.393E-02  178.98  4.775E-02   80.36    -6.8193   -3.8509   -2.0760   0.6874   -78.36   RIGHT 
  -48.00    0.00   3.291E-02  178.85  4.709E-02   84.85    -7.0832   -3.9720   -2.2445   0.6940   -84.60   RIGHT 
  -46.00    0.00   3.185E-02  178.73  4.662E-02   89.42    -7.3664   -4.0591   -2.3949   0.6832   -90.88   RIGHT 
  -44.00    0.00   3.076E-02  178.62  4.634E-02   94.02    -7.6700   -4.1108   -2.5253   0.6563   -96.30   RIGHT 
  -42.00    0.00   2.963E-02  178.51  4.625E-02   98.58    -7.9955   -4.1281   -2.6346   0.6180  -100.41   RIGHT 
  -40.00    0.00   2.846E-02  178.40  4.632E-02  103.06    -8.3447   -4.1141   -2.7231   0.5734  -103.27   RIGHT 
  -38.00    0.00   2.726E-02  178.29  4.654E-02  107.39    -8.7196   -4.0735   -2.7925   0.5262  -105.13   RIGHT 
  -36.00    0.00   2.602E-02  178.19  4.687E-02  111.55    -9.1224   -4.0128   -2.8455   0.4791  -106.24   RIGHT 
  -34.00    0.00   2.476E-02  178.10  4.726E-02  115.50    -9.5558   -3.9391   -2.8862   0.4335  -106.80   RIGHT 
  -32.00    0.00   2.346E-02  178.01  4.770E-02  119.21   -10.0232   -3.8602   -2.9192   0.3904  -106.96   RIGHT 
  -30.00    0.00   2.214E-02  177.93  4.812E-02  122.69   -10.5283   -3.7837   -2.9501   0.3502  -106.82   RIGHT 
  -28.00    0.00   2.078E-02  177.85  4.849E-02  125.92   -11.0758   -3.7171   -2.9846   0.3130  -106.46   RIGHT 
  -26.00    0.00   1.941E-02  177.77  4.877E-02  128.92   -11.6714   -3.6672   -3.0288   0.2788  -105.94   RIGHT 
  -24.00    0.00   1.800E-02  177.70  4.892E-02  131.68   -12.3223   -3.6407   -3.0889   0.2476  -105.30   RIGHT 
  -22.00    0.00   1.658E-02  177.64  4.890E-02  134.22   -13.0373   -3.6437   -3.1710   0.2190  -104.55   RIGHT 
  -20.00    0.00   1.514E-02  177.58  4.868E-02  136.56   -13.8280   -3.6822   -3.2813   0.1930  -103.73   RIGHT 
  -18.00    0.00   1.368E-02  177.52  4.824E-02  138.69   -14.7096   -3.7621   -3.4262   0.1693  -102.83   RIGHT 
  -16.00    0.00   1.220E-02  177.48  4.754E-02  140.64   -15.7026   -3.8892   -3.6122   0.1475  -101.87   RIGHT 
  -14.00    0.00   1.071E-02  177.43  4.656E-02  142.40   -16.8361   -4.0700   -3.8462   0.1274  -100.84   RIGHT 
  -12.00    0.00   9.202E-03  177.40  4.528E-02  144.00   -18.1521   -4.3117   -4.1360   0.1087   -99.75   RIGHT 
  -10.00    0.00   7.685E-03  177.36  4.369E-02  145.42   -19.7164   -4.6226   -4.4902   0.0910   -98.56   RIGHT 
   -8.00    0.00   6.160E-03  177.34  4.177E-02  146.67   -21.6389   -5.0126   -4.9191   0.0740   -97.27   RIGHT 
   -6.00    0.00   4.626E-03  177.32  3.952E-02  147.74   -24.1254   -5.4944   -5.4352   0.0572   -95.83   RIGHT 
   -4.00    0.00   3.087E-03  177.30  3.692E-02  148.62   -27.6384   -6.0843   -6.0540   0.0399   -94.20   RIGHT 
   -2.00    0.00   1.545E-03  177.30  3.398E-02  149.28   -33.6538   -6.8043   -6.7953   0.0213   -92.30   RIGHT 
    0.00    0.00   0.000E+00    0.00  3.071E-02  149.66  -999.9999   -7.6851   -7.6851   0.0000   -90.00   LINEAR
    2.00    0.00   1.545E-03   -2.70  2.710E-02  149.67   -33.6538   -8.7716   -8.7575   0.0264   -87.11   LEFT  
    4.00    0.00   3.087E-03   -2.70  2.317E-02  149.13   -27.6384  -10.1330  -10.0565   0.0621   -83.27   LEFT  
    6.00    0.00   4.626E-03   -2.68  1.894E-02  147.67   -24.1254  -11.8833  -11.6316   0.1156   -77.85   LEFT  
    8.00    0.00   6.160E-03   -2.66  1.446E-02  144.42   -21.6389  -14.2275  -13.5032   0.2041   -69.43   LEFT  
   10.00    0.00   7.685E-03   -2.64  9.847E-03  136.73   -19.7164  -17.5635  -15.4976   0.3559   -54.13   LEFT  
   12.00    0.00   9.202E-03   -2.60  5.618E-03  113.67   -18.1521  -22.4389  -16.7765   0.4975   -20.37   LEFT  
   14.00    0.00   1.071E-02   -2.57  4.667E-03   50.55   -16.8361  -24.0496  -16.0808   0.3236    16.43   LEFT  
   16.00    0.00   1.220E-02   -2.52  8.731E-03   14.12   -15.7026  -18.6082  -13.9065   0.1381    35.21   LEFT  
   18.00    0.00   1.368E-02   -2.48  1.425E-02    2.92   -14.7096  -14.3558  -11.5188   0.0471    46.17   LEFT  
   20.00    0.00   1.514E-02   -2.42  2.023E-02   -1.71   -13.8280  -11.3104   -9.3789   0.0060    53.19   LEFT  
   22.00    0.00   1.658E-02   -2.36  2.648E-02   -4.02   -13.0373   -8.9707   -7.5341   0.0130    57.95   RIGHT 
   24.00    0.00   1.800E-02   -2.30  3.293E-02   -5.29   -12.3223   -7.0774   -5.9417   0.0220    61.35   RIGHT 
   26.00    0.00   1.941E-02   -2.23  3.953E-02   -6.01   -11.6714   -5.4907   -4.5531   0.0261    63.89   RIGHT 
   28.00    0.00   2.078E-02   -2.15  4.625E-02   -6.41   -11.0758   -4.1278   -3.3290   0.0278    65.84   RIGHT 
   30.00    0.00   2.214E-02   -2.07  5.305E-02   -6.62   -10.5283   -2.9362   -2.2392   0.0282    67.40   RIGHT 
   32.00    0.00   2.346E-02   -1.99  5.990E-02   -6.71   -10.0232   -1.8807   -1.2610   0.0280    68.66   RIGHT 
   34.00    0.00   2.476E-02   -1.90  6.679E-02   -6.72    -9.5558   -0.9363   -0.3771   0.0274    69.71   RIGHT 
   36.00    0.00   2.602E-02   -1.81  7.366E-02   -6.68    -9.1224   -0.0847    0.4260   0.0267    70.59   RIGHT 
   38.00    0.00   2.726E-02   -1.71  8.051E-02   -6.61    -8.7196    0.6876    1.1589   0.0260    71.35   RIGHT 
   40.00    0.00   2.846E-02   -1.60  8.731E-02   -6.51    -8.3447    1.3915    1.8301   0.0252    72.00   RIGHT 
   42.00    0.00   2.963E-02   -1.49  9.403E-02   -6.41    -7.9955    2.0352    2.4464   0.0246    72.56   RIGHT 
   44.00    0.00   3.076E-02   -1.38  1.006E-01   -6.30    -7.6700    2.6256    3.0135   0.0240    73.05   RIGHT 
   46.00    0.00   3.185E-02   -1.27  1.071E-01   -6.19    -7.3664    3.1682    3.5361   0.0235    73.49   RIGHT 
   48.00    0.00   3.291E-02   -1.15  1.135E-01   -6.09    -7.0832    3.6675    4.0183   0.0231    73.87   RIGHT 
   50.00    0.00   3.393E-02   -1.02  1.196E-01   -6.00    -6.8193    4.1275    4.4634   0.0228    74.22   RIGHT 
   52.00    0.00   3.490E-02   -0.89  1.256E-01   -5.92    -6.5734    4.5513    4.8742   0.0226    74.52   RIGHT 
   54.00    0.00   3.583E-02   -0.76  1.314E-01   -5.85    -6.3445    4.9418    5.2534   0.0225    74.80   RIGHT 
   56.00    0.00   3.672E-02   -0.63  1.370E-01   -5.79    -6.1319    5.3015    5.6030   0.0225    75.04   RIGHT 
   58.00    0.00   3.756E-02   -0.49  1.423E-01   -5.75    -5.9347    5.6323    5.9250   0.0227    75.26   RIGHT 
   60.00    0.00   3.836E-02   -0.35  1.473E-01   -5.73    -5.7522    5.9361    6.2210   0.0229    75.46   RIGHT 
   62.00    0.00   3.911E-02   -0.20  1.521E-01   -5.73    -5.5838    6.2146    6.4926   0.0232    75.64   RIGHT 
   64.00    0.00   3.981E-02   -0.06  1.567E-01   -5.74    -5.4290    6.4692    6.7410   0.0237    75.80   RIGHT 
   66.00    0.00   4.047E-02    0.09  1.609E-01   -5.78    -5.2873    6.7010    6.9674   0.0242    75.94   RIGHT 
   68.00    0.00   4.107E-02    0.24  1.648E-01   -5.83    -5.1584    6.9113    7.1729   0.0248    76.07   RIGHT 
   70.00    0.00   4.163E-02    0.40  1.685E-01   -5.91    -5.0417    7.1009    7.3583   0.0256    76.19   RIGHT 
   72.00    0.00   4.213E-02    0.55  1.718E-01   -6.00    -4.9371    7.2708    7.5245   0.0264    76.30   RIGHT 
   74.00    0.00   4.259E-02    0.71  1.748E-01   -6.12    -4.8442    7.4218    7.6722   0.0274    76.39   RIGHT 
   76.00    0.00   4.299E-02    0.87  1.775E-01   -6.27    -4.7628    7.5544    7.8020   0.0285    76.48   RIGHT 
   78.00    0.00   4.334E-02    1.03  1.799E-01   -6.44    -4.6927    7.6694    7.9145   0.0296    76.55   RIGHT 
   80.00    0.00   4.363E-02    1.19  1.819E-01   -6.63    -4.6336    7.7672    8.0102   0.0309    76.62   RIGHT 
   82.00    0.00   4.388E-02    1.36  1.836E-01   -6.85    -4.5855    7.8483    8.0895   0.0323    76.68   RIGHT 
   84.00    0.00   4.406E-02    1.52  1.850E-01   -7.10    -4.5481    7.9130    8.1527   0.0338    76.73   RIGHT 
   86.00    0.00   4.420E-02    1.68  1.860E-01   -7.37    -4.5216    7.9617    8.2002   0.0354    76.78   RIGHT 
   88.00    0.00   4.428E-02    1.85  1.867E-01   -7.67    -4.5056    7.9947    8.2323   0.0372    76.82   RIGHT 
   90.00    0.00   4.431E-02    2.01  1.871E-01   -8.01    -4.5003    8.0121    8.2490   0.0391    76.85   RIGHT 
   92.00    0.00   4.428E-02    2.18  1.872E-01   -8.37    -4.5056    8.0140    8.2506   0.0411    76.88   RIGHT 
   94.00    0.00   4.420E-02    2.34  1.869E-01   -8.77    -4.5216    8.0007    8.2371   0.0432    76.91   RIGHT 
   96.00    0.00   4.406E-02    2.51  1.863E-01   -9.20    -4.5482    7.9721    8.2087   0.0455    76.93   RIGHT 
   98.00    0.00   4.388E-02    2.67  1.853E-01   -9.67    -4.5855    7.9283    8.1652   0.0480    76.95   RIGHT 
  100.00    0.00   4.363E-02    2.83  1.841E-01  -10.17    -4.6336    7.8692    8.1067   0.0506    76.96   RIGHT 
  102.00    0.00   4.334E-02    2.99  1.825E-01  -10.72    -4.6927    7.7948    8.0330   0.0534    76.97   RIGHT 
  104.00    0.00   4.299E-02    3.15  1.806E-01  -11.30    -4.7629    7.7048    7.9442   0.0564    76.98   RIGHT 
  106.00    0.00   4.259E-02    3.31  1.784E-01  -11.94    -4.8443    7.5993    7.8399   0.0596    76.99   RIGHT 
  108.00    0.00   4.213E-02    3.47  1.760E-01  -12.62    -4.9372    7.4779    7.7201   0.0630    76.99   RIGHT 
  110.00    0.00   4.163E-02    3.63  1.732E-01  -13.35    -5.0418    7.3405    7.5845   0.0666    76.99   RIGHT 
  112.00    0.00   4.107E-02    3.78  1.702E-01  -14.13    -5.1585    7.1869    7.4328   0.0705    77.00   RIGHT 
  114.00    0.00   4.047E-02    3.93  1.668E-01  -14.97    -5.2874    7.0166    7.2649   0.0746    77.00   RIGHT 
  116.00    0.00   3.981E-02    4.08  1.633E-01  -15.88    -5.4291    6.8296    7.0804   0.0791    77.01   RIGHT 
  118.00    0.00   3.911E-02    4.23  1.595E-01  -16.85    -5.5839    6.6254    6.8790   0.0838    77.02   RIGHT 
  120.00    0.00   3.836E-02    4.37  1.555E-01  -17.90    -5.7523    6.4038    6.6604   0.0888    77.04   RIGHT 
  122.00    0.00   3.756E-02    4.51  1.513E-01  -19.03    -5.9348    6.1644    6.4243   0.0943    77.06   RIGHT 
  124.00    0.00   3.672E-02    4.65  1.468E-01  -20.24    -6.1320    5.9071    6.1705   0.1001    77.09   RIGHT 
  126.00    0.00   3.583E-02    4.79  1.423E-01  -21.55    -6.3447    5.6315    5.8986   0.1063    77.13   RIGHT 
  128.00    0.00   3.490E-02    4.92  1.375E-01  -22.96    -6.5735    5.3376    5.6086   0.1129    77.19   RIGHT 
  130.00    0.00   3.393E-02    5.05  1.327E-01  -24.49    -6.8194    5.0252    5.3003   0.1200    77.27   RIGHT 
  132.00    0.00   3.291E-02    5.17  1.277E-01  -26.14    -7.0834    4.6944    4.9736   0.1276    77.37   RIGHT 
  134.00    0.00   3.185E-02    5.29  1.227E-01  -27.93    -7.3665    4.3455    4.6289   0.1357    77.51   RIGHT 
  136.00    0.00   3.076E-02    5.41  1.176E-01  -29.87    -7.6701    3.9789    4.2663   0.1443    77.69   RIGHT 
  138.00    0.00   2.963E-02    5.52  1.125E-01  -31.97    -7.9957    3.5954    3.8865   0.1534    77.91   RIGHT 
  140.00    0.00   2.846E-02    5.63  1.075E-01  -34.26    -8.3449    3.1961    3.4905   0.1629    78.20   RIGHT 
  142.00    0.00   2.726E-02    5.73  1.025E-01  -36.74    -8.7198    2.7827    3.0796   0.1728    78.55   RIGHT 
  144.00    0.00   2.602E-02    5.83  9.758E-02  -39.44    -9.1226    2.3573    2.6557   0.1828    79.00   RIGHT 
  146.00    0.00   2.476E-02    5.93  9.282E-02  -42.37    -9.5560    1.9228    2.2213   0.1928    79.54   RIGHT 
  148.00    0.00   2.346E-02    6.02  8.823E-02  -45.55   -10.0234    1.4829    1.7796   0.2025    80.21   RIGHT 
  150.00    0.00   2.213E-02    6.10  8.387E-02  -48.98   -10.5285    1.0422    1.3346   0.2113    81.00   RIGHT 
  152.00    0.00   2.078E-02    6.18  7.976E-02  -52.68   -11.0760    0.6061    0.8913   0.2188    81.94   RIGHT 
  154.00    0.00   1.940E-02    6.26  7.595E-02  -56.65   -11.6716    0.1808    0.4554   0.2243    83.01   RIGHT 
  156.00    0.00   1.800E-02    6.32  7.247E-02  -60.88   -12.3225   -0.2267    0.0334   0.2268    84.20   RIGHT 
  158.00    0.00   1.658E-02    6.39  6.935E-02  -65.34   -13.0375   -0.6094   -0.3679   0.2257    85.48   RIGHT 
  160.00    0.00   1.514E-02    6.45  6.660E-02  -70.01   -13.8282   -0.9604   -0.7416   0.2203    86.80   RIGHT 
  162.00    0.00   1.368E-02    6.50  6.424E-02  -74.83   -14.7098   -1.2739   -1.0814   0.2103    88.08   RIGHT 
  164.00    0.00   1.220E-02    6.55  6.226E-02  -79.76   -15.7029   -1.5459   -1.3823   0.1955    89.25   RIGHT 
  166.00    0.00   1.071E-02    6.59  6.064E-02  -84.71   -16.8363   -1.7745   -1.6412   0.1765    90.24   RIGHT 
  168.00    0.00   9.202E-03    6.63  5.936E-02  -89.62   -18.1524   -1.9607   -1.8575   0.1541    90.99   RIGHT 
  170.00    0.00   7.685E-03    6.66  5.836E-02  -94.42   -19.7167   -2.1078   -2.0331   0.1291    91.48   RIGHT 
  172.00    0.00   6.159E-03    6.69  5.760E-02  -99.07   -21.6391   -2.2217   -2.1723   0.1028    91.68   RIGHT 
  174.00    0.00   4.626E-03    6.71  5.702E-02 -103.50   -24.1256   -2.3098   -2.2813   0.0761    91.61   RIGHT 
  176.00    0.00   3.087E-03    6.72  5.655E-02 -107.69   -27.6386   -2.3807   -2.3677   0.0497    91.30   RIGHT 
  178.00    0.00   1.545E-03    6.73  5.615E-02 -111.61   -33.6540   -2.4430   -2.4398   0.0242    90.75   RIGHT 
  180.00    0.00   0.000E+00    0.00  5.575E-02 -115.26  -999.9999   -2.5056   -2.5056   0.0000    90.00   LINEAR

     Gain is a factor of  1.00000E+00 (    0.00 dB) larger than directivity

       The directivity/gain is based on an active power of  9.22863E-05 W
       and on a power loss of  0.00000E+00 W 

 read from input file:                             
EN       0    0    0    0    0 0.000E+00 0.000E+00 0.000E+00 0.000E+00 0.000E+00 0.000E+00 0.000E+00 0.000E+00


                    SUMMARY OF REQUIRED TIMES IN SECONDS

                                            CPU-time      runtime
 Reading and constructing the geometry         0.004        0.004
 Checking the geometry                         0.000        0.000
 Initialisation of the Greens function         0.000        0.000
 Calcul. of coupling for PO/Fock               0.000        0.000
 Calcul. of matrix elements                    0.036        0.035
 Calcul. of right-hand side vector             0.000        0.001
 Preconditioning system of linear eqns.        0.000        0.000
 Solution of the system of linear eqns.        0.000        0.000
 Determination of surface currents             0.000        0.000
 Calcul. of impedances/powers/losses           0.061        0.060
 Calcul. of averaged SAR values                0.000        0.000
 Calcul. of power ideal receiving ant.         0.000        0.000
 Calcul. of cable coupling                     0.000        0.000
 Calcul. of electric near field                0.000        0.000
 Calcul. of magnetic near field                0.000        0.000
 Calcul. of far field                          0.012        0.012
                            other              0.001        0.001
                                         -----------  -----------
                         total times:          0.114        0.113
               (total times in hours:          0.000        0.000)

 Peak memory usage during the whole solution:   27.001 kByte

Finished: 2011-02-19 21:13:14                     
