FEKO      Version  55.353       from 2009-08-10 (FEKO Suite 5.5)
          PREFEKO version 34.46-92 from 2009-08-10                    BINARY
          CADFEKO_BATCH version 5.0.124623 from Aug 11 2009           
          Copyright (c) 1999-2009 EM Software & Systems-S.A. (Pty) Ltd     
          Intel(R) MKL version 10.2 (build 20090616) on Intel(R) Pentium(R) 4 processor with SSE3 (1 thread)
Computer: PC WIN32 MKL -- Supersonic                        
          Professional  (Build 7600), Version 6.1.7600
          Genuine Intel(R) CPU           T2400  @ 1.83GHz; GenuineIntel family 6 model 14 stepping 8 brand id 0
          1 physical CPU with a total of 2 processors found (multi-core CPU with max. 2 cores per physical CPU)
Date:     2011-02-19 21:13:18                     
File:     Yagui3_Gamma_Match_opt_2
Memory:   Limited to    2.000 GByte, reason  160
MD5 Check:0838AD93F1A2BFDB228BA8F4991DB07C
MD5 Total:EDB3510252220266C62467414572E6A4
Licence:  Nodelocked licence no.                                 

 Number of cores found on this CPU:  2
 (that many parallel processes may be run with your sequential FEKO licence)
 NOTE    35127: You are running a sequential version of FEKO, but it was detected that your CPU has more than one core. For best performance, it would be recommended to run the parallel FEKO kernel (your licence allows this)

          Scaling of the geometry with factor SKAL =  1.00000E-02

          Length of the segments in m:         1.16488998


                                DATA FOR MEMORY USAGE

 Number of metallic triangles:            0                   max. triangles:MAXNDR   =        0
 Number of dielectric triangles:          0
 Number of diel. GO triangles:            0
 Number of diel. windscreen tr.:          0
 Number of FEM surface triangles:         0
 Number of modal port triangles:          0
 Number of metallic segments:            25                   max. segments: MAXNSEG  =       25
 Number dielectr./magnet. cuboids:        0                   max. cuboids:  MAXNQUA  =        0
 Number of tetrahedral elements:          0                   max. tetrah.:  MAXNTETRA=        0
 Number of edges in PO region:            0                   max. edges:    MAXPOKA  =        0
 Number of wedges in PO region:           0                   max. wedges:   MAXPOKL  =        0
 Number of Fock regions:                  0                   max. Fock reg.:MAXFOGE  =        0
 Number of polygonal surfaces:            0                   max. surfaces: MAXPOLYF =        0
                                                              max. corner p.:MAXPOLYP =        0
 Number of UTD cylinders:                 0

 Number of metallic edges (MoM):            0  unknown:        0   max. edges:   MAXNKA    =        0
                                            0  unknown:        0   (magnet.) 
 Number of metallic edges (PO):             0  unknown:        0   (electr.)         0 (magnet.)
 Number of dielectric edges (MoM):          0  unknown:        0   (electr.) 
                                            0                  0   (magnet.) 
 Number of dielectric edges (PO):           0  unknown:        0   (electr.)         0 (magnet.)
 Number of edges FEM/MoM surface:           0  unknown:        0   (electr.) 
                                            0                  0   (magnet.) 
 Number of nodes between segments:         22  unknown:       22   max. nodes:   MAXNKNO   =       48
 Number of connection points:               0  unknown:        0   max. conn.:   MAXNV     =        0
 Number of dielectric cuboids:              0  unknown:        0   max. cuboids: MAXNQUA   =        0
 Number of magnetic cuboids:                0  unknown:        0

 Number of basis funct. for MoM:           22  unknown:       22   max. basisf.  MAXNZEILE =       48
 Number of basis funct. for PO:             0  unknown:        0   max. basisf.  MAXNKAPO  =        0

 read from input file:                             
FR       0    0    0    0    0 4.330E+08 0.000E+00 0.000E+00 0.000E+00 0.000E+00 0.000E+00 0.000E+00 0.000E+00
 read from input file:                             
A1       0    9    0    0    0 1.000E+00 0.000E+00 0.000E+00 0.000E+00 0.000E+00 0.000E+00 0.000E+00 0.000E+00
 read from input file:                             
A1       1    4    0    0    0-1.000E+00 0.000E+00 0.000E+00 0.000E+00 0.000E+00 0.000E+00 0.000E+00 0.000E+00
 read from input file:                             
DA       0    0    0    0    0 0.000E+00 0.000E+00 0.000E+00 0.000E+00 0.000E+00 0.000E+00 0.000E+00 0.000E+00
 read from input file:                             
DA       0    0    0    0    0 0.000E+00 0.000E+00 0.000E+00 0.000E+00 0.000E+00 0.000E+00 0.000E+00 0.000E+00
 read from input file:                             
OF       1    0    0    0    0 0.000E+00 0.000E+00 0.000E+00 0.000E+00 0.000E+00 0.000E+00 0.000E+00 0.000E+00
 read from input file:                             
FF       1  181    1    0    0-1.800E+02 0.000E+00 2.000E+00 0.000E+00 0.000E+00 0.000E+00 0.000E+00 0.000E+00


                              DATA FOR DIELECTRIC MEDIA

internal  relative     relative  conductivity   tan(delta)    tan(delta)    wavelength   mass density    volume     medium
index  permittivity permeability   in S/m       (electric)    (magnetic)       in m       in kg/m^3      in m^3
    0      1.00000      1.00000  0.00000E+00   0.00000E+00   0.00000E+00   6.92361E-01   0.00000E+00    infinite    0


                    EXCITATION BY VOLTAGE SOURCE AT SEGMENT

 Name:                        VoltageSource1
 Number of voltage source:    N =      1
 Frequency in Hz:             FREQ =  4.33000E+08
 Wavelength in m:             LAMBDA =  6.92361E-01
 Open circuit voltage in V:   |U0| =  1.00000E+00
 Phase in deg.:               ARG(U0) =     0.00
 Source at segment w. label:  ULA = Union2.Wire132.Port1
 Absolute number of segment:  UNR =     25
 Location of the excit. in m: X =  0.00000E+00
                              Y =  9.61613E-03
                              Z = -2.21600E-02
 Positive feed direction:     X =  0.00000E+00
                              Y =  1.00000E+00
                              Z =  0.00000E+00



                    EXCITATION BY VOLTAGE SOURCE AT SEGMENT

 Name:                        VoltageSource2
 Number of voltage source:    N =      2
 Frequency in Hz:             FREQ =  4.33000E+08
 Wavelength in m:             LAMBDA =  6.92361E-01
 Open circuit voltage in V:   |U0| =  1.00000E+00
 Phase in deg.:               ARG(U0) =  -180.00
 Source at segment w. label:  ULA = Union2.Wire131.Port2
 Absolute number of segment:  UNR =     16
 Location of the excit. in m: X =  0.00000E+00
                              Y = -9.61613E-03
                              Z =  0.00000E+00
 Positive feed direction:     X =  0.00000E+00
                              Y =  1.00000E+00
                              Z =  0.00000E+00



                         DATA FOR THE GREEN'S FUNCTION

                                   free space


     Segment        17 is too thick (radius/length= 4.16046E-01)
 WARNING   117: The ratio of the segment radius to length is too large

               All segments and triangles are perfectly conducting


                          DATA FOR STORAGE OF THE MATRIX

 Storage using single precision

 Memory requirement for MoM matrix:        32 rows *       22 columns =         704 complex numbers
 For the MoM matrix, a memory of          704 complex numbers is used (i.e.    5.500 kByte)
 Storing the matrix and solving the linear set of equations in main memory (case 1)

     A total memory of   26.281 kByte has been allocated dynamically
     (peak memory usage so far   26.281 kByte)



                    PRE-CONDITIONING OF THE LINEAR SET OF EQUATIONS

               Selected algorithm:     PCFLAG =    1
               CPU time for preconditioning:       0.000 seconds


                    SOLUTION OF THE LINEAR SET OF EQUATIONS WITH LAPAGAU

               Block size for the LU decomp.:    64
               Condition number of the matrix:  1.51346E+02

               Floating point performance for LU decomposition:
                    Not determined since computation time too short

     CPU time for solving the linear set of equations:       0.000 seconds


                         DATA OF THE VOLTAGE SOURCE NO.     1

                    real part  imag. part     magn.         phase
 Current   in A    1.8316E-05 -4.9342E-04  4.9376E-04      -87.87
 Admitt.   in A/V  1.8316E-05 -4.9342E-04  4.9376E-04      -87.87
 Impedance in Ohm  7.5128E+01  2.0239E+03  2.0253E+03       87.87
 Inductance  in H  7.4390E-07

                                   Power in Watt: 9.15822E-06


                         DATA OF THE VOLTAGE SOURCE NO.     2

                    real part  imag. part     magn.         phase
 Current   in A   -9.6883E-05  1.7344E-03  1.7371E-03       93.20
 Admitt.   in A/V  9.6883E-05 -1.7344E-03  1.7371E-03      -86.80
 Impedance in Ohm  3.2106E+01  5.7476E+02  5.7566E+02       86.80
 Inductance  in H  2.1126E-07

                                   Power in Watt: 4.84416E-05



                              SUMMARY OF LOSSES

          Metallic elements:                          0.0000E+00 W
          Dielectric (surface equiv. princ.):         0.0000E+00 W
          Dielectric (volume equiv. princ.):          0.0000E+00 W
          Dielectric (FEM region):                    0.0000E+00 W
          Mismatch at feed:                           0.0000E+00 W
          Non-radiating networks:                     0.0000E+00 W
          Backward power at passive waveguide ports:  0.0000E+00 W
          Backward power at passive modal ports:      0.0000E+00 W
                                                     -------------
                Sum of all losses:                    0.0000E+00 W

          Efficiency of the antenna:                    100.0000 %
          (based on a total active power:             5.7600E-05 W)


 Far-field request with name: FarField2



      VALUES OF THE SCATTERED ELECTRIC FIELD STRENGTH IN THE FAR FIELD in V
                    Factor e^(-j*BETA*R)/R not considered

          The following offset is in effect for the co-ordinates:
          X= 0.00000E+00 m  Y= 0.00000E+00 m  Z= 0.00000E+00 m

       LOCATION          ETHETA             EPHI              directivity in dB             POLARISATION
   THETA    PHI      magn.    phase     magn.    phase     vert.     horiz.    total     axial r. angle   direction
 -180.00    0.00   0.000E+00    0.00  5.614E-02 -100.81  -999.9999   -0.3976   -0.3976   0.0000    90.00   LINEAR
 -178.00    0.00   1.766E-03 -173.26  5.553E-02 -102.55   -30.4421   -0.4926   -0.4883   0.0300    89.40   LEFT  
 -176.00    0.00   3.530E-03 -173.27  5.483E-02 -104.13   -24.4267   -0.6023   -0.5843   0.0601    88.68   LEFT  
 -174.00    0.00   5.290E-03 -173.29  5.404E-02 -105.56   -20.9136   -0.7287   -0.6873   0.0905    87.86   LEFT  
 -172.00    0.00   7.043E-03 -173.31  5.314E-02 -106.82   -18.4271   -0.8739   -0.7983   0.1212    86.93   LEFT  
 -170.00    0.00   8.788E-03 -173.35  5.214E-02 -107.93   -16.5046   -1.0399   -0.9182   0.1525    85.89   LEFT  
 -168.00    0.00   1.052E-02 -173.38  5.102E-02 -108.86   -14.9403   -1.2285   -1.0475   0.1847    84.75   LEFT  
 -166.00    0.00   1.224E-02 -173.43  4.978E-02 -109.64   -13.6241   -1.4414   -1.1863   0.2180    83.49   LEFT  
 -164.00    0.00   1.395E-02 -173.48  4.843E-02 -110.24   -12.4906   -1.6805   -1.3343   0.2527    82.10   LEFT  
 -162.00    0.00   1.564E-02 -173.54  4.696E-02 -110.67   -11.4974   -1.9473   -1.4905   0.2891    80.57   LEFT  
 -160.00    0.00   1.731E-02 -173.60  4.539E-02 -110.91   -10.6157   -2.2435   -1.6537   0.3276    78.87   LEFT  
 -158.00    0.00   1.896E-02 -173.68  4.371E-02 -110.95    -9.8249   -2.5708   -1.8220   0.3686    76.95   LEFT  
 -156.00    0.00   2.059E-02 -173.75  4.194E-02 -110.79    -9.1098   -2.9308   -1.9929   0.4123    74.77   LEFT  
 -154.00    0.00   2.219E-02 -173.84  4.008E-02 -110.40    -8.4588   -3.3250   -2.1634   0.4589    72.23   LEFT  
 -152.00    0.00   2.377E-02 -173.93  3.814E-02 -109.76    -7.8631   -3.7549   -2.3300   0.5084    69.20   LEFT  
 -150.00    0.00   2.531E-02 -174.03  3.614E-02 -108.85    -7.3154   -4.2218   -2.4885   0.5604    65.46   LEFT  
 -148.00    0.00   2.683E-02 -174.13  3.410E-02 -107.62    -6.8102   -4.7269   -2.6345   0.6134    60.64   LEFT  
 -146.00    0.00   2.831E-02 -174.24  3.203E-02 -106.03    -6.3427   -5.2704   -2.7632   0.6637    54.22   LEFT  
 -144.00    0.00   2.976E-02 -174.35  2.996E-02 -104.04    -5.9091   -5.8521   -2.8702   0.7043  -134.44   LEFT  
 -142.00    0.00   3.118E-02 -174.47  2.790E-02 -101.56    -5.5061   -6.4698   -2.9510   0.7240  -145.36   LEFT  
 -140.00    0.00   3.255E-02 -174.60  2.589E-02  -98.53    -5.1311   -7.1193   -3.0021   0.7137  -156.90   LEFT  
 -138.00    0.00   3.389E-02 -174.73  2.396E-02  -94.84    -4.7817   -7.7925   -3.0209   0.6764  -166.80   LEFT  
 -136.00    0.00   3.518E-02 -174.87  2.215E-02  -90.41    -4.4560   -8.4756   -3.0062   0.6228  -174.31   LEFT  
 -134.00    0.00   3.644E-02 -175.01  2.050E-02  -85.12    -4.1522   -9.1476   -2.9578   0.5626  -179.91   LEFT  
 -132.00    0.00   3.764E-02 -175.16  1.907E-02  -78.91    -3.8689   -9.7779   -2.8773   0.5014   175.79   LEFT  
 -130.00    0.00   3.881E-02 -175.31  1.790E-02  -71.78    -3.6048  -10.3264   -2.7671   0.4420   172.33   LEFT  
 -128.00    0.00   3.992E-02 -175.46  1.705E-02  -63.82    -3.3587  -10.7483   -2.6311   0.3857   169.46   LEFT  
 -126.00    0.00   4.099E-02 -175.62  1.656E-02  -55.29    -3.1297  -11.0029   -2.4732   0.3330   167.00   LEFT  
 -124.00    0.00   4.200E-02 -175.79  1.643E-02  -46.55    -2.9169  -11.0673   -2.2983   0.2840   164.85   LEFT  
 -122.00    0.00   4.297E-02 -175.95  1.667E-02  -38.01    -2.7195  -10.9450   -2.1108   0.2387   162.93   LEFT  
 -120.00    0.00   4.388E-02 -176.13  1.722E-02  -30.00    -2.5369  -10.6642   -1.9152   0.1968   161.20   LEFT  
 -118.00    0.00   4.474E-02 -176.30  1.802E-02  -22.73    -2.3683  -10.2677   -1.7155   0.1581   159.64   LEFT  
 -116.00    0.00   4.555E-02 -176.48  1.902E-02  -16.28    -2.2134   -9.7997   -1.5155   0.1223   158.21   LEFT  
 -114.00    0.00   4.630E-02 -176.66  2.015E-02  -10.62    -2.0716   -9.2975   -1.3183   0.0890   156.91   LEFT  
 -112.00    0.00   4.699E-02 -176.85  2.136E-02   -5.66    -1.9426   -8.7892   -1.1266   0.0579   155.72   LEFT  
 -110.00    0.00   4.763E-02 -177.03  2.262E-02   -1.30    -1.8258   -8.2934   -0.9425   0.0289   154.64   LEFT  
 -108.00    0.00   4.820E-02 -177.22  2.388E-02    2.55    -1.7211   -7.8220   -0.7679   0.0016   153.65   LEFT  
 -106.00    0.00   4.872E-02 -177.41  2.512E-02    6.01    -1.6281   -7.3817   -0.6043   0.0243   152.75   RIGHT 
 -104.00    0.00   4.918E-02 -177.61  2.632E-02    9.13    -1.5466   -6.9760   -0.4526   0.0489   151.94   RIGHT 
 -102.00    0.00   4.958E-02 -177.80  2.747E-02   12.01    -1.4763   -6.6062   -0.3139   0.0726   151.20   RIGHT 
 -100.00    0.00   4.992E-02 -178.00  2.854E-02   14.68    -1.4172   -6.2723   -0.1886   0.0954   150.55   RIGHT 
  -98.00    0.00   5.020E-02 -178.20  2.954E-02   17.20    -1.3690   -5.9734   -0.0773   0.1176   149.97   RIGHT 
  -96.00    0.00   5.041E-02 -178.39  3.046E-02   19.60    -1.3317   -5.7082    0.0198   0.1394   149.46   RIGHT 
  -94.00    0.00   5.057E-02 -178.59  3.129E-02   21.93    -1.3051   -5.4751    0.1026   0.1609   149.02   RIGHT 
  -92.00    0.00   5.066E-02 -178.79  3.203E-02   24.20    -1.2891   -5.2725    0.1710   0.1823   148.64   RIGHT 
  -90.00    0.00   5.069E-02 -178.99  3.267E-02   26.44    -1.2838   -5.0986    0.2252   0.2037   148.33   RIGHT 
  -88.00    0.00   5.066E-02 -179.19  3.323E-02   28.68    -1.2891   -4.9515    0.2651   0.2253   148.08   RIGHT 
  -86.00    0.00   5.057E-02 -179.39  3.370E-02   30.93    -1.3050   -4.8294    0.2912   0.2472   147.89   RIGHT 
  -84.00    0.00   5.041E-02 -179.59  3.409E-02   33.21    -1.3317   -4.7305    0.3036   0.2696   147.76   RIGHT 
  -82.00    0.00   5.020E-02 -179.79  3.440E-02   35.52    -1.3690   -4.6527    0.3027   0.2926   147.69   RIGHT 
  -80.00    0.00   4.992E-02 -179.99  3.463E-02   37.89    -1.4172   -4.5941    0.2889   0.3164   147.68   RIGHT 
  -78.00    0.00   4.958E-02  179.81  3.479E-02   40.33    -1.4763   -4.5527    0.2627   0.3410   147.72   RIGHT 
  -76.00    0.00   4.918E-02  179.62  3.490E-02   42.84    -1.5465   -4.5263    0.2246   0.3666   147.82   RIGHT 
  -74.00    0.00   4.872E-02  179.43  3.495E-02   45.43    -1.6281   -4.5126    0.1752   0.3935   147.98   RIGHT 
  -72.00    0.00   4.820E-02  179.23  3.497E-02   48.11    -1.7210   -4.5094    0.1151   0.4217   148.20   RIGHT 
  -70.00    0.00   4.763E-02  179.05  3.495E-02   50.88    -1.8258   -4.5141    0.0452   0.4514   148.49   RIGHT 
  -68.00    0.00   4.699E-02  178.86  3.491E-02   53.75    -1.9425   -4.5242   -0.0340   0.4829   148.84   RIGHT 
  -66.00    0.00   4.630E-02  178.67  3.486E-02   56.70    -2.0716   -4.5372   -0.1214   0.5163   149.26   RIGHT 
  -64.00    0.00   4.555E-02  178.49  3.480E-02   59.75    -2.2134   -4.5504   -0.2163   0.5517   149.76   RIGHT 
  -62.00    0.00   4.474E-02  178.31  3.476E-02   62.87    -2.3683   -4.5614   -0.3176   0.5896   150.36   RIGHT 
  -60.00    0.00   4.388E-02  178.14  3.473E-02   66.07    -2.5368   -4.5678   -0.4244   0.6300   151.07   RIGHT 
  -58.00    0.00   4.297E-02  177.97  3.473E-02   69.33    -2.7195   -4.5676   -0.5356   0.6732   151.93   RIGHT 
  -56.00    0.00   4.200E-02  177.80  3.477E-02   72.62    -2.9168   -4.5589   -0.6504   0.7194   153.00   RIGHT 
  -54.00    0.00   4.099E-02  177.64  3.484E-02   75.94    -3.1297   -4.5405   -0.7678   0.7690   154.42   RIGHT 
  -52.00    0.00   3.992E-02  177.48  3.496E-02   79.27    -3.3587   -4.5117   -0.8867   0.8220   156.50   RIGHT 
  -50.00    0.00   3.881E-02  177.32  3.512E-02   82.57    -3.6047   -4.4723   -1.0066   0.8781   160.19   RIGHT 
  -48.00    0.00   3.764E-02  177.17  3.532E-02   85.83    -3.8688   -4.4227   -1.1266   0.9343   169.94   RIGHT 
  -46.00    0.00   3.644E-02  177.02  3.556E-02   89.03    -4.1521   -4.3639   -1.2464   0.9583  -152.45   RIGHT 
  -44.00    0.00   3.518E-02  176.88  3.583E-02   92.14    -4.4559   -4.2976   -1.3657   0.9106  -129.38   RIGHT 
  -42.00    0.00   3.389E-02  176.75  3.613E-02   95.15    -4.7816   -4.2259   -1.4845   0.8516  -123.17   RIGHT 
  -40.00    0.00   3.255E-02  176.61  3.644E-02   98.04    -5.1310   -4.1511   -1.6032   0.7940  -120.14   RIGHT 
  -38.00    0.00   3.118E-02  176.49  3.676E-02  100.80    -5.5060   -4.0761   -1.7222   0.7392  -118.10   RIGHT 
  -36.00    0.00   2.976E-02  176.37  3.706E-02  103.40    -5.9089   -4.0038   -1.8424   0.6873  -116.48   RIGHT 
  -34.00    0.00   2.831E-02  176.25  3.735E-02  105.86    -6.3426   -3.9372   -1.9652   0.6383  -115.05   RIGHT 
  -32.00    0.00   2.683E-02  176.14  3.760E-02  108.15    -6.8101   -3.8795   -2.0919   0.5921  -113.73   RIGHT 
  -30.00    0.00   2.531E-02  176.04  3.780E-02  110.27    -7.3153   -3.8338   -2.2243   0.5485  -112.46   RIGHT 
  -28.00    0.00   2.377E-02  175.94  3.793E-02  112.22    -7.8630   -3.8029   -2.3645   0.5073  -111.20   RIGHT 
  -26.00    0.00   2.219E-02  175.85  3.799E-02  113.98    -8.4587   -3.7899   -2.5147   0.4683  -109.95   RIGHT 
  -24.00    0.00   2.059E-02  175.77  3.795E-02  115.57    -9.1097   -3.7976   -2.6772   0.4314  -108.69   RIGHT 
  -22.00    0.00   1.896E-02  175.69  3.782E-02  116.97    -9.8248   -3.8287   -2.8547   0.3962  -107.41   RIGHT 
  -20.00    0.00   1.731E-02  175.62  3.757E-02  118.17   -10.6156   -3.8861   -3.0498   0.3625  -106.10   RIGHT 
  -18.00    0.00   1.564E-02  175.55  3.720E-02  119.17   -11.4973   -3.9723   -3.2652   0.3299  -104.75   RIGHT 
  -16.00    0.00   1.395E-02  175.49  3.670E-02  119.96   -12.4905   -4.0899   -3.5037   0.2982  -103.35   RIGHT 
  -14.00    0.00   1.224E-02  175.44  3.606E-02  120.53   -13.6240   -4.2416   -3.7678   0.2669  -101.90   RIGHT 
  -12.00    0.00   1.052E-02  175.40  3.529E-02  120.85   -14.9402   -4.4301   -4.0601   0.2354  -100.40   RIGHT 
  -10.00    0.00   8.788E-03  175.36  3.438E-02  120.91   -16.5045   -4.6577   -4.3828   0.2033   -98.82   RIGHT 
   -8.00    0.00   7.043E-03  175.33  3.333E-02  120.67   -18.4270   -4.9271   -4.7373   0.1698   -97.18   RIGHT 
   -6.00    0.00   5.290E-03  175.30  3.215E-02  120.10   -20.9135   -5.2404   -5.1243   0.1339   -95.46   RIGHT 
   -4.00    0.00   3.530E-03  175.29  3.084E-02  119.14   -24.4266   -5.5994   -5.5429   0.0947   -93.68   RIGHT 
   -2.00    0.00   1.766E-03  175.28  2.944E-02  117.73   -30.4420   -6.0049   -5.9893   0.0506   -91.85   RIGHT 
    0.00    0.00   0.000E+00    0.00  2.795E-02  115.80  -999.9999   -6.4563   -6.4563   0.0000   -90.00   LINEAR
    2.00    0.00   1.766E-03   -4.72  2.640E-02  113.22   -30.4420   -6.9498   -6.9304   0.0590   -88.20   LEFT  
    4.00    0.00   3.530E-03   -4.71  2.485E-02  109.89   -24.4266   -7.4770   -7.3902   0.1287   -86.56   LEFT  
    6.00    0.00   5.290E-03   -4.70  2.334E-02  105.65   -20.9135   -8.0218   -7.8042   0.2112   -85.28   LEFT  
    8.00    0.00   7.043E-03   -4.67  2.194E-02  100.35   -18.4270   -8.5566   -8.1307   0.3077   -84.74   LEFT  
   10.00    0.00   8.788E-03   -4.64  2.076E-02   93.90   -16.5045   -9.0385   -8.3225   0.4167   -85.65   LEFT  
   12.00    0.00   1.052E-02   -4.60  1.989E-02   86.27   -14.9402   -9.4090   -8.3375   0.5289   -89.36   LEFT  
   14.00    0.00   1.224E-02   -4.56  1.946E-02   77.65   -13.6240   -9.6021   -8.1529   0.6163   -97.89   LEFT  
   16.00    0.00   1.395E-02   -4.51  1.954E-02   68.46   -12.4905   -9.5631   -7.7744   0.6337  -110.23   LEFT  
   18.00    0.00   1.564E-02   -4.45  2.021E-02   59.28   -11.4973   -9.2731   -7.2341   0.5801    60.16   LEFT  
   20.00    0.00   1.731E-02   -4.38  2.144E-02   50.66   -10.6156   -8.7577   -6.5778   0.5012    55.31   LEFT  
   22.00    0.00   1.896E-02   -4.31  2.320E-02   42.99    -9.8248   -8.0747   -5.8519   0.4253    53.33   LEFT  
   24.00    0.00   2.059E-02   -4.23  2.539E-02   36.41    -9.1097   -7.2897   -5.0948   0.3599    52.77   LEFT  
   26.00    0.00   2.219E-02   -4.15  2.794E-02   30.90    -8.4587   -6.4587   -4.3343   0.3058    52.92   LEFT  
   28.00    0.00   2.377E-02   -4.06  3.076E-02   26.32    -7.8630   -5.6217   -3.5890   0.2613    53.41   LEFT  
   30.00    0.00   2.531E-02   -3.96  3.380E-02   22.53    -7.3153   -4.8039   -2.8702   0.2248    54.07   LEFT  
   32.00    0.00   2.683E-02   -3.86  3.700E-02   19.38    -6.8101   -4.0197   -2.1843   0.1946    54.79   LEFT  
   34.00    0.00   2.831E-02   -3.75  4.030E-02   16.76    -6.3426   -3.2766   -1.5342   0.1695    55.52   LEFT  
   36.00    0.00   2.976E-02   -3.63  4.368E-02   14.55    -5.9089   -2.5775   -0.9210   0.1484    56.24   LEFT  
   38.00    0.00   3.118E-02   -3.51  4.710E-02   12.68    -5.5060   -1.9228   -0.3446   0.1305    56.92   LEFT  
   40.00    0.00   3.255E-02   -3.39  5.053E-02   11.07    -5.1310   -1.3113    0.1962   0.1152    57.56   LEFT  
   42.00    0.00   3.389E-02   -3.25  5.396E-02    9.68    -4.7816   -0.7414    0.7026   0.1019    58.16   LEFT  
   44.00    0.00   3.518E-02   -3.12  5.736E-02    8.46    -4.4559   -0.2110    1.1761   0.0902    58.71   LEFT  
   46.00    0.00   3.644E-02   -2.98  6.071E-02    7.39    -4.1521    0.2823    1.6183   0.0799    59.23   LEFT  
   48.00    0.00   3.764E-02   -2.83  6.400E-02    6.42    -3.8688    0.7405    2.0309   0.0706    59.70   LEFT  
   50.00    0.00   3.881E-02   -2.68  6.721E-02    5.56    -3.6047    1.1658    2.4154   0.0623    60.13   LEFT  
   52.00    0.00   3.992E-02   -2.52  7.033E-02    4.76    -3.3587    1.5602    2.7731   0.0546    60.52   LEFT  
   54.00    0.00   4.099E-02   -2.36  7.335E-02    4.02    -3.1297    1.9254    3.1056   0.0475    60.88   LEFT  
   56.00    0.00   4.200E-02   -2.20  7.626E-02    3.33    -2.9168    2.2632    3.4139   0.0408    61.21   LEFT  
   58.00    0.00   4.297E-02   -2.03  7.905E-02    2.68    -2.7195    2.5751    3.6994   0.0345    61.52   LEFT  
   60.00    0.00   4.388E-02   -1.86  8.171E-02    2.06    -2.5368    2.8624    3.9631   0.0285    61.79   LEFT  
   62.00    0.00   4.474E-02   -1.69  8.423E-02    1.45    -2.3683    3.1265    4.2060   0.0227    62.04   LEFT  
   64.00    0.00   4.555E-02   -1.51  8.661E-02    0.86    -2.2134    3.3686    4.4290   0.0171    62.27   LEFT  
   66.00    0.00   4.630E-02   -1.33  8.884E-02    0.28    -2.0716    3.5897    4.6331   0.0115    62.48   LEFT  
   68.00    0.00   4.699E-02   -1.14  9.092E-02   -0.29    -1.9425    3.7907    4.8188   0.0060    62.67   LEFT  
   70.00    0.00   4.763E-02   -0.95  9.285E-02   -0.87    -1.8258    3.9727    4.9871   0.0006    62.84   LEFT  
   72.00    0.00   4.820E-02   -0.77  9.461E-02   -1.45    -1.7210    4.1363    5.1385   0.0049    63.00   RIGHT 
   74.00    0.00   4.872E-02   -0.57  9.622E-02   -2.05    -1.6281    4.2823    5.2736   0.0103    63.15   RIGHT 
   76.00    0.00   4.918E-02   -0.38  9.766E-02   -2.65    -1.5465    4.4114    5.3931   0.0159    63.28   RIGHT 
   78.00    0.00   4.958E-02   -0.19  9.893E-02   -3.26    -1.4763    4.5241    5.4972   0.0215    63.40   RIGHT 
   80.00    0.00   4.992E-02    0.01  1.000E-01   -3.90    -1.4172    4.6211    5.5867   0.0273    63.51   RIGHT 
   82.00    0.00   5.020E-02    0.21  1.010E-01   -4.55    -1.3690    4.7028    5.6617   0.0331    63.62   RIGHT 
   84.00    0.00   5.041E-02    0.41  1.018E-01   -5.23    -1.3317    4.7696    5.7227   0.0391    63.71   RIGHT 
   86.00    0.00   5.057E-02    0.61  1.024E-01   -5.93    -1.3050    4.8220    5.7700   0.0453    63.81   RIGHT 
   88.00    0.00   5.066E-02    0.81  1.028E-01   -6.66    -1.2891    4.8603    5.8039   0.0516    63.89   RIGHT 
   90.00    0.00   5.069E-02    1.01  1.031E-01   -7.42    -1.2838    4.8848    5.8247   0.0582    63.97   RIGHT 
   92.00    0.00   5.066E-02    1.21  1.033E-01   -8.21    -1.2891    4.8959    5.8326   0.0650    64.05   RIGHT 
   94.00    0.00   5.057E-02    1.41  1.032E-01   -9.04    -1.3051    4.8937    5.8278   0.0720    64.13   RIGHT 
   96.00    0.00   5.041E-02    1.61  1.031E-01   -9.90    -1.3317    4.8785    5.8104   0.0793    64.21   RIGHT 
   98.00    0.00   5.020E-02    1.80  1.027E-01  -10.81    -1.3690    4.8506    5.7806   0.0868    64.30   RIGHT 
  100.00    0.00   4.992E-02    2.00  1.022E-01  -11.76    -1.4172    4.8100    5.7386   0.0946    64.38   RIGHT 
  102.00    0.00   4.958E-02    2.20  1.016E-01  -12.76    -1.4763    4.7571    5.6845   0.1028    64.47   RIGHT 
  104.00    0.00   4.918E-02    2.39  1.009E-01  -13.80    -1.5466    4.6919    5.6183   0.1112    64.57   RIGHT 
  106.00    0.00   4.872E-02    2.59  9.997E-02  -14.90    -1.6281    4.6147    5.5403   0.1201    64.68   RIGHT 
  108.00    0.00   4.820E-02    2.78  9.895E-02  -16.06    -1.7211    4.5257    5.4505   0.1292    64.80   RIGHT 
  110.00    0.00   4.763E-02    2.97  9.781E-02  -17.27    -1.8258    4.4250    5.3490   0.1388    64.93   RIGHT 
  112.00    0.00   4.699E-02    3.15  9.656E-02  -18.55    -1.9426    4.3129    5.2360   0.1488    65.08   RIGHT 
  114.00    0.00   4.630E-02    3.34  9.520E-02  -19.90    -2.0716    4.1897    5.1117   0.1591    65.25   RIGHT 
  116.00    0.00   4.555E-02    3.52  9.374E-02  -21.32    -2.2134    4.0556    4.9762   0.1699    65.45   RIGHT 
  118.00    0.00   4.474E-02    3.70  9.219E-02  -22.82    -2.3683    3.9112    4.8297   0.1812    65.68   RIGHT 
  120.00    0.00   4.388E-02    3.87  9.057E-02  -24.41    -2.5369    3.7568    4.6727   0.1928    65.94   RIGHT 
  122.00    0.00   4.297E-02    4.05  8.888E-02  -26.07    -2.7195    3.5930    4.5053   0.2049    66.25   RIGHT 
  124.00    0.00   4.200E-02    4.21  8.713E-02  -27.83    -2.9169    3.4205    4.3281   0.2174    66.60   RIGHT 
  126.00    0.00   4.099E-02    4.38  8.534E-02  -29.69    -3.1297    3.2400    4.1415   0.2302    67.02   RIGHT 
  128.00    0.00   3.992E-02    4.54  8.351E-02  -31.64    -3.3587    3.0525    3.9462   0.2433    67.50   RIGHT 
  130.00    0.00   3.881E-02    4.69  8.167E-02  -33.70    -3.6048    2.8590    3.7430   0.2566    68.06   RIGHT 
  132.00    0.00   3.764E-02    4.84  7.983E-02  -35.87    -3.8689    2.6607    3.5327   0.2699    68.70   RIGHT 
  134.00    0.00   3.644E-02    4.99  7.800E-02  -38.14    -4.1522    2.4591    3.3163   0.2832    69.45   RIGHT 
  136.00    0.00   3.518E-02    5.13  7.619E-02  -40.53    -4.4560    2.2557    3.0951   0.2961    70.32   RIGHT 
  138.00    0.00   3.389E-02    5.27  7.443E-02  -43.03    -4.7817    2.0521    2.8703   0.3083    71.31   RIGHT 
  140.00    0.00   3.255E-02    5.40  7.272E-02  -45.63    -5.1311    1.8503    2.6435   0.3196    72.43   RIGHT 
  142.00    0.00   3.118E-02    5.53  7.108E-02  -48.35    -5.5061    1.6521    2.4163   0.3293    73.68   RIGHT 
  144.00    0.00   2.976E-02    5.65  6.952E-02  -51.16    -5.9091    1.4594    2.1904   0.3372    75.07   RIGHT 
  146.00    0.00   2.831E-02    5.76  6.805E-02  -54.06    -6.3427    1.2743    1.9676   0.3426    76.58   RIGHT 
  148.00    0.00   2.683E-02    5.87  6.669E-02  -57.03    -6.8102    1.0984    1.7500   0.3449    78.19   RIGHT 
  150.00    0.00   2.531E-02    5.97  6.543E-02  -60.08    -7.3154    0.9334    1.5391   0.3439    79.86   RIGHT 
  152.00    0.00   2.377E-02    6.07  6.429E-02  -63.17    -7.8631    0.7806    1.3369   0.3391    81.56   RIGHT 
  154.00    0.00   2.219E-02    6.16  6.327E-02  -66.28    -8.4588    0.6409    1.1448   0.3303    83.22   RIGHT 
  156.00    0.00   2.059E-02    6.25  6.236E-02  -69.41    -9.1098    0.5147    0.9642   0.3175    84.80   RIGHT 
  158.00    0.00   1.896E-02    6.32  6.155E-02  -72.52    -9.8249    0.4020    0.7958   0.3011    86.25   RIGHT 
  160.00    0.00   1.731E-02    6.40  6.085E-02  -75.60   -10.6157    0.3023    0.6403   0.2813    87.54   RIGHT 
  162.00    0.00   1.564E-02    6.46  6.024E-02  -78.63   -11.4974    0.2143    0.4977   0.2586    88.63   RIGHT 
  164.00    0.00   1.395E-02    6.52  5.970E-02  -81.57   -12.4906    0.1366    0.3675   0.2335    89.53   RIGHT 
  166.00    0.00   1.224E-02    6.57  5.922E-02  -84.43   -13.6241    0.0672    0.2490   0.2067    90.22   RIGHT 
  168.00    0.00   1.052E-02    6.62  5.879E-02  -87.18   -14.9403    0.0038    0.1407   0.1786    90.70   RIGHT 
  170.00    0.00   8.788E-03    6.65  5.839E-02  -89.80   -16.5046   -0.0561    0.0412   0.1495    90.99   RIGHT 
  172.00    0.00   7.043E-03    6.69  5.799E-02  -92.30   -18.4271   -0.1152   -0.0516   0.1199    91.10   RIGHT 
  174.00    0.00   5.290E-03    6.71  5.759E-02  -94.65   -20.9136   -0.1763   -0.1398   0.0900    91.04   RIGHT 
  176.00    0.00   3.530E-03    6.73  5.715E-02  -96.85   -24.4267   -0.2419   -0.2254   0.0600    90.83   RIGHT 
  178.00    0.00   1.766E-03    6.74  5.668E-02  -98.91   -30.4421   -0.3148   -0.3106   0.0300    90.48   RIGHT 
  180.00    0.00   0.000E+00    0.00  5.614E-02 -100.81  -999.9999   -0.3976   -0.3976   0.0000    90.00   LINEAR

     Gain is a factor of  1.00000E+00 (    0.00 dB) larger than directivity

       The directivity/gain is based on an active power of  5.75998E-05 W
       and on a power loss of  0.00000E+00 W 

 read from input file:                             
EN       0    0    0    0    0 0.000E+00 0.000E+00 0.000E+00 0.000E+00 0.000E+00 0.000E+00 0.000E+00 0.000E+00


                    SUMMARY OF REQUIRED TIMES IN SECONDS

                                            CPU-time      runtime
 Reading and constructing the geometry         0.002        0.002
 Checking the geometry                         0.000        0.000
 Initialisation of the Greens function         0.000        0.000
 Calcul. of coupling for PO/Fock               0.000        0.000
 Calcul. of matrix elements                    0.015        0.016
 Calcul. of right-hand side vector             0.000        0.000
 Preconditioning system of linear eqns.        0.000        0.000
 Solution of the system of linear eqns.        0.000        0.000
 Determination of surface currents             0.000        0.000
 Calcul. of impedances/powers/losses           0.022        0.022
 Calcul. of averaged SAR values                0.000        0.000
 Calcul. of power ideal receiving ant.         0.000        0.000
 Calcul. of cable coupling                     0.000        0.000
 Calcul. of electric near field                0.000        0.000
 Calcul. of magnetic near field                0.000        0.000
 Calcul. of far field                          0.013        0.013
                            other              0.004        0.003
                                         -----------  -----------
                         total times:          0.056        0.056
               (total times in hours:          0.000        0.000)

 Peak memory usage during the whole solution:   27.055 kByte

Finished: 2011-02-19 21:13:18                     
