FEKO      Version  55.353       from 2009-08-10 (FEKO Suite 5.5)
          PREFEKO version 34.46-92 from 2009-08-10                    BINARY
          CADFEKO_BATCH version 5.0.124623 from Aug 11 2009           
          Copyright (c) 1999-2009 EM Software & Systems-S.A. (Pty) Ltd     
          Intel(R) MKL version 10.2 (build 20090616) on Intel(R) Pentium(R) 4 processor with SSE3 (1 thread)
Computer: PC WIN32 MKL -- Supersonic                        
          Professional  (Build 7600), Version 6.1.7600
          Genuine Intel(R) CPU           T2400  @ 1.83GHz; GenuineIntel family 6 model 14 stepping 8 brand id 0
          1 physical CPU with a total of 2 processors found (multi-core CPU with max. 2 cores per physical CPU)
Date:     2011-02-26 19:45:51                     
File:     Yagui3_Boom_T-Match_opt_27
Memory:   Limited to    2.000 GByte, reason  160
MD5 Check:EB0EBBC7BB120D98E401E4F879226283
MD5 Total:CF51071059F7A6E6D24AF83DEA69CDFE
Licence:  Nodelocked licence no.                                 

 Number of cores found on this CPU:  2
 (that many parallel processes may be run with your sequential FEKO licence)
 NOTE    35127: You are running a sequential version of FEKO, but it was detected that your CPU has more than one core. For best performance, it would be recommended to run the parallel FEKO kernel (your licence allows this)


                    XZ-plane is a geometric plane of symmetry

          Mirroring in xz-plane: 
                                16 metallic segments
                               467 metallic triangles

          Scaling of the geometry with factor SKAL =  1.00000E-02

          Surface of all triangles in m*m:     0.0221953393

          Length of the segments in m:         1.31350428

   Minimum edge length of triangles in m:   0.000654616362 (edge  279)
   Maximum edge length of triangles in m:   0.0692477569 (edge  553)
 Ratio of the max/min edge length is   105.783724
 WARNING  1663: Inhomogeneous segmentation for triangles

   Minimum surface area of a triangle in m*m:   1.92877247E-007 (triangle  172)
   Maximum surface area of a triangle in m*m:   0.000396593204 (triangle  108)
 Ratio of the max/min triangle surface area is   2056.19486
 WARNING 33131: Inhomogeneous segmentation for triangles

 The segment no. 7 with radius   0.003 m
 at the connection point no. 1 is thick as compared to the
 edge length   0.00833321319 m of the connected triangle no. 103
 WARNING  2701: A wire segment at a connection point is too thick as compared to the triangle size

 The segment no. 7 with radius   0.003 m
 at the connection point no. 1 is thick as compared to the
 edge length   0.00879642914 m of the connected triangle no. 104
 WARNING  2701: A wire segment at a connection point is too thick as compared to the triangle size

 The segment no. 7 with radius   0.003 m
 at the connection point no. 1 is thick as compared to the
 edge length   0.00833321319 m of the connected triangle no. 105
 WARNING  2701: A wire segment at a connection point is too thick as compared to the triangle size

 The segment no. 7 with radius   0.003 m
 at the connection point no. 1 is thick as compared to the
 edge length   0.00879642914 m of the connected triangle no. 118
 WARNING  2701: A wire segment at a connection point is too thick as compared to the triangle size

 The segment no. 23 with radius   0.003 m
 at the connection point no. 3 is thick as compared to the
 edge length   0.00833321319 m of the connected triangle no. 570
 WARNING  2701: A wire segment at a connection point is too thick as compared to the triangle size

 The segment no. 23 with radius   0.003 m
 at the connection point no. 3 is thick as compared to the
 edge length   0.00879642914 m of the connected triangle no. 571
 WARNING  2701: A wire segment at a connection point is too thick as compared to the triangle size

 The segment no. 23 with radius   0.003 m
 at the connection point no. 3 is thick as compared to the
 edge length   0.00833321319 m of the connected triangle no. 572
 WARNING  2701: A wire segment at a connection point is too thick as compared to the triangle size

 The segment no. 23 with radius   0.003 m
 at the connection point no. 3 is thick as compared to the
 edge length   0.00879642914 m of the connected triangle no. 585
 WARNING  2701: A wire segment at a connection point is too thick as compared to the triangle size


                                DATA FOR MEMORY USAGE

 Number of metallic triangles:          934                   max. triangles:MAXNDR   =      934
 Number of dielectric triangles:          0
 Number of diel. GO triangles:            0
 Number of diel. windscreen tr.:          0
 Number of FEM surface triangles:         0
 Number of modal port triangles:          0
 Number of metallic segments:            33                   max. segments: MAXNSEG  =       33
 Number dielectr./magnet. cuboids:        0                   max. cuboids:  MAXNQUA  =        0
 Number of tetrahedral elements:          0                   max. tetrah.:  MAXNTETRA=        0
 Number of edges in PO region:            0                   max. edges:    MAXPOKA  =        0
 Number of wedges in PO region:           0                   max. wedges:   MAXPOKL  =        0
 Number of Fock regions:                  0                   max. Fock reg.:MAXFOGE  =        0
 Number of polygonal surfaces:            0                   max. surfaces: MAXPOLYF =        0
                                                              max. corner p.:MAXPOLYP =        0
 Number of UTD cylinders:                 0

 Number of metallic edges (MoM):         1345  unknown:     1345   max. edges:   MAXNKA    =     1401
                                            0  unknown:        0   (magnet.) 
 Number of metallic edges (PO):             0  unknown:        0   (electr.)         0 (magnet.)
 Number of dielectric edges (MoM):          0  unknown:        0   (electr.) 
                                            0                  0   (magnet.) 
 Number of dielectric edges (PO):           0  unknown:        0   (electr.)         0 (magnet.)
 Number of edges FEM/MoM surface:           0  unknown:        0   (electr.) 
                                            0                  0   (magnet.) 
 Number of nodes between segments:         31  unknown:       31   max. nodes:   MAXNKNO   =       60
 Number of connection points:               4  unknown:        4   max. conn.:   MAXNV     =       33
 Number of dielectric cuboids:              0  unknown:        0   max. cuboids: MAXNQUA   =        0
 Number of magnetic cuboids:                0  unknown:        0

 Number of basis funct. for MoM:         1380  unknown:     1380   max. basisf.  MAXNZEILE =     1494
 Number of basis funct. for PO:             0  unknown:        0   max. basisf.  MAXNKAPO  =        0

 read from input file:                             
FR       0    0    0    0    0 4.330E+08 0.000E+00 0.000E+00 0.000E+00 0.000E+00 0.000E+00 0.000E+00 0.000E+00
 read from input file:                             
A1       0   17    0    0    0 1.000E+00 0.000E+00 0.000E+00 0.000E+00 0.000E+00 0.000E+00 0.000E+00 0.000E+00
 read from input file:                             
DA       0    0    0    0    0 0.000E+00 0.000E+00 0.000E+00 0.000E+00 0.000E+00 0.000E+00 0.000E+00 0.000E+00
 read from input file:                             
DA       0    0    0    0    0 0.000E+00 0.000E+00 0.000E+00 0.000E+00 0.000E+00 0.000E+00 0.000E+00 0.000E+00
 read from input file:                             
OF       1    0    0    0    0 0.000E+00 0.000E+00 0.000E+00 0.000E+00 0.000E+00 0.000E+00 0.000E+00 0.000E+00
 read from input file:                             
FF       1  181    1    0    0-1.800E+02 0.000E+00 2.000E+00 0.000E+00 0.000E+00 0.000E+00 0.000E+00 0.000E+00


                              DATA FOR DIELECTRIC MEDIA

internal  relative     relative  conductivity   tan(delta)    tan(delta)    wavelength   mass density    volume     medium
index  permittivity permeability   in S/m       (electric)    (magnetic)       in m       in kg/m^3      in m^3
    0      1.00000      1.00000  0.00000E+00   0.00000E+00   0.00000E+00   6.92361E-01   0.00000E+00    infinite    0


                    EXCITATION BY VOLTAGE SOURCE AT SEGMENT

 Name:                        VoltageSource1
 Number of voltage source:    N =      1
 Frequency in Hz:             FREQ =  4.33000E+08
 Wavelength in m:             LAMBDA =  6.92361E-01
 Open circuit voltage in V:   |U0| =  1.00000E+00
 Phase in deg.:               ARG(U0) =     0.00
 Source at segment w. label:  ULA = Feed.Wire228.Port1
 Absolute number of segment:  UNR =     33
 Location of the excit. in m: X =  0.00000E+00
                              Y =  0.00000E+00
                              Z = -2.53155E-02
 Positive feed direction:     X =  0.00000E+00
                              Y =  1.00000E+00
                              Z =  0.00000E+00



                         DATA FOR THE GREEN'S FUNCTION

                                   free space


     Segment         4 is too thick (radius/length= 3.75000E-01)
 WARNING   117: The ratio of the segment radius to length is too large

     Segment         8 is too thick (radius/length= 3.75000E-01)
 WARNING   117: The ratio of the segment radius to length is too large

     Segment        20 is too thick (radius/length= 3.75000E-01)
 WARNING   117: The ratio of the segment radius to length is too large

     Segment        24 is too thick (radius/length= 3.75000E-01)
 WARNING   117: The ratio of the segment radius to length is too large

               All segments and triangles are perfectly conducting


                          DATA FOR STORAGE OF THE MATRIX

 Storage using single precision

 Memory requirement for MoM matrix:      1392 rows *     1380 columns =     1920960 complex numbers
 For the MoM matrix, a memory of      1920960 complex numbers is used (i.e.   14.656 MByte)
 Storing the matrix and solving the linear set of equations in main memory (case 1)

     A total memory of   15.089 MByte has been allocated dynamically
     (peak memory usage so far   15.089 MByte)



                    PRE-CONDITIONING OF THE LINEAR SET OF EQUATIONS

               Selected algorithm:     PCFLAG =    1
               CPU time for preconditioning:       0.086 seconds


                    SOLUTION OF THE LINEAR SET OF EQUATIONS WITH LAPAGAU

               Block size for the LU decomp.:    64
               Condition number of the matrix:  7.78949E+05

               Floating point performance for LU decomposition:
                          3634.334 MFLOPS(SP) for CPU-time       1.932 seconds
                          3632.453 MFLOPS(SP) for run-time       1.933 seconds

     CPU time for solving the linear set of equations:       2.096 seconds


                         DATA OF THE VOLTAGE SOURCE NO.     1

                    real part  imag. part     magn.         phase
 Current   in A    1.5047E-02  2.6955E-04  1.5049E-02        1.03
 Admitt.   in A/V  1.5047E-02  2.6955E-04  1.5049E-02        1.03
 Impedance in Ohm  6.6439E+01 -1.1902E+00  6.6450E+01       -1.03
 Capacitance in F  3.0882E-10

                                   Power in Watt: 7.52325E-03


                              SCATTERING PARAMETERS

       ports                                        magnitude          phase 
    sink source     real part   imag. part      linear      in dB     in deg.
 S     1      1   1.41273E-01 -8.77770E-03   1.41546E-01  -16.9821     -3.56
         Sum |S|^2 of these S-parameters:    2.00352E-02  -16.9821
         Reference impedance in Ohm:  5.00000E+01




                              SUMMARY OF LOSSES

          Metallic elements:                          0.0000E+00 W
          Dielectric (surface equiv. princ.):         0.0000E+00 W
          Dielectric (volume equiv. princ.):          0.0000E+00 W
          Dielectric (FEM region):                    0.0000E+00 W
          Mismatch at feed:                           0.0000E+00 W
          Non-radiating networks:                     0.0000E+00 W
          Backward power at passive waveguide ports:  0.0000E+00 W
          Backward power at passive modal ports:      0.0000E+00 W
                                                     -------------
                Sum of all losses:                    0.0000E+00 W

          Efficiency of the antenna:                    100.0000 %
          (based on a total active power:             7.5233E-03 W)


 Far-field request with name: FarField2



      VALUES OF THE SCATTERED ELECTRIC FIELD STRENGTH IN THE FAR FIELD in V
                    Factor e^(-j*BETA*R)/R not considered

          The following offset is in effect for the co-ordinates:
          X= 0.00000E+00 m  Y= 0.00000E+00 m  Z= 0.00000E+00 m

       LOCATION          ETHETA             EPHI              directivity in dB             POLARISATION
   THETA    PHI      magn.    phase     magn.    phase     vert.     horiz.    total     axial r. angle   direction
 -180.00    0.00   8.257E-07  -65.67  1.397E-01 -163.85  -999.9999  -13.6404  -13.6404   0.0000   -90.00   LINEAR
 -178.00    0.00   8.338E-07  -65.03  1.282E-01 -177.49  -999.9999  -14.3849  -14.3849   0.0000   -90.00   LINEAR
 -176.00    0.00   8.408E-07  -64.39  1.238E-01  168.56  -999.9999  -14.6884  -14.6884   0.0000   -90.00   LINEAR
 -174.00    0.00   8.469E-07  -63.75  1.251E-01  155.67  -999.9999  -14.5971  -14.5971   0.0000   -90.00   LINEAR
 -172.00    0.00   8.521E-07  -63.12  1.301E-01  144.64  -999.9999  -14.2560  -14.2560   0.0000   -90.00   LINEAR
 -170.00    0.00   8.564E-07  -62.49  1.369E-01  135.56  -999.9999  -13.8163  -13.8163   0.0000   -90.00   LINEAR
 -168.00    0.00   8.598E-07  -61.88  1.439E-01  128.18  -999.9999  -13.3834  -13.3834   0.0000   -90.00   LINEAR
 -166.00    0.00   8.624E-07  -61.29  1.501E-01  122.11  -999.9999  -13.0173  -13.0173   0.0000   -90.00   LINEAR
 -164.00    0.00   8.643E-07  -60.71  1.548E-01  117.02  -999.9999  -12.7476  -12.7476   0.0000   -90.00   LINEAR
 -162.00    0.00   8.654E-07  -60.16  1.577E-01  112.63  -999.9999  -12.5879  -12.5879   0.0000   -90.00   LINEAR
 -160.00    0.00   8.659E-07  -59.63  1.585E-01  108.72  -999.9999  -12.5446  -12.5446   0.0000   -90.00   LINEAR
 -158.00    0.00   8.657E-07  -59.12  1.571E-01  105.11  -999.9999  -12.6216  -12.6216   0.0000   -90.00   LINEAR
 -156.00    0.00   8.649E-07  -58.65  1.535E-01  101.67  -999.9999  -12.8229  -12.8229   0.0000   -90.00   LINEAR
 -154.00    0.00   8.635E-07  -58.22  1.477E-01   98.26  -999.9999  -13.1542  -13.1542   0.0000   -90.00   LINEAR
 -152.00    0.00   8.616E-07  -57.83  1.399E-01   94.71  -999.9999  -13.6238  -13.6238   0.0000   -90.00   LINEAR
 -150.00    0.00   8.592E-07  -57.47  1.303E-01   90.87  -999.9999  -14.2434  -14.2434   0.0000   -90.00   LINEAR
 -148.00    0.00   8.564E-07  -57.17  1.190E-01   86.48  -117.8893  -15.0282  -15.0282   0.0000   -90.00   LINEAR
 -146.00    0.00   8.531E-07  -56.91  1.065E-01   81.21  -117.9228  -15.9959  -15.9959   0.0000   -90.00   LINEAR
 -144.00    0.00   8.494E-07  -56.71  9.313E-02   74.50  -117.9606  -17.1606  -17.1606   0.0000   -90.00   LINEAR
 -142.00    0.00   8.453E-07  -56.56  7.972E-02   65.47  -118.0024  -18.5117  -18.5117   0.0000   -90.00   LINEAR
 -140.00    0.00   8.409E-07  -56.47  6.753E-02   52.78  -118.0480  -19.9521  -19.9521   0.0000   -90.00   LEFT  
 -138.00    0.00   8.361E-07  -56.44  5.876E-02   35.01  -118.0970  -21.1607  -21.1607   0.0000    90.00   LEFT  
 -136.00    0.00   8.311E-07  -56.48  5.630E-02   12.88  -118.1494  -21.5331  -21.5331   0.0000    90.00   LEFT  
 -134.00    0.00   8.258E-07  -56.58  6.182E-02   -8.85  -118.2049  -20.7201  -20.7201   0.0000    90.00   LINEAR
 -132.00    0.00   8.203E-07  -56.74  7.410E-02  -25.81  -118.2633  -19.1456  -19.1456   0.0000    90.00   LINEAR
 -130.00    0.00   8.145E-07  -56.98  9.070E-02  -37.72  -118.3243  -17.3900  -17.3900   0.0000    90.00   LINEAR
 -128.00    0.00   8.086E-07  -57.29  1.097E-01  -46.04  -118.3877  -15.7353  -15.7353   0.0000    90.00   LINEAR
 -126.00    0.00   8.025E-07  -57.66  1.301E-01  -52.05  -999.9999  -14.2591  -14.2591   0.0000    90.00   LINEAR
 -124.00    0.00   7.963E-07  -58.11  1.510E-01  -56.58  -999.9999  -12.9634  -12.9634   0.0000    90.00   LINEAR
 -122.00    0.00   7.900E-07  -58.63  1.720E-01  -60.12  -999.9999  -11.8297  -11.8297   0.0000    90.00   LINEAR
 -120.00    0.00   7.836E-07  -59.22  1.929E-01  -62.98  -999.9999  -10.8364  -10.8364   0.0000    90.00   LINEAR
 -118.00    0.00   7.771E-07  -59.89  2.133E-01  -65.36  -999.9999   -9.9644   -9.9644   0.0000    90.00   LINEAR
 -116.00    0.00   7.706E-07  -60.62  2.329E-01  -67.38  -999.9999   -9.1980   -9.1980   0.0000    90.00   LINEAR
 -114.00    0.00   7.640E-07  -61.42  2.517E-01  -69.14  -999.9999   -8.5242   -8.5242   0.0000    90.00   LINEAR
 -112.00    0.00   7.575E-07  -62.29  2.695E-01  -70.69  -999.9999   -7.9329   -7.9329   0.0000    90.00   LINEAR
 -110.00    0.00   7.509E-07  -63.23  2.860E-01  -72.09  -999.9999   -7.4156   -7.4156   0.0000    90.00   LINEAR
 -108.00    0.00   7.444E-07  -64.23  3.012E-01  -73.37  -999.9999   -6.9657   -6.9657   0.0000    90.00   LINEAR
 -106.00    0.00   7.379E-07  -65.29  3.149E-01  -74.55  -999.9999   -6.5777   -6.5777   0.0000    90.00   LINEAR
 -104.00    0.00   7.315E-07  -66.42  3.272E-01  -75.66  -999.9999   -6.2474   -6.2474   0.0000    90.00   LINEAR
 -102.00    0.00   7.251E-07  -67.60  3.377E-01  -76.72  -999.9999   -5.9712   -5.9712   0.0000    90.00   LINEAR
 -100.00    0.00   7.187E-07  -68.84  3.466E-01  -77.73  -999.9999   -5.7462   -5.7462   0.0000    90.00   LINEAR
  -98.00    0.00   7.124E-07  -70.12  3.537E-01  -78.72  -999.9999   -5.5705   -5.5705   0.0000    90.00   LINEAR
  -96.00    0.00   7.061E-07  -71.46  3.589E-01  -79.69  -999.9999   -5.4422   -5.4422   0.0000    90.00   LINEAR
  -94.00    0.00   6.999E-07  -72.85  3.623E-01  -80.67  -999.9999   -5.3602   -5.3602   0.0000    90.00   LINEAR
  -92.00    0.00   6.936E-07  -74.28  3.639E-01  -81.66  -999.9999   -5.3237   -5.3237   0.0000    90.00   LINEAR
  -90.00    0.00   6.874E-07  -75.75  3.635E-01  -82.67  -999.9999   -5.3323   -5.3323   0.0000    90.00   LINEAR
  -88.00    0.00   6.811E-07  -77.26  3.613E-01  -83.72  -999.9999   -5.3860   -5.3860   0.0000    90.00   LINEAR
  -86.00    0.00   6.748E-07  -78.81  3.572E-01  -84.83  -999.9999   -5.4852   -5.4852   0.0000    90.00   LINEAR
  -84.00    0.00   6.683E-07  -80.40  3.512E-01  -86.02  -999.9999   -5.6304   -5.6304   0.0000    90.00   LINEAR
  -82.00    0.00   6.618E-07  -82.02  3.436E-01  -87.31  -999.9999   -5.8225   -5.8225   0.0000    90.00   LINEAR
  -80.00    0.00   6.552E-07  -83.67  3.342E-01  -88.72  -999.9999   -6.0626   -6.0626   0.0000    90.00   LINEAR
  -78.00    0.00   6.483E-07  -85.36  3.232E-01  -90.29  -999.9999   -6.3521   -6.3521   0.0000    90.00   LINEAR
  -76.00    0.00   6.413E-07  -87.08  3.108E-01  -92.06  -999.9999   -6.6924   -6.6924   0.0000    90.00   LINEAR
  -74.00    0.00   6.340E-07  -88.83  2.971E-01  -94.08  -999.9999   -7.0847   -7.0847   0.0000    90.00   LINEAR
  -72.00    0.00   6.265E-07  -90.62  2.823E-01  -96.42  -999.9999   -7.5296   -7.5296   0.0000    90.00   LINEAR
  -70.00    0.00   6.187E-07  -92.44  2.666E-01  -99.14  -999.9999   -8.0268   -8.0268   0.0000    90.00   LINEAR
  -68.00    0.00   6.105E-07  -94.30  2.503E-01 -102.36  -999.9999   -8.5737   -8.5737   0.0000    90.00   LINEAR
  -66.00    0.00   6.020E-07  -96.20  2.338E-01 -106.19  -999.9999   -9.1639   -9.1639   0.0000    90.00   LINEAR
  -64.00    0.00   5.931E-07  -98.14  2.177E-01 -110.79  -999.9999   -9.7847   -9.7847   0.0000    90.00   LINEAR
  -62.00    0.00   5.839E-07 -100.13  2.025E-01 -116.30  -999.9999  -10.4132  -10.4132   0.0000    90.00   LINEAR
  -60.00    0.00   5.742E-07 -102.17  1.890E-01 -122.86  -999.9999  -11.0123  -11.0123   0.0000    90.00   LINEAR
  -58.00    0.00   5.642E-07 -104.27  1.781E-01 -130.55  -999.9999  -11.5280  -11.5280   0.0000    90.00   LINEAR
  -56.00    0.00   5.537E-07 -106.44  1.708E-01 -139.27  -999.9999  -11.8934  -11.8934   0.0000   -90.00   LINEAR
  -54.00    0.00   5.429E-07 -108.68  1.679E-01 -148.68  -999.9999  -12.0439  -12.0439   0.0000   -90.00   LINEAR
  -52.00    0.00   5.316E-07 -111.00  1.698E-01 -158.24  -999.9999  -11.9428  -11.9428   0.0000   -90.00   LINEAR
  -50.00    0.00   5.201E-07 -113.41  1.767E-01 -167.32  -999.9999  -11.5994  -11.5994   0.0000   -90.00   LINEAR
  -48.00    0.00   5.082E-07 -115.92  1.879E-01 -175.46  -999.9999  -11.0641  -11.0641   0.0000   -90.00   LINEAR
  -46.00    0.00   4.961E-07 -118.54  2.027E-01  177.59  -999.9999  -10.4050  -10.4050   0.0000   -90.00   LINEAR
  -44.00    0.00   4.838E-07 -121.29  2.202E-01  171.86  -999.9999   -9.6853   -9.6853   0.0000   -90.00   LINEAR
  -42.00    0.00   4.714E-07 -124.18  2.396E-01  167.23  -999.9999   -8.9525   -8.9525   0.0000   -90.00   LINEAR
  -40.00    0.00   4.589E-07 -127.22  2.602E-01  163.57  -999.9999   -8.2378   -8.2378   0.0000   -90.00   LINEAR
  -38.00    0.00   4.466E-07 -130.43  2.813E-01  160.72  -999.9999   -7.5595   -7.5595   0.0000   -90.00   LINEAR
  -36.00    0.00   4.345E-07 -133.82  3.025E-01  158.55  -999.9999   -6.9274   -6.9274   0.0000   -90.00   LINEAR
  -34.00    0.00   4.228E-07 -137.40  3.235E-01  156.96  -999.9999   -6.3459   -6.3459   0.0000   -90.00   LINEAR
  -32.00    0.00   4.117E-07 -141.19  3.438E-01  155.85  -999.9999   -5.8162   -5.8162   0.0000   -90.00   LINEAR
  -30.00    0.00   4.012E-07 -145.20  3.633E-01  155.17  -999.9999   -5.3378   -5.3378   0.0000   -90.00   LINEAR
  -28.00    0.00   3.917E-07 -149.41  3.817E-01  154.86  -999.9999   -4.9088   -4.9088   0.0000   -90.00   LINEAR
  -26.00    0.00   3.833E-07 -153.84  3.988E-01  154.89  -999.9999   -4.5273   -4.5273   0.0000   -90.00   LINEAR
  -24.00    0.00   3.763E-07 -158.46  4.146E-01  155.23  -999.9999   -4.1905   -4.1905   0.0000   -90.00   LINEAR
  -22.00    0.00   3.707E-07 -163.26  4.289E-01  155.86  -999.9999   -3.8958   -3.8958   0.0000   -90.00   LINEAR
  -20.00    0.00   3.668E-07 -168.20  4.417E-01  156.78  -999.9999   -3.6403   -3.6403   0.0000   -90.00   LINEAR
  -18.00    0.00   3.647E-07 -173.24  4.530E-01  157.98  -999.9999   -3.4209   -3.4209   0.0000   -90.00   LINEAR
  -16.00    0.00   3.645E-07 -178.32  4.628E-01  159.45  -999.9999   -3.2342   -3.2342   0.0000   -90.00   LINEAR
  -14.00    0.00   3.662E-07  176.61  4.713E-01  161.20  -999.9999   -3.0766   -3.0766   0.0000   -90.00   LINEAR
  -12.00    0.00   3.699E-07  171.60  4.786E-01  163.23  -999.9999   -2.9439   -2.9439   0.0000   -90.00   LINEAR
  -10.00    0.00   3.754E-07  166.71  4.848E-01  165.56  -999.9999   -2.8313   -2.8313   0.0000   -90.00   LINEAR
   -8.00    0.00   3.827E-07  161.98  4.903E-01  168.17  -999.9999   -2.7337   -2.7337   0.0000   -90.00   LINEAR
   -6.00    0.00   3.916E-07  157.45  4.953E-01  171.07  -999.9999   -2.6450   -2.6450   0.0000   -90.00   LINEAR
   -4.00    0.00   4.019E-07  153.14  5.003E-01  174.27  -999.9999   -2.5585   -2.5585   0.0000   -90.00   LINEAR
   -2.00    0.00   4.135E-07  149.08  5.056E-01  177.75  -999.9999   -2.4671   -2.4671   0.0000   -90.00   LINEAR
    0.00    0.00   4.260E-07  145.26  5.116E-01 -178.50  -999.9999   -2.3631   -2.3631   0.0000   -90.00   LINEAR
    2.00    0.00   4.394E-07  141.69  5.190E-01 -174.51  -999.9999   -2.2391   -2.2391   0.0000   -90.00   LINEAR
    4.00    0.00   4.533E-07  138.37  5.281E-01 -170.31  -999.9999   -2.0880   -2.0880   0.0000   -90.00   LINEAR
    6.00    0.00   4.676E-07  135.27  5.394E-01 -165.96  -999.9999   -1.9039   -1.9039   0.0000   -90.00   LINEAR
    8.00    0.00   4.821E-07  132.40  5.534E-01 -161.52  -999.9999   -1.6824   -1.6824   0.0000   -90.00   LINEAR
   10.00    0.00   4.966E-07  129.72  5.702E-01 -157.04  -999.9999   -1.4213   -1.4213   0.0000   -90.00   LINEAR
   12.00    0.00   5.110E-07  127.25  5.903E-01 -152.59  -999.9999   -1.1207   -1.1207   0.0000   -90.00   LINEAR
   14.00    0.00   5.251E-07  124.94  6.137E-01 -148.22  -999.9999   -0.7828   -0.7828   0.0000   -90.00   LINEAR
   16.00    0.00   5.387E-07  122.81  6.405E-01 -144.00  -999.9999   -0.4116   -0.4116   0.0000   -90.00   LINEAR
   18.00    0.00   5.518E-07  120.82  6.707E-01 -139.96  -999.9999   -0.0126   -0.0126   0.0000   -90.00   LINEAR
   20.00    0.00   5.642E-07  118.98  7.039E-01 -136.12  -999.9999    0.4081    0.4081   0.0000   -90.00   LINEAR
   22.00    0.00   5.758E-07  117.26  7.402E-01 -132.52  -999.9999    0.8442    0.8442   0.0000    90.00   LINEAR
   24.00    0.00   5.866E-07  115.66  7.791E-01 -129.15  -999.9999    1.2896    1.2896   0.0000    90.00   LINEAR
   26.00    0.00   5.964E-07  114.17  8.205E-01 -126.02  -999.9999    1.7388    1.7388   0.0000    90.00   LINEAR
   28.00    0.00   6.052E-07  112.78  8.639E-01 -123.12  -999.9999    2.1868    2.1868   0.0000    90.00   LINEAR
   30.00    0.00   6.129E-07  111.49  9.091E-01 -120.45  -999.9999    2.6296    2.6296   0.0000    90.00   LINEAR
   32.00    0.00   6.195E-07  110.28  9.557E-01 -117.98  -999.9999    3.0640    3.0640   0.0000    90.00   LINEAR
   34.00    0.00   6.249E-07  109.16  1.003E+00 -115.70  -999.9999    3.4872    3.4872   0.0000    90.00   LINEAR
   36.00    0.00   6.291E-07  108.11  1.052E+00 -113.61  -999.9999    3.8973    3.8973   0.0000    90.00   LINEAR
   38.00    0.00   6.321E-07  107.13  1.101E+00 -111.67  -999.9999    4.2928    4.2928   0.0000    90.00   LINEAR
   40.00    0.00   6.339E-07  106.22  1.150E+00 -109.90  -999.9999    4.6725    4.6725   0.0000    90.00   LINEAR
   42.00    0.00   6.343E-07  105.37  1.199E+00 -108.25  -999.9999    5.0358    5.0358   0.0000    90.00   LINEAR
   44.00    0.00   6.335E-07  104.58  1.248E+00 -106.74  -999.9999    5.3822    5.3822   0.0000    90.00   LINEAR
   46.00    0.00   6.314E-07  103.84  1.296E+00 -105.34  -999.9999    5.7115    5.7115   0.0000    90.00   LINEAR
   48.00    0.00   6.281E-07  103.16  1.344E+00 -104.05  -999.9999    6.0236    6.0236   0.0000    90.00   LINEAR
   50.00    0.00   6.234E-07  102.53  1.390E+00 -102.85  -999.9999    6.3185    6.3185   0.0000    90.00   LINEAR
   52.00    0.00   6.175E-07  101.94  1.435E+00 -101.74  -999.9999    6.5965    6.5965   0.0000    90.00   LINEAR
   54.00    0.00   6.104E-07  101.41  1.479E+00 -100.71  -999.9999    6.8578    6.8578   0.0000    90.00   LINEAR
   56.00    0.00   6.020E-07  100.91  1.521E+00  -99.76  -999.9999    7.1026    7.1026   0.0000    90.00   LINEAR
   58.00    0.00   5.924E-07  100.45  1.562E+00  -98.87  -999.9999    7.3313    7.3313   0.0000    90.00   LINEAR
   60.00    0.00   5.816E-07  100.04  1.601E+00  -98.05  -999.9999    7.5441    7.5441   0.0000    90.00   LINEAR
   62.00    0.00   5.697E-07   99.66  1.638E+00  -97.29  -999.9999    7.7415    7.7415   0.0000    90.00   LINEAR
   64.00    0.00   5.565E-07   99.32  1.672E+00  -96.58  -999.9999    7.9238    7.9238   0.0000    90.00   LINEAR
   66.00    0.00   5.423E-07   99.01  1.705E+00  -95.93  -999.9999    8.0912    8.0912   0.0000    90.00   LINEAR
   68.00    0.00   5.270E-07   98.74  1.735E+00  -95.32  -999.9999    8.2442    8.2442   0.0000    90.00   LINEAR
   70.00    0.00   5.106E-07   98.50  1.763E+00  -94.76  -999.9999    8.3830    8.3830   0.0000    90.00   LINEAR
   72.00    0.00   4.932E-07   98.29  1.789E+00  -94.24  -999.9999    8.5078    8.5078   0.0000    90.00   LINEAR
   74.00    0.00   4.748E-07   98.11  1.812E+00  -93.76  -999.9999    8.6190    8.6190   0.0000    90.00   LINEAR
   76.00    0.00   4.554E-07   97.96  1.832E+00  -93.32  -999.9999    8.7168    8.7168   0.0000    90.00   LINEAR
   78.00    0.00   4.351E-07   97.84  1.850E+00  -92.91  -999.9999    8.8013    8.8013   0.0000    90.00   LINEAR
   80.00    0.00   4.139E-07   97.75  1.865E+00  -92.54  -999.9999    8.8729    8.8729   0.0000    90.00   LINEAR
   82.00    0.00   3.918E-07   97.68  1.878E+00  -92.21  -999.9999    8.9315    8.9315   0.0000    90.00   LINEAR
   84.00    0.00   3.689E-07   97.64  1.888E+00  -91.90  -999.9999    8.9773    8.9773   0.0000    90.00   LINEAR
   86.00    0.00   3.452E-07   97.63  1.895E+00  -91.63  -999.9999    9.0104    9.0104   0.0000    90.00   LINEAR
   88.00    0.00   3.208E-07   97.64  1.900E+00  -91.38  -999.9999    9.0308    9.0308   0.0000    90.00   LINEAR
   90.00    0.00   2.956E-07   97.68  1.901E+00  -91.17  -999.9999    9.0386    9.0386   0.0000    90.00   LINEAR
   92.00    0.00   2.697E-07   97.75  1.900E+00  -90.98  -999.9999    9.0337    9.0337   0.0000    90.00   LINEAR
   94.00    0.00   2.431E-07   97.84  1.896E+00  -90.82  -999.9999    9.0160    9.0160   0.0000    90.00   LINEAR
   96.00    0.00   2.160E-07   97.96  1.890E+00  -90.69  -999.9999    8.9856    8.9856   0.0000    90.00   LINEAR
   98.00    0.00   1.882E-07   98.12  1.880E+00  -90.59  -999.9999    8.9421    8.9421   0.0000    90.00   LINEAR
  100.00    0.00   1.599E-07   98.32  1.868E+00  -90.51  -999.9999    8.8856    8.8856   0.0000    90.00   LINEAR
  102.00    0.00   1.312E-07   98.58  1.853E+00  -90.46  -999.9999    8.8156    8.8156   0.0000    90.00   LINEAR
  104.00    0.00   1.019E-07   98.92  1.835E+00  -90.44  -999.9999    8.7321    8.7321   0.0000    90.00   LINEAR
  106.00    0.00   7.231E-08   99.46  1.815E+00  -90.44  -999.9999    8.6347    8.6347   0.0000    90.00   LINEAR
  108.00    0.00   4.232E-08  100.53  1.792E+00  -90.47  -999.9999    8.5231    8.5231   0.0000    90.00   LINEAR
  110.00    0.00   1.207E-08  106.13  1.766E+00  -90.52  -999.9999    8.3969    8.3969   0.0000    90.00   LINEAR
  112.00    0.00   1.869E-08  -86.06  1.737E+00  -90.61  -999.9999    8.2556    8.2556   0.0000    90.00   LINEAR
  114.00    0.00   4.946E-08  -82.81  1.706E+00  -90.72  -999.9999    8.0989    8.0989   0.0000    90.00   LINEAR
  116.00    0.00   8.043E-08  -81.85  1.673E+00  -90.86  -999.9999    7.9262    7.9262   0.0000    90.00   LINEAR
  118.00    0.00   1.115E-07  -81.27  1.637E+00  -91.03  -999.9999    7.7369    7.7369   0.0000    90.00   LINEAR
  120.00    0.00   1.427E-07  -80.82  1.598E+00  -91.23  -999.9999    7.5304    7.5304   0.0000    90.00   LINEAR
  122.00    0.00   1.738E-07  -80.41  1.557E+00  -91.46  -999.9999    7.3059    7.3059   0.0000    90.00   LINEAR
  124.00    0.00   2.049E-07  -80.03  1.515E+00  -91.72  -999.9999    7.0629    7.0629   0.0000    90.00   LINEAR
  126.00    0.00   2.359E-07  -79.65  1.469E+00  -92.02  -999.9999    6.8003    6.8003   0.0000    90.00   LINEAR
  128.00    0.00   2.667E-07  -79.27  1.422E+00  -92.35  -999.9999    6.5174    6.5174   0.0000    90.00   LINEAR
  130.00    0.00   2.973E-07  -78.89  1.373E+00  -92.72  -999.9999    6.2132    6.2132   0.0000    90.00   LINEAR
  132.00    0.00   3.276E-07  -78.50  1.323E+00  -93.13  -999.9999    5.8865    5.8865   0.0000    90.00   LINEAR
  134.00    0.00   3.575E-07  -78.10  1.270E+00  -93.59  -999.9999    5.5362    5.5362   0.0000    90.00   LINEAR
  136.00    0.00   3.870E-07  -77.69  1.217E+00  -94.09  -999.9999    5.1611    5.1611   0.0000    90.00   LINEAR
  138.00    0.00   4.160E-07  -77.27  1.162E+00  -94.65  -999.9999    4.7597    4.7597   0.0000    90.00   LINEAR
  140.00    0.00   4.444E-07  -76.84  1.106E+00  -95.25  -999.9999    4.3304    4.3304   0.0000    90.00   LINEAR
  142.00    0.00   4.722E-07  -76.39  1.049E+00  -95.92  -999.9999    3.8716    3.8716   0.0000    90.00   LINEAR
  144.00    0.00   4.994E-07  -75.93  9.913E-01  -96.66  -999.9999    3.3813    3.3813   0.0000    90.00   LINEAR
  146.00    0.00   5.258E-07  -75.46  9.332E-01  -97.48  -999.9999    2.8574    2.8574   0.0000    90.00   LINEAR
  148.00    0.00   5.514E-07  -74.98  8.750E-01  -98.38  -999.9999    2.2975    2.2975   0.0000    90.00   LINEAR
  150.00    0.00   5.763E-07  -74.49  8.167E-01  -99.39  -999.9999    1.6990    1.6990   0.0000    90.00   LINEAR
  152.00    0.00   6.002E-07  -73.98  7.587E-01 -100.50  -999.9999    1.0589    1.0589   0.0000    90.00   LINEAR
  154.00    0.00   6.232E-07  -73.46  7.012E-01 -101.75  -999.9999    0.3738    0.3738   0.0000    90.00   LINEAR
  156.00    0.00   6.452E-07  -72.92  6.444E-01 -103.17  -999.9999   -0.3600   -0.3600   0.0000    90.00   LINEAR
  158.00    0.00   6.662E-07  -72.37  5.886E-01 -104.77  -999.9999   -1.1468   -1.1468   0.0000    90.00   LINEAR
  160.00    0.00   6.862E-07  -71.81  5.340E-01 -106.60  -999.9999   -1.9912   -1.9912   0.0000    90.00   LINEAR
  162.00    0.00   7.051E-07  -71.24  4.811E-01 -108.71  -999.9999   -2.8985   -2.8985   0.0000    90.00   LINEAR
  164.00    0.00   7.229E-07  -70.66  4.300E-01 -111.17  -999.9999   -3.8742   -3.8742   0.0000    90.00   LINEAR
  166.00    0.00   7.396E-07  -70.06  3.810E-01 -114.08  -999.9999   -4.9236   -4.9236   0.0000    90.00   LINEAR
  168.00    0.00   7.552E-07  -69.46  3.346E-01 -117.57  -999.9999   -6.0515   -6.0515   0.0000    90.00   LINEAR
  170.00    0.00   7.697E-07  -68.84  2.912E-01 -121.80  -999.9999   -7.2598   -7.2598   0.0000    90.00   LINEAR
  172.00    0.00   7.831E-07  -68.22  2.511E-01 -127.00  -999.9999   -8.5443   -8.5443   0.0000    90.00   LINEAR
  174.00    0.00   7.954E-07  -67.59  2.151E-01 -133.49  -999.9999   -9.8880   -9.8880   0.0000    90.00   LINEAR
  176.00    0.00   8.066E-07  -66.95  1.839E-01 -141.62  -999.9999  -11.2488  -11.2488   0.0000   -90.00   LINEAR
  178.00    0.00   8.167E-07  -66.31  1.585E-01 -151.71  -999.9999  -12.5439  -12.5439   0.0000   -90.00   LINEAR
  180.00    0.00   8.257E-07  -65.67  1.397E-01 -163.85  -999.9999  -13.6404  -13.6404   0.0000   -90.00   LINEAR

     Gain is a factor of  1.00000E+00 (    0.00 dB) larger than directivity

       The directivity/gain is based on an active power of  7.52325E-03 W
       and on a power loss of  0.00000E+00 W 

 read from input file:                             
EN       0    0    0    0    0 0.000E+00 0.000E+00 0.000E+00 0.000E+00 0.000E+00 0.000E+00 0.000E+00 0.000E+00


                    SUMMARY OF REQUIRED TIMES IN SECONDS

                                            CPU-time      runtime
 Reading and constructing the geometry         0.166        0.166
 Checking the geometry                         0.127        0.127
 Initialisation of the Greens function         0.000        0.000
 Calcul. of coupling for PO/Fock               0.000        0.000
 Calcul. of matrix elements                    6.218        6.218
 Calcul. of right-hand side vector             0.000        0.000
 Preconditioning system of linear eqns.        0.086        0.085
 Solution of the system of linear eqns.        2.096        2.096
 Determination of surface currents             0.000        0.000
 Calcul. of impedances/powers/losses           0.017        0.018
 Calcul. of averaged SAR values                0.000        0.000
 Calcul. of power ideal receiving ant.         0.000        0.000
 Calcul. of cable coupling                     0.000        0.000
 Calcul. of electric near field                0.000        0.000
 Calcul. of magnetic near field                0.000        0.000
 Calcul. of far field                          0.215        0.215
                            other              0.012        0.013
                                         -----------  -----------
                         total times:          8.937        8.938
               (total times in hours:          0.002        0.002)

 Peak memory usage during the whole solution:   15.137 MByte

Finished: 2011-02-26 19:46:00                     
